[2021/05/03-16:34:59] [restartedMain] [INFO ] [com.example.tgpmsystem.TgpmsystemApplication] : Starting TgpmsystemApplication using Java 1.8.0_191 on DESKTOP-UD6V6D5 with PID 13172 (E:\Project_IDEA\tgpmsystem\target\classes started by 陈香伶 in E:\Project_IDEA\tgpmsystem)
[2021/05/03-16:34:59] [restartedMain] [INFO ] [com.example.tgpmsystem.TgpmsystemApplication] : No active profile set, falling back to default profiles: default
[2021/05/03-16:35:09] [restartedMain] [INFO ] [com.example.tgpmsystem.TgpmsystemApplication] : Started TgpmsystemApplication in 11.195 seconds (JVM running for 14.006)
[2021/05/03-16:36:45] [http-nio-8080-exec-1] [INFO ] [com.example.tgpmsystem.service.impl.LoginServiceImpl] : ---------refreshToken 过期----------
[2021/05/03-16:42:11] [http-nio-8080-exec-5] [INFO ] [com.example.tgpmsystem.service.impl.LoginServiceImpl] : ---------refreshToken 过期----------
[2021/05/03-16:42:14] [http-nio-8080-exec-6] [INFO ] [com.example.tgpmsystem.service.impl.LoginServiceImpl] : ---------refreshToken 过期----------
[2021/05/03-16:42:23] [http-nio-8080-exec-7] [INFO ] [com.example.tgpmsystem.service.impl.LoginServiceImpl] : ---------refreshToken 过期----------
[2021/05/03-16:42:23] [http-nio-8080-exec-8] [INFO ] [com.example.tgpmsystem.service.impl.LoginServiceImpl] : ---------refreshToken 过期----------
[2021/05/03-16:42:55] [http-nio-8080-exec-9] [INFO ] [com.example.tgpmsystem.service.impl.LoginServiceImpl] : ---------refreshToken 过期----------
[2021/05/03-16:42:56] [http-nio-8080-exec-10] [INFO ] [com.example.tgpmsystem.service.impl.LoginServiceImpl] : ---------refreshToken 过期----------
[2021/05/03-17:03:24] [restartedMain] [INFO ] [com.example.tgpmsystem.TgpmsystemApplication] : Starting TgpmsystemApplication using Java 1.8.0_191 on DESKTOP-UD6V6D5 with PID 5152 (E:\Project_IDEA\tgpmsystem\target\classes started by 陈香伶 in E:\Project_IDEA\tgpmsystem)
[2021/05/03-17:03:24] [restartedMain] [INFO ] [com.example.tgpmsystem.TgpmsystemApplication] : No active profile set, falling back to default profiles: default
[2021/05/03-17:03:30] [restartedMain] [INFO ] [com.example.tgpmsystem.TgpmsystemApplication] : Started TgpmsystemApplication in 6.298 seconds (JVM running for 7.981)
[2021/05/03-20:13:26] [restartedMain] [INFO ] [com.example.tgpmsystem.TgpmsystemApplication] : Starting TgpmsystemApplication using Java 1.8.0_191 on DESKTOP-UD6V6D5 with PID 7420 (E:\Project_IDEA\tgpmsystem\target\classes started by 陈香伶 in E:\Project_IDEA\tgpmsystem)
[2021/05/03-20:13:26] [restartedMain] [INFO ] [com.example.tgpmsystem.TgpmsystemApplication] : No active profile set, falling back to default profiles: default
[2021/05/03-20:13:32] [restartedMain] [INFO ] [com.example.tgpmsystem.TgpmsystemApplication] : Started TgpmsystemApplication in 6.566 seconds (JVM running for 8.399)
[2021/05/03-20:31:00] [restartedMain] [INFO ] [com.example.tgpmsystem.TgpmsystemApplication] : Starting TgpmsystemApplication using Java 1.8.0_191 on DESKTOP-UD6V6D5 with PID 12660 (E:\Project_IDEA\tgpmsystem\target\classes started by 陈香伶 in E:\Project_IDEA\tgpmsystem)
[2021/05/03-20:31:00] [restartedMain] [INFO ] [com.example.tgpmsystem.TgpmsystemApplication] : No active profile set, falling back to default profiles: default
[2021/05/03-20:31:05] [restartedMain] [INFO ] [com.example.tgpmsystem.TgpmsystemApplication] : Started TgpmsystemApplication in 6.423 seconds (JVM running for 8.039)
[2021/05/03-21:18:14] [restartedMain] [INFO ] [com.example.tgpmsystem.TgpmsystemApplication] : Starting TgpmsystemApplication using Java 1.8.0_191 on DESKTOP-UD6V6D5 with PID 9504 (E:\Project_IDEA\tgpmsystem\target\classes started by 陈香伶 in E:\Project_IDEA\tgpmsystem)
[2021/05/03-21:18:14] [restartedMain] [INFO ] [com.example.tgpmsystem.TgpmsystemApplication] : No active profile set, falling back to default profiles: default
[2021/05/03-21:18:20] [restartedMain] [INFO ] [com.example.tgpmsystem.TgpmsystemApplication] : Started TgpmsystemApplication in 6.409 seconds (JVM running for 8.099)
[2021/05/03-21:18:27] [http-nio-8080-exec-1] [INFO ] [com.example.tgpmsystem.service.impl.ReportServiceImpl] : UploadProjVo{projTitle='哈哈哈', projOndate=null, projOffdate=null, projType='null', projForm='null', projDesc='null', studentList=null}
