[2021/05/04-13:45:29] [restartedMain] [INFO ] [com.example.tgpmsystem.TgpmsystemApplication] : Starting TgpmsystemApplication using Java 1.8.0_191 on DESKTOP-UD6V6D5 with PID 9032 (E:\Project_IDEA\tgpmsystem\target\classes started by 陈香伶 in E:\Project_IDEA\tgpmsystem)
[2021/05/04-13:45:29] [restartedMain] [INFO ] [com.example.tgpmsystem.TgpmsystemApplication] : No active profile set, falling back to default profiles: default
[2021/05/04-13:45:39] [restartedMain] [INFO ] [com.example.tgpmsystem.TgpmsystemApplication] : Started TgpmsystemApplication in 10.953 seconds (JVM running for 13.583)
[2021/05/04-13:52:15] [restartedMain] [INFO ] [com.example.tgpmsystem.TgpmsystemApplication] : Starting TgpmsystemApplication using Java 1.8.0_191 on DESKTOP-UD6V6D5 with PID 1128 (E:\Project_IDEA\tgpmsystem\target\classes started by 陈香伶 in E:\Project_IDEA\tgpmsystem)
[2021/05/04-13:52:15] [restartedMain] [INFO ] [com.example.tgpmsystem.TgpmsystemApplication] : No active profile set, falling back to default profiles: default
[2021/05/04-13:52:21] [restartedMain] [INFO ] [com.example.tgpmsystem.TgpmsystemApplication] : Started TgpmsystemApplication in 6.345 seconds (JVM running for 8.015)
[2021/05/04-13:54:09] [http-nio-8080-exec-2] [INFO ] [com.example.tgpmsystem.service.impl.ReportServiceImpl] : UploadProjVo{projTitle='哈哈哈哈', projOndate=Wed May 05 00:00:00 CST 2021, projOffdate=Tue Jun 22 00:00:00 CST 2021, projType='哈哈哈哈哈哈哈哈', projForm='哈哈哈哈哈哈哈哈哈哈', projDesc='哈哈哈哈哈哈哈哈', studentList=[835908943933865984, 835908947075399680]}
[2021/05/04-13:54:09] [http-nio-8080-exec-2] [INFO ] [com.example.tgpmsystem.service.impl.ReportServiceImpl] : student list == > [835908943933865984, 835908947075399680]
[2021/05/04-13:54:59] [http-nio-8080-exec-4] [INFO ] [com.example.tgpmsystem.service.impl.ReportServiceImpl] : UploadProjVo{projTitle='哈哈哈哈', projOndate=Wed May 05 00:00:00 CST 2021, projOffdate=Tue Jun 22 00:00:00 CST 2021, projType='哈哈哈哈哈哈哈哈', projForm='哈哈哈哈哈哈哈哈哈哈', projDesc='哈哈哈哈哈哈哈哈', studentList=[835908943933865984, 835908947075399680]}
[2021/05/04-13:54:59] [http-nio-8080-exec-4] [INFO ] [com.example.tgpmsystem.service.impl.ReportServiceImpl] : student list == > [835908943933865984, 835908947075399680]
[2021/05/04-13:59:12] [restartedMain] [INFO ] [com.example.tgpmsystem.TgpmsystemApplication] : Starting TgpmsystemApplication using Java 1.8.0_191 on DESKTOP-UD6V6D5 with PID 20880 (E:\Project_IDEA\tgpmsystem\target\classes started by 陈香伶 in E:\Project_IDEA\tgpmsystem)
[2021/05/04-13:59:12] [restartedMain] [INFO ] [com.example.tgpmsystem.TgpmsystemApplication] : No active profile set, falling back to default profiles: default
[2021/05/04-13:59:18] [restartedMain] [INFO ] [com.example.tgpmsystem.TgpmsystemApplication] : Started TgpmsystemApplication in 6.184 seconds (JVM running for 7.837)
[2021/05/04-14:03:20] [http-nio-8080-exec-2] [INFO ] [com.example.tgpmsystem.service.impl.ReportServiceImpl] : UploadProjVo{projTitle='桃园三结义', projOndate=Tue May 11 00:00:00 CST 2021, projOffdate=Tue Jun 15 00:00:00 CST 2021, projType='为了共同干一番大事业的目标，意气相投，言行相依，选在一个桃花盛开的季节、选在一个桃花绚烂的园林', projForm='举酒结义，对天盟誓，有苦同受，有难同当，有福同享，共同实现自己人生的美好理想', projDesc='桃园三结义是《三国演义》中的第一个故事。提起刘备、关羽和张飞，人们总是会联想到他们早年在涿郡张飞庄后那花开正盛的桃园，备下乌牛白马，祭告天地，焚香再拜，结为异姓兄弟，不求同年同月同日生，只愿同年同月同日死。人们一直传诵着这个故事，也一次次有人效仿着焚香结义。梁启超在一篇文章中便谈到："今我国民绿林豪杰，遍地皆是，日日有桃园之拜……"(《论小说与群治之关系》)清代一些会党如三合会等，在他们颇为庄重的', studentList=[835908944474931200, 835908946215567360, 835908947075399680]}
[2021/05/04-14:06:50] [restartedMain] [INFO ] [com.example.tgpmsystem.TgpmsystemApplication] : Starting TgpmsystemApplication using Java 1.8.0_191 on DESKTOP-UD6V6D5 with PID 22752 (E:\Project_IDEA\tgpmsystem\target\classes started by 陈香伶 in E:\Project_IDEA\tgpmsystem)
[2021/05/04-14:06:50] [restartedMain] [INFO ] [com.example.tgpmsystem.TgpmsystemApplication] : No active profile set, falling back to default profiles: default
[2021/05/04-14:06:56] [restartedMain] [INFO ] [com.example.tgpmsystem.TgpmsystemApplication] : Started TgpmsystemApplication in 6.416 seconds (JVM running for 8.206)
[2021/05/04-14:07:11] [http-nio-8080-exec-1] [INFO ] [com.example.tgpmsystem.service.impl.ReportServiceImpl] : UploadProjVo{projTitle='桃园三结义', projOndate=Tue May 11 00:00:00 CST 2021, projOffdate=Tue Jun 15 00:00:00 CST 2021, projType='为了共同干一番大事业的目标，意气相投，言行相依，选在一个桃花盛开的季节、选在一个桃花绚烂的园林', projForm='举酒结义，对天盟誓，有苦同受，有难同当，有福同享，共同实现自己人生的美好理想', projDesc='桃园三结义是《三国演义》中的第一个故事。提起刘备、关羽和张飞，人们总是会联想到他们早年在涿郡张飞庄后那花开正盛的桃园，备下乌牛白马，祭告天地，焚香再拜，结为异姓兄弟，不求同年同月同日生，只愿同年同月同日死。人们一直传诵着这个故事，也一次次有人效仿着焚香结义。梁启超在一篇文章中便谈到："今我国民绿林豪杰，遍地皆是，日日有桃园之拜……"(《论小说与群治之关系》)清代一些会党如三合会等，在他们颇为庄重的', studentList=[835908944474931200, 835908946215567360, 835908947075399680]}
[2021/05/04-14:14:04] [restartedMain] [INFO ] [com.example.tgpmsystem.TgpmsystemApplication] : Starting TgpmsystemApplication using Java 1.8.0_191 on DESKTOP-UD6V6D5 with PID 11288 (E:\Project_IDEA\tgpmsystem\target\classes started by 陈香伶 in E:\Project_IDEA\tgpmsystem)
[2021/05/04-14:14:04] [restartedMain] [INFO ] [com.example.tgpmsystem.TgpmsystemApplication] : No active profile set, falling back to default profiles: default
[2021/05/04-14:14:10] [restartedMain] [INFO ] [com.example.tgpmsystem.TgpmsystemApplication] : Started TgpmsystemApplication in 6.153 seconds (JVM running for 7.837)
[2021/05/04-14:17:29] [restartedMain] [INFO ] [com.example.tgpmsystem.TgpmsystemApplication] : Starting TgpmsystemApplication using Java 1.8.0_191 on DESKTOP-UD6V6D5 with PID 17020 (E:\Project_IDEA\tgpmsystem\target\classes started by 陈香伶 in E:\Project_IDEA\tgpmsystem)
[2021/05/04-14:17:29] [restartedMain] [INFO ] [com.example.tgpmsystem.TgpmsystemApplication] : No active profile set, falling back to default profiles: default
[2021/05/04-14:17:35] [restartedMain] [INFO ] [com.example.tgpmsystem.TgpmsystemApplication] : Started TgpmsystemApplication in 6.159 seconds (JVM running for 7.786)
[2021/05/04-14:32:40] [restartedMain] [INFO ] [com.example.tgpmsystem.TgpmsystemApplication] : Starting TgpmsystemApplication using Java 1.8.0_191 on DESKTOP-UD6V6D5 with PID 16824 (E:\Project_IDEA\tgpmsystem\target\classes started by 陈香伶 in E:\Project_IDEA\tgpmsystem)
[2021/05/04-14:32:40] [restartedMain] [INFO ] [com.example.tgpmsystem.TgpmsystemApplication] : No active profile set, falling back to default profiles: default
[2021/05/04-14:32:46] [restartedMain] [INFO ] [com.example.tgpmsystem.TgpmsystemApplication] : Started TgpmsystemApplication in 6.252 seconds (JVM running for 7.867)
[2021/05/04-15:15:52] [restartedMain] [INFO ] [com.example.tgpmsystem.TgpmsystemApplication] : Starting TgpmsystemApplication using Java 1.8.0_191 on DESKTOP-UD6V6D5 with PID 14304 (E:\Project_IDEA\tgpmsystem\target\classes started by 陈香伶 in E:\Project_IDEA\tgpmsystem)
[2021/05/04-15:15:52] [restartedMain] [INFO ] [com.example.tgpmsystem.TgpmsystemApplication] : No active profile set, falling back to default profiles: default
[2021/05/04-15:15:58] [restartedMain] [INFO ] [com.example.tgpmsystem.TgpmsystemApplication] : Started TgpmsystemApplication in 5.999 seconds (JVM running for 7.686)
[2021/05/04-15:42:17] [restartedMain] [INFO ] [com.example.tgpmsystem.TgpmsystemApplication] : Starting TgpmsystemApplication using Java 1.8.0_191 on DESKTOP-UD6V6D5 with PID 19140 (E:\Project_IDEA\tgpmsystem\target\classes started by 陈香伶 in E:\Project_IDEA\tgpmsystem)
[2021/05/04-15:42:17] [restartedMain] [INFO ] [com.example.tgpmsystem.TgpmsystemApplication] : No active profile set, falling back to default profiles: default
[2021/05/04-15:42:22] [restartedMain] [INFO ] [com.example.tgpmsystem.TgpmsystemApplication] : Started TgpmsystemApplication in 6.434 seconds (JVM running for 8.26)
[2021/05/04-15:56:01] [restartedMain] [INFO ] [com.example.tgpmsystem.TgpmsystemApplication] : Starting TgpmsystemApplication using Java 1.8.0_191 on DESKTOP-UD6V6D5 with PID 19424 (E:\Project_IDEA\tgpmsystem\target\classes started by 陈香伶 in E:\Project_IDEA\tgpmsystem)
[2021/05/04-15:56:01] [restartedMain] [INFO ] [com.example.tgpmsystem.TgpmsystemApplication] : No active profile set, falling back to default profiles: default
[2021/05/04-15:56:06] [restartedMain] [INFO ] [com.example.tgpmsystem.TgpmsystemApplication] : Started TgpmsystemApplication in 6.506 seconds (JVM running for 8.265)
[2021/05/04-16:43:26] [restartedMain] [INFO ] [com.example.tgpmsystem.TgpmsystemApplication] : Starting TgpmsystemApplication using Java 1.8.0_191 on DESKTOP-UD6V6D5 with PID 10088 (E:\Project_IDEA\tgpmsystem\target\classes started by 陈香伶 in E:\Project_IDEA\tgpmsystem)
[2021/05/04-16:43:26] [restartedMain] [INFO ] [com.example.tgpmsystem.TgpmsystemApplication] : No active profile set, falling back to default profiles: default
[2021/05/04-16:43:31] [restartedMain] [INFO ] [com.example.tgpmsystem.TgpmsystemApplication] : Started TgpmsystemApplication in 6.125 seconds (JVM running for 7.79)
