[2021/05/01-19:44:56] [restartedMain] [INFO ] [com.example.tgpmsystem.TgpmsystemApplication] : Starting TgpmsystemApplication using Java 1.8.0_191 on DESKTOP-UD6V6D5 with PID 21728 (E:\Project_IDEA\tgpmsystem\target\classes started by 陈香伶 in E:\Project_IDEA\tgpmsystem)
[2021/05/01-19:44:56] [restartedMain] [INFO ] [com.example.tgpmsystem.TgpmsystemApplication] : No active profile set, falling back to default profiles: default
[2021/05/01-19:45:06] [restartedMain] [INFO ] [com.example.tgpmsystem.TgpmsystemApplication] : Started TgpmsystemApplication in 10.386 seconds (JVM running for 12.869)
[2021/05/01-19:45:20] [http-nio-8080-exec-2] [INFO ] [com.example.tgpmsystem.service.impl.LoginServiceImpl] : checkTeaLogin tokenKey ==> 472d3a6aee1b3f71d216096020aa8880
[2021/05/01-19:45:20] [http-nio-8080-exec-2] [INFO ] [com.example.tgpmsystem.service.impl.LoginServiceImpl] : parseByTokenKey token ==> eyJhbGciOiJIUzI1NiJ9.eyJjb2xsZWdlIjoi6K6h566X5py656eR5a2m5a2m6ZmiIiwidG5vIjoiMTk5OTExMDIwNiIsInNleCI6IuWlsyIsIm5hbWUiOiLnmb3ogIHluIgiLCJyYW5rIjoi5Ymv5pWZ5o6IIiwiaWQiOiI4MzU5MDczNTk3MjQyNzM2NjQiLCJleHAiOjE2MTk4NzY3MTYsImVtYWlsIjoiMTk5OTExMDIwNkBxcS5jb20iLCJkaXJlY3Rpb24iOiLnvZHnu5znvJbnqIsiLCJzdGF0dXMiOiIxIn0.0tQm1zLP7wMybyNd_dnwObWPgJQnGZYiPi7uVzM5FhQ
[2021/05/01-19:45:20] [http-nio-8080-exec-2] [INFO ] [com.example.tgpmsystem.service.impl.LoginServiceImpl] : ----------token is not null-----------
[2021/05/01-19:45:20] [http-nio-8080-exec-2] [INFO ] [com.example.tgpmsystem.service.impl.LoginServiceImpl] : null
[2021/05/01-19:45:20] [http-nio-8080-exec-2] [INFO ] [com.example.tgpmsystem.service.impl.LoginServiceImpl] : ----------解析token-----------
[2021/05/01-19:45:20] [http-nio-8080-exec-2] [INFO ] [com.example.tgpmsystem.service.impl.LoginServiceImpl] : judgeAdmin tokenKey ==> null
[2021/05/01-19:45:20] [http-nio-8080-exec-2] [INFO ] [com.example.tgpmsystem.service.impl.LoginServiceImpl] : tokenKey ==> is null
[2021/05/01-19:46:08] [http-nio-8080-exec-6] [INFO ] [com.example.tgpmsystem.service.impl.LoginServiceImpl] : checkTeaLogin tokenKey ==> 472d3a6aee1b3f71d216096020aa8880
[2021/05/01-19:46:08] [http-nio-8080-exec-7] [INFO ] [com.example.tgpmsystem.service.impl.LoginServiceImpl] : checkTeaLogin tokenKey ==> 472d3a6aee1b3f71d216096020aa8880
[2021/05/01-19:46:08] [http-nio-8080-exec-6] [INFO ] [com.example.tgpmsystem.service.impl.LoginServiceImpl] : parseByTokenKey token ==> eyJhbGciOiJIUzI1NiJ9.eyJjb2xsZWdlIjoi6K6h566X5py656eR5a2m5a2m6ZmiIiwidG5vIjoiMTk5OTExMDIwNiIsInNleCI6IuWlsyIsIm5hbWUiOiLnmb3ogIHluIgiLCJyYW5rIjoi5Ymv5pWZ5o6IIiwiaWQiOiI4MzU5MDczNTk3MjQyNzM2NjQiLCJleHAiOjE2MTk4NzY3MTYsImVtYWlsIjoiMTk5OTExMDIwNkBxcS5jb20iLCJkaXJlY3Rpb24iOiLnvZHnu5znvJbnqIsiLCJzdGF0dXMiOiIxIn0.0tQm1zLP7wMybyNd_dnwObWPgJQnGZYiPi7uVzM5FhQ
[2021/05/01-19:46:08] [http-nio-8080-exec-6] [INFO ] [com.example.tgpmsystem.service.impl.LoginServiceImpl] : ----------token is not null-----------
[2021/05/01-19:46:08] [http-nio-8080-exec-7] [INFO ] [com.example.tgpmsystem.service.impl.LoginServiceImpl] : parseByTokenKey token ==> eyJhbGciOiJIUzI1NiJ9.eyJjb2xsZWdlIjoi6K6h566X5py656eR5a2m5a2m6ZmiIiwidG5vIjoiMTk5OTExMDIwNiIsInNleCI6IuWlsyIsIm5hbWUiOiLnmb3ogIHluIgiLCJyYW5rIjoi5Ymv5pWZ5o6IIiwiaWQiOiI4MzU5MDczNTk3MjQyNzM2NjQiLCJleHAiOjE2MTk4NzY3MTYsImVtYWlsIjoiMTk5OTExMDIwNkBxcS5jb20iLCJkaXJlY3Rpb24iOiLnvZHnu5znvJbnqIsiLCJzdGF0dXMiOiIxIn0.0tQm1zLP7wMybyNd_dnwObWPgJQnGZYiPi7uVzM5FhQ
[2021/05/01-19:46:08] [http-nio-8080-exec-6] [INFO ] [com.example.tgpmsystem.service.impl.LoginServiceImpl] : null
[2021/05/01-19:46:08] [http-nio-8080-exec-7] [INFO ] [com.example.tgpmsystem.service.impl.LoginServiceImpl] : ----------token is not null-----------
[2021/05/01-19:46:08] [http-nio-8080-exec-6] [INFO ] [com.example.tgpmsystem.service.impl.LoginServiceImpl] : ----------解析token-----------
[2021/05/01-19:46:08] [http-nio-8080-exec-7] [INFO ] [com.example.tgpmsystem.service.impl.LoginServiceImpl] : null
[2021/05/01-19:46:08] [http-nio-8080-exec-7] [INFO ] [com.example.tgpmsystem.service.impl.LoginServiceImpl] : ----------解析token-----------
[2021/05/01-19:47:13] [http-nio-8080-exec-1] [INFO ] [com.example.tgpmsystem.service.impl.LoginServiceImpl] : checkTeaLogin tokenKey ==> 472d3a6aee1b3f71d216096020aa8880
[2021/05/01-19:47:13] [http-nio-8080-exec-3] [INFO ] [com.example.tgpmsystem.service.impl.LoginServiceImpl] : checkTeaLogin tokenKey ==> 472d3a6aee1b3f71d216096020aa8880
[2021/05/01-19:47:13] [http-nio-8080-exec-1] [INFO ] [com.example.tgpmsystem.service.impl.LoginServiceImpl] : parseByTokenKey token ==> eyJhbGciOiJIUzI1NiJ9.eyJjb2xsZWdlIjoi6K6h566X5py656eR5a2m5a2m6ZmiIiwidG5vIjoiMTk5OTExMDIwNiIsInNleCI6IuWlsyIsIm5hbWUiOiLnmb3ogIHluIgiLCJyYW5rIjoi5Ymv5pWZ5o6IIiwiaWQiOiI4MzU5MDczNTk3MjQyNzM2NjQiLCJleHAiOjE2MTk4NzY3MTYsImVtYWlsIjoiMTk5OTExMDIwNkBxcS5jb20iLCJkaXJlY3Rpb24iOiLnvZHnu5znvJbnqIsiLCJzdGF0dXMiOiIxIn0.0tQm1zLP7wMybyNd_dnwObWPgJQnGZYiPi7uVzM5FhQ
[2021/05/01-19:47:13] [http-nio-8080-exec-1] [INFO ] [com.example.tgpmsystem.service.impl.LoginServiceImpl] : ----------token is not null-----------
[2021/05/01-19:47:13] [http-nio-8080-exec-3] [INFO ] [com.example.tgpmsystem.service.impl.LoginServiceImpl] : parseByTokenKey token ==> eyJhbGciOiJIUzI1NiJ9.eyJjb2xsZWdlIjoi6K6h566X5py656eR5a2m5a2m6ZmiIiwidG5vIjoiMTk5OTExMDIwNiIsInNleCI6IuWlsyIsIm5hbWUiOiLnmb3ogIHluIgiLCJyYW5rIjoi5Ymv5pWZ5o6IIiwiaWQiOiI4MzU5MDczNTk3MjQyNzM2NjQiLCJleHAiOjE2MTk4NzY3MTYsImVtYWlsIjoiMTk5OTExMDIwNkBxcS5jb20iLCJkaXJlY3Rpb24iOiLnvZHnu5znvJbnqIsiLCJzdGF0dXMiOiIxIn0.0tQm1zLP7wMybyNd_dnwObWPgJQnGZYiPi7uVzM5FhQ
[2021/05/01-19:47:13] [http-nio-8080-exec-3] [INFO ] [com.example.tgpmsystem.service.impl.LoginServiceImpl] : ----------token is not null-----------
[2021/05/01-19:47:13] [http-nio-8080-exec-1] [INFO ] [com.example.tgpmsystem.service.impl.LoginServiceImpl] : null
[2021/05/01-19:47:13] [http-nio-8080-exec-1] [INFO ] [com.example.tgpmsystem.service.impl.LoginServiceImpl] : ----------解析token-----------
[2021/05/01-19:47:13] [http-nio-8080-exec-3] [INFO ] [com.example.tgpmsystem.service.impl.LoginServiceImpl] : null
[2021/05/01-19:47:13] [http-nio-8080-exec-3] [INFO ] [com.example.tgpmsystem.service.impl.LoginServiceImpl] : ----------解析token-----------
[2021/05/01-19:48:13] [http-nio-8080-exec-5] [INFO ] [com.example.tgpmsystem.service.impl.LoginServiceImpl] : checkTeaLogin tokenKey ==> 472d3a6aee1b3f71d216096020aa8880
[2021/05/01-19:48:13] [http-nio-8080-exec-5] [INFO ] [com.example.tgpmsystem.service.impl.LoginServiceImpl] : parseByTokenKey token ==> eyJhbGciOiJIUzI1NiJ9.eyJjb2xsZWdlIjoi6K6h566X5py656eR5a2m5a2m6ZmiIiwidG5vIjoiMTk5OTExMDIwNiIsInNleCI6IuWlsyIsIm5hbWUiOiLnmb3ogIHluIgiLCJyYW5rIjoi5Ymv5pWZ5o6IIiwiaWQiOiI4MzU5MDczNTk3MjQyNzM2NjQiLCJleHAiOjE2MTk4NzY3MTYsImVtYWlsIjoiMTk5OTExMDIwNkBxcS5jb20iLCJkaXJlY3Rpb24iOiLnvZHnu5znvJbnqIsiLCJzdGF0dXMiOiIxIn0.0tQm1zLP7wMybyNd_dnwObWPgJQnGZYiPi7uVzM5FhQ
[2021/05/01-19:48:13] [http-nio-8080-exec-5] [INFO ] [com.example.tgpmsystem.service.impl.LoginServiceImpl] : ----------token is not null-----------
[2021/05/01-19:48:13] [http-nio-8080-exec-6] [INFO ] [com.example.tgpmsystem.service.impl.LoginServiceImpl] : checkTeaLogin tokenKey ==> 472d3a6aee1b3f71d216096020aa8880
[2021/05/01-19:48:13] [http-nio-8080-exec-6] [INFO ] [com.example.tgpmsystem.service.impl.LoginServiceImpl] : parseByTokenKey token ==> eyJhbGciOiJIUzI1NiJ9.eyJjb2xsZWdlIjoi6K6h566X5py656eR5a2m5a2m6ZmiIiwidG5vIjoiMTk5OTExMDIwNiIsInNleCI6IuWlsyIsIm5hbWUiOiLnmb3ogIHluIgiLCJyYW5rIjoi5Ymv5pWZ5o6IIiwiaWQiOiI4MzU5MDczNTk3MjQyNzM2NjQiLCJleHAiOjE2MTk4NzY3MTYsImVtYWlsIjoiMTk5OTExMDIwNkBxcS5jb20iLCJkaXJlY3Rpb24iOiLnvZHnu5znvJbnqIsiLCJzdGF0dXMiOiIxIn0.0tQm1zLP7wMybyNd_dnwObWPgJQnGZYiPi7uVzM5FhQ
[2021/05/01-19:48:13] [http-nio-8080-exec-6] [INFO ] [com.example.tgpmsystem.service.impl.LoginServiceImpl] : ----------token is not null-----------
[2021/05/01-19:48:13] [http-nio-8080-exec-5] [INFO ] [com.example.tgpmsystem.service.impl.LoginServiceImpl] : null
[2021/05/01-19:48:13] [http-nio-8080-exec-5] [INFO ] [com.example.tgpmsystem.service.impl.LoginServiceImpl] : ----------解析token-----------
[2021/05/01-19:48:13] [http-nio-8080-exec-6] [INFO ] [com.example.tgpmsystem.service.impl.LoginServiceImpl] : null
[2021/05/01-19:48:13] [http-nio-8080-exec-6] [INFO ] [com.example.tgpmsystem.service.impl.LoginServiceImpl] : ----------解析token-----------
[2021/05/01-19:48:40] [http-nio-8080-exec-7] [INFO ] [com.example.tgpmsystem.service.impl.LoginServiceImpl] : checkTeaLogin tokenKey ==> 472d3a6aee1b3f71d216096020aa8880
[2021/05/01-19:48:40] [http-nio-8080-exec-8] [INFO ] [com.example.tgpmsystem.service.impl.LoginServiceImpl] : checkTeaLogin tokenKey ==> 472d3a6aee1b3f71d216096020aa8880
[2021/05/01-19:48:40] [http-nio-8080-exec-7] [INFO ] [com.example.tgpmsystem.service.impl.LoginServiceImpl] : parseByTokenKey token ==> eyJhbGciOiJIUzI1NiJ9.eyJjb2xsZWdlIjoi6K6h566X5py656eR5a2m5a2m6ZmiIiwidG5vIjoiMTk5OTExMDIwNiIsInNleCI6IuWlsyIsIm5hbWUiOiLnmb3ogIHluIgiLCJyYW5rIjoi5Ymv5pWZ5o6IIiwiaWQiOiI4MzU5MDczNTk3MjQyNzM2NjQiLCJleHAiOjE2MTk4NzY3MTYsImVtYWlsIjoiMTk5OTExMDIwNkBxcS5jb20iLCJkaXJlY3Rpb24iOiLnvZHnu5znvJbnqIsiLCJzdGF0dXMiOiIxIn0.0tQm1zLP7wMybyNd_dnwObWPgJQnGZYiPi7uVzM5FhQ
[2021/05/01-19:48:40] [http-nio-8080-exec-7] [INFO ] [com.example.tgpmsystem.service.impl.LoginServiceImpl] : ----------token is not null-----------
[2021/05/01-19:48:40] [http-nio-8080-exec-8] [INFO ] [com.example.tgpmsystem.service.impl.LoginServiceImpl] : parseByTokenKey token ==> eyJhbGciOiJIUzI1NiJ9.eyJjb2xsZWdlIjoi6K6h566X5py656eR5a2m5a2m6ZmiIiwidG5vIjoiMTk5OTExMDIwNiIsInNleCI6IuWlsyIsIm5hbWUiOiLnmb3ogIHluIgiLCJyYW5rIjoi5Ymv5pWZ5o6IIiwiaWQiOiI4MzU5MDczNTk3MjQyNzM2NjQiLCJleHAiOjE2MTk4NzY3MTYsImVtYWlsIjoiMTk5OTExMDIwNkBxcS5jb20iLCJkaXJlY3Rpb24iOiLnvZHnu5znvJbnqIsiLCJzdGF0dXMiOiIxIn0.0tQm1zLP7wMybyNd_dnwObWPgJQnGZYiPi7uVzM5FhQ
[2021/05/01-19:48:40] [http-nio-8080-exec-8] [INFO ] [com.example.tgpmsystem.service.impl.LoginServiceImpl] : ----------token is not null-----------
[2021/05/01-19:48:40] [http-nio-8080-exec-7] [INFO ] [com.example.tgpmsystem.service.impl.LoginServiceImpl] : null
[2021/05/01-19:48:40] [http-nio-8080-exec-7] [INFO ] [com.example.tgpmsystem.service.impl.LoginServiceImpl] : ----------解析token-----------
[2021/05/01-19:48:40] [http-nio-8080-exec-8] [INFO ] [com.example.tgpmsystem.service.impl.LoginServiceImpl] : null
[2021/05/01-19:48:40] [http-nio-8080-exec-8] [INFO ] [com.example.tgpmsystem.service.impl.LoginServiceImpl] : ----------解析token-----------
[2021/05/01-19:49:18] [http-nio-8080-exec-10] [INFO ] [com.example.tgpmsystem.service.impl.LoginServiceImpl] : checkTeaLogin tokenKey ==> 472d3a6aee1b3f71d216096020aa8880
[2021/05/01-19:49:18] [http-nio-8080-exec-9] [INFO ] [com.example.tgpmsystem.service.impl.LoginServiceImpl] : checkTeaLogin tokenKey ==> 472d3a6aee1b3f71d216096020aa8880
[2021/05/01-19:49:18] [http-nio-8080-exec-10] [INFO ] [com.example.tgpmsystem.service.impl.LoginServiceImpl] : parseByTokenKey token ==> eyJhbGciOiJIUzI1NiJ9.eyJjb2xsZWdlIjoi6K6h566X5py656eR5a2m5a2m6ZmiIiwidG5vIjoiMTk5OTExMDIwNiIsInNleCI6IuWlsyIsIm5hbWUiOiLnmb3ogIHluIgiLCJyYW5rIjoi5Ymv5pWZ5o6IIiwiaWQiOiI4MzU5MDczNTk3MjQyNzM2NjQiLCJleHAiOjE2MTk4NzY3MTYsImVtYWlsIjoiMTk5OTExMDIwNkBxcS5jb20iLCJkaXJlY3Rpb24iOiLnvZHnu5znvJbnqIsiLCJzdGF0dXMiOiIxIn0.0tQm1zLP7wMybyNd_dnwObWPgJQnGZYiPi7uVzM5FhQ
[2021/05/01-19:49:18] [http-nio-8080-exec-10] [INFO ] [com.example.tgpmsystem.service.impl.LoginServiceImpl] : ----------token is not null-----------
[2021/05/01-19:49:18] [http-nio-8080-exec-9] [INFO ] [com.example.tgpmsystem.service.impl.LoginServiceImpl] : parseByTokenKey token ==> eyJhbGciOiJIUzI1NiJ9.eyJjb2xsZWdlIjoi6K6h566X5py656eR5a2m5a2m6ZmiIiwidG5vIjoiMTk5OTExMDIwNiIsInNleCI6IuWlsyIsIm5hbWUiOiLnmb3ogIHluIgiLCJyYW5rIjoi5Ymv5pWZ5o6IIiwiaWQiOiI4MzU5MDczNTk3MjQyNzM2NjQiLCJleHAiOjE2MTk4NzY3MTYsImVtYWlsIjoiMTk5OTExMDIwNkBxcS5jb20iLCJkaXJlY3Rpb24iOiLnvZHnu5znvJbnqIsiLCJzdGF0dXMiOiIxIn0.0tQm1zLP7wMybyNd_dnwObWPgJQnGZYiPi7uVzM5FhQ
[2021/05/01-19:49:18] [http-nio-8080-exec-9] [INFO ] [com.example.tgpmsystem.service.impl.LoginServiceImpl] : ----------token is not null-----------
[2021/05/01-19:49:18] [http-nio-8080-exec-9] [INFO ] [com.example.tgpmsystem.service.impl.LoginServiceImpl] : null
[2021/05/01-19:49:18] [http-nio-8080-exec-9] [INFO ] [com.example.tgpmsystem.service.impl.LoginServiceImpl] : ----------解析token-----------
[2021/05/01-19:49:18] [http-nio-8080-exec-10] [INFO ] [com.example.tgpmsystem.service.impl.LoginServiceImpl] : null
[2021/05/01-19:49:18] [http-nio-8080-exec-10] [INFO ] [com.example.tgpmsystem.service.impl.LoginServiceImpl] : ----------解析token-----------
[2021/05/01-19:49:35] [http-nio-8080-exec-3] [INFO ] [com.example.tgpmsystem.service.impl.LoginServiceImpl] : checkTeaLogin tokenKey ==> 472d3a6aee1b3f71d216096020aa8880
[2021/05/01-19:49:35] [http-nio-8080-exec-1] [INFO ] [com.example.tgpmsystem.service.impl.LoginServiceImpl] : checkTeaLogin tokenKey ==> 472d3a6aee1b3f71d216096020aa8880
[2021/05/01-19:49:35] [http-nio-8080-exec-1] [INFO ] [com.example.tgpmsystem.service.impl.LoginServiceImpl] : parseByTokenKey token ==> eyJhbGciOiJIUzI1NiJ9.eyJjb2xsZWdlIjoi6K6h566X5py656eR5a2m5a2m6ZmiIiwidG5vIjoiMTk5OTExMDIwNiIsInNleCI6IuWlsyIsIm5hbWUiOiLnmb3ogIHluIgiLCJyYW5rIjoi5Ymv5pWZ5o6IIiwiaWQiOiI4MzU5MDczNTk3MjQyNzM2NjQiLCJleHAiOjE2MTk4NzY3MTYsImVtYWlsIjoiMTk5OTExMDIwNkBxcS5jb20iLCJkaXJlY3Rpb24iOiLnvZHnu5znvJbnqIsiLCJzdGF0dXMiOiIxIn0.0tQm1zLP7wMybyNd_dnwObWPgJQnGZYiPi7uVzM5FhQ
[2021/05/01-19:49:35] [http-nio-8080-exec-1] [INFO ] [com.example.tgpmsystem.service.impl.LoginServiceImpl] : ----------token is not null-----------
[2021/05/01-19:49:35] [http-nio-8080-exec-3] [INFO ] [com.example.tgpmsystem.service.impl.LoginServiceImpl] : parseByTokenKey token ==> eyJhbGciOiJIUzI1NiJ9.eyJjb2xsZWdlIjoi6K6h566X5py656eR5a2m5a2m6ZmiIiwidG5vIjoiMTk5OTExMDIwNiIsInNleCI6IuWlsyIsIm5hbWUiOiLnmb3ogIHluIgiLCJyYW5rIjoi5Ymv5pWZ5o6IIiwiaWQiOiI4MzU5MDczNTk3MjQyNzM2NjQiLCJleHAiOjE2MTk4NzY3MTYsImVtYWlsIjoiMTk5OTExMDIwNkBxcS5jb20iLCJkaXJlY3Rpb24iOiLnvZHnu5znvJbnqIsiLCJzdGF0dXMiOiIxIn0.0tQm1zLP7wMybyNd_dnwObWPgJQnGZYiPi7uVzM5FhQ
[2021/05/01-19:49:35] [http-nio-8080-exec-3] [INFO ] [com.example.tgpmsystem.service.impl.LoginServiceImpl] : ----------token is not null-----------
[2021/05/01-19:49:35] [http-nio-8080-exec-1] [INFO ] [com.example.tgpmsystem.service.impl.LoginServiceImpl] : null
[2021/05/01-19:49:35] [http-nio-8080-exec-1] [INFO ] [com.example.tgpmsystem.service.impl.LoginServiceImpl] : ----------解析token-----------
[2021/05/01-19:49:35] [http-nio-8080-exec-3] [INFO ] [com.example.tgpmsystem.service.impl.LoginServiceImpl] : null
[2021/05/01-19:49:35] [http-nio-8080-exec-3] [INFO ] [com.example.tgpmsystem.service.impl.LoginServiceImpl] : ----------解析token-----------
[2021/05/01-19:50:03] [http-nio-8080-exec-4] [INFO ] [com.example.tgpmsystem.service.impl.LoginServiceImpl] : checkTeaLogin tokenKey ==> 472d3a6aee1b3f71d216096020aa8880
[2021/05/01-19:50:03] [http-nio-8080-exec-4] [INFO ] [com.example.tgpmsystem.service.impl.LoginServiceImpl] : parseByTokenKey token ==> eyJhbGciOiJIUzI1NiJ9.eyJjb2xsZWdlIjoi6K6h566X5py656eR5a2m5a2m6ZmiIiwidG5vIjoiMTk5OTExMDIwNiIsInNleCI6IuWlsyIsIm5hbWUiOiLnmb3ogIHluIgiLCJyYW5rIjoi5Ymv5pWZ5o6IIiwiaWQiOiI4MzU5MDczNTk3MjQyNzM2NjQiLCJleHAiOjE2MTk4NzY3MTYsImVtYWlsIjoiMTk5OTExMDIwNkBxcS5jb20iLCJkaXJlY3Rpb24iOiLnvZHnu5znvJbnqIsiLCJzdGF0dXMiOiIxIn0.0tQm1zLP7wMybyNd_dnwObWPgJQnGZYiPi7uVzM5FhQ
[2021/05/01-19:50:03] [http-nio-8080-exec-4] [INFO ] [com.example.tgpmsystem.service.impl.LoginServiceImpl] : ----------token is not null-----------
[2021/05/01-19:50:03] [http-nio-8080-exec-2] [INFO ] [com.example.tgpmsystem.service.impl.LoginServiceImpl] : checkTeaLogin tokenKey ==> 472d3a6aee1b3f71d216096020aa8880
[2021/05/01-19:50:03] [http-nio-8080-exec-4] [INFO ] [com.example.tgpmsystem.service.impl.LoginServiceImpl] : null
[2021/05/01-19:50:03] [http-nio-8080-exec-4] [INFO ] [com.example.tgpmsystem.service.impl.LoginServiceImpl] : ----------解析token-----------
[2021/05/01-19:50:03] [http-nio-8080-exec-2] [INFO ] [com.example.tgpmsystem.service.impl.LoginServiceImpl] : parseByTokenKey token ==> eyJhbGciOiJIUzI1NiJ9.eyJjb2xsZWdlIjoi6K6h566X5py656eR5a2m5a2m6ZmiIiwidG5vIjoiMTk5OTExMDIwNiIsInNleCI6IuWlsyIsIm5hbWUiOiLnmb3ogIHluIgiLCJyYW5rIjoi5Ymv5pWZ5o6IIiwiaWQiOiI4MzU5MDczNTk3MjQyNzM2NjQiLCJleHAiOjE2MTk4NzY3MTYsImVtYWlsIjoiMTk5OTExMDIwNkBxcS5jb20iLCJkaXJlY3Rpb24iOiLnvZHnu5znvJbnqIsiLCJzdGF0dXMiOiIxIn0.0tQm1zLP7wMybyNd_dnwObWPgJQnGZYiPi7uVzM5FhQ
[2021/05/01-19:50:03] [http-nio-8080-exec-2] [INFO ] [com.example.tgpmsystem.service.impl.LoginServiceImpl] : ----------token is not null-----------
[2021/05/01-19:50:03] [http-nio-8080-exec-2] [INFO ] [com.example.tgpmsystem.service.impl.LoginServiceImpl] : null
[2021/05/01-19:50:03] [http-nio-8080-exec-2] [INFO ] [com.example.tgpmsystem.service.impl.LoginServiceImpl] : ----------解析token-----------
[2021/05/01-19:53:35] [restartedMain] [INFO ] [com.example.tgpmsystem.TgpmsystemApplication] : Starting TgpmsystemApplication using Java 1.8.0_191 on DESKTOP-UD6V6D5 with PID 12456 (E:\Project_IDEA\tgpmsystem\target\classes started by 陈香伶 in E:\Project_IDEA\tgpmsystem)
[2021/05/01-19:53:35] [restartedMain] [INFO ] [com.example.tgpmsystem.TgpmsystemApplication] : No active profile set, falling back to default profiles: default
[2021/05/01-19:53:41] [restartedMain] [INFO ] [com.example.tgpmsystem.TgpmsystemApplication] : Started TgpmsystemApplication in 6.769 seconds (JVM running for 8.577)
[2021/05/01-19:53:53] [http-nio-8080-exec-2] [INFO ] [com.example.tgpmsystem.service.impl.UploadPlanServiceImpl] : ++++++++++++++++++++
[2021/05/01-19:53:53] [http-nio-8080-exec-2] [INFO ] [com.example.tgpmsystem.service.impl.UploadPlanServiceImpl] : [null]
[2021/05/01-19:55:49] [restartedMain] [INFO ] [com.example.tgpmsystem.TgpmsystemApplication] : Starting TgpmsystemApplication using Java 1.8.0_191 on DESKTOP-UD6V6D5 with PID 21984 (E:\Project_IDEA\tgpmsystem\target\classes started by 陈香伶 in E:\Project_IDEA\tgpmsystem)
[2021/05/01-19:55:49] [restartedMain] [INFO ] [com.example.tgpmsystem.TgpmsystemApplication] : No active profile set, falling back to default profiles: default
[2021/05/01-19:55:55] [restartedMain] [INFO ] [com.example.tgpmsystem.TgpmsystemApplication] : Started TgpmsystemApplication in 6.373 seconds (JVM running for 8.127)
[2021/05/01-19:57:06] [restartedMain] [INFO ] [com.example.tgpmsystem.TgpmsystemApplication] : Starting TgpmsystemApplication using Java 1.8.0_191 on DESKTOP-UD6V6D5 with PID 15476 (E:\Project_IDEA\tgpmsystem\target\classes started by 陈香伶 in E:\Project_IDEA\tgpmsystem)
[2021/05/01-19:57:06] [restartedMain] [INFO ] [com.example.tgpmsystem.TgpmsystemApplication] : No active profile set, falling back to default profiles: default
[2021/05/01-19:57:12] [restartedMain] [INFO ] [com.example.tgpmsystem.TgpmsystemApplication] : Started TgpmsystemApplication in 6.886 seconds (JVM running for 8.77)
[2021/05/01-20:54:23] [restartedMain] [INFO ] [com.example.tgpmsystem.TgpmsystemApplication] : Starting TgpmsystemApplication using Java 1.8.0_191 on DESKTOP-UD6V6D5 with PID 16844 (E:\Project_IDEA\tgpmsystem\target\classes started by 陈香伶 in E:\Project_IDEA\tgpmsystem)
[2021/05/01-20:54:23] [restartedMain] [INFO ] [com.example.tgpmsystem.TgpmsystemApplication] : No active profile set, falling back to default profiles: default
[2021/05/01-20:54:28] [restartedMain] [INFO ] [com.example.tgpmsystem.TgpmsystemApplication] : Started TgpmsystemApplication in 6.486 seconds (JVM running for 8.455)
[2021/05/01-21:26:40] [restartedMain] [INFO ] [com.example.tgpmsystem.TgpmsystemApplication] : Starting TgpmsystemApplication using Java 1.8.0_191 on DESKTOP-UD6V6D5 with PID 19220 (E:\Project_IDEA\tgpmsystem\target\classes started by 陈香伶 in E:\Project_IDEA\tgpmsystem)
[2021/05/01-21:26:40] [restartedMain] [INFO ] [com.example.tgpmsystem.TgpmsystemApplication] : No active profile set, falling back to default profiles: default
[2021/05/01-21:26:46] [restartedMain] [INFO ] [com.example.tgpmsystem.TgpmsystemApplication] : Started TgpmsystemApplication in 6.368 seconds (JVM running for 8.204)
