[2021/04/18-14:43:35] [restartedMain] [INFO ] [com.example.tgpmsystem.TgpmsystemApplication] : Starting TgpmsystemApplication using Java 1.8.0_191 on DESKTOP-UD6V6D5 with PID 18440 (E:\Project_IDEA\tgpmsystem\target\classes started by 陈香伶 in E:\Project_IDEA\tgpmsystem)
[2021/04/18-14:43:35] [restartedMain] [INFO ] [com.example.tgpmsystem.TgpmsystemApplication] : No active profile set, falling back to default profiles: default
[2021/04/18-14:43:44] [restartedMain] [INFO ] [com.example.tgpmsystem.TgpmsystemApplication] : Started TgpmsystemApplication in 9.421 seconds (JVM running for 11.995)
[2021/04/18-14:45:52] [restartedMain] [INFO ] [com.example.tgpmsystem.TgpmsystemApplication] : Starting TgpmsystemApplication using Java 1.8.0_191 on DESKTOP-UD6V6D5 with PID 18980 (E:\Project_IDEA\tgpmsystem\target\classes started by 陈香伶 in E:\Project_IDEA\tgpmsystem)
[2021/04/18-14:45:52] [restartedMain] [INFO ] [com.example.tgpmsystem.TgpmsystemApplication] : No active profile set, falling back to default profiles: default
[2021/04/18-14:45:57] [restartedMain] [INFO ] [com.example.tgpmsystem.TgpmsystemApplication] : Started TgpmsystemApplication in 5.778 seconds (JVM running for 7.566)
[2021/04/18-14:46:02] [http-nio-8080-exec-1] [INFO ] [com.example.tgpmsystem.controller.admin.AdminApi] : pageNum == > 2
[2021/04/18-14:46:02] [http-nio-8080-exec-1] [INFO ] [com.example.tgpmsystem.controller.admin.AdminApi] : pageSize == > 3
[2021/04/18-14:57:50] [restartedMain] [INFO ] [com.example.tgpmsystem.TgpmsystemApplication] : Starting TgpmsystemApplication using Java 1.8.0_191 on DESKTOP-UD6V6D5 with PID 20080 (E:\Project_IDEA\tgpmsystem\target\classes started by 陈香伶 in E:\Project_IDEA\tgpmsystem)
[2021/04/18-14:57:50] [restartedMain] [INFO ] [com.example.tgpmsystem.TgpmsystemApplication] : No active profile set, falling back to default profiles: default
[2021/04/18-14:57:57] [restartedMain] [INFO ] [com.example.tgpmsystem.TgpmsystemApplication] : Started TgpmsystemApplication in 7.63 seconds (JVM running for 10.032)
[2021/04/18-14:59:05] [http-nio-8080-exec-2] [INFO ] [com.example.tgpmsystem.controller.admin.AdminApi] : pageNum == > 2
[2021/04/18-14:59:05] [http-nio-8080-exec-2] [INFO ] [com.example.tgpmsystem.controller.admin.AdminApi] : pageSize == > 3
[2021/04/18-15:02:45] [restartedMain] [INFO ] [com.example.tgpmsystem.TgpmsystemApplication] : Starting TgpmsystemApplication using Java 1.8.0_191 on DESKTOP-UD6V6D5 with PID 1552 (E:\Project_IDEA\tgpmsystem\target\classes started by 陈香伶 in E:\Project_IDEA\tgpmsystem)
[2021/04/18-15:02:45] [restartedMain] [INFO ] [com.example.tgpmsystem.TgpmsystemApplication] : No active profile set, falling back to default profiles: default
[2021/04/18-15:02:52] [restartedMain] [INFO ] [com.example.tgpmsystem.TgpmsystemApplication] : Started TgpmsystemApplication in 6.84 seconds (JVM running for 9.207)
[2021/04/18-15:03:11] [http-nio-8080-exec-2] [INFO ] [com.example.tgpmsystem.controller.admin.AdminApi] : pageNum == > 2
[2021/04/18-15:03:11] [http-nio-8080-exec-2] [INFO ] [com.example.tgpmsystem.controller.admin.AdminApi] : pageSize == > 3
[2021/04/18-15:12:48] [restartedMain] [INFO ] [com.example.tgpmsystem.TgpmsystemApplication] : Starting TgpmsystemApplication using Java 1.8.0_191 on DESKTOP-UD6V6D5 with PID 19724 (E:\Project_IDEA\tgpmsystem\target\classes started by 陈香伶 in E:\Project_IDEA\tgpmsystem)
[2021/04/18-15:12:48] [restartedMain] [INFO ] [com.example.tgpmsystem.TgpmsystemApplication] : No active profile set, falling back to default profiles: default
[2021/04/18-15:13:29] [restartedMain] [INFO ] [com.example.tgpmsystem.TgpmsystemApplication] : Starting TgpmsystemApplication using Java 1.8.0_191 on DESKTOP-UD6V6D5 with PID 17212 (E:\Project_IDEA\tgpmsystem\target\classes started by 陈香伶 in E:\Project_IDEA\tgpmsystem)
[2021/04/18-15:13:29] [restartedMain] [INFO ] [com.example.tgpmsystem.TgpmsystemApplication] : No active profile set, falling back to default profiles: default
[2021/04/18-15:20:19] [restartedMain] [INFO ] [com.example.tgpmsystem.TgpmsystemApplication] : Starting TgpmsystemApplication using Java 1.8.0_191 on DESKTOP-UD6V6D5 with PID 19024 (E:\Project_IDEA\tgpmsystem\target\classes started by 陈香伶 in E:\Project_IDEA\tgpmsystem)
[2021/04/18-15:20:19] [restartedMain] [INFO ] [com.example.tgpmsystem.TgpmsystemApplication] : No active profile set, falling back to default profiles: default
[2021/04/18-15:25:21] [restartedMain] [INFO ] [com.example.tgpmsystem.TgpmsystemApplication] : Starting TgpmsystemApplication using Java 1.8.0_191 on DESKTOP-UD6V6D5 with PID 13052 (E:\Project_IDEA\tgpmsystem\target\classes started by 陈香伶 in E:\Project_IDEA\tgpmsystem)
[2021/04/18-15:25:21] [restartedMain] [INFO ] [com.example.tgpmsystem.TgpmsystemApplication] : No active profile set, falling back to default profiles: default
[2021/04/18-15:25:27] [restartedMain] [INFO ] [com.example.tgpmsystem.TgpmsystemApplication] : Started TgpmsystemApplication in 6.444 seconds (JVM running for 8.683)
[2021/04/18-15:25:52] [http-nio-8080-exec-1] [INFO ] [com.example.tgpmsystem.controller.admin.AdminApi] : pageNum == > 2
[2021/04/18-15:25:52] [http-nio-8080-exec-1] [INFO ] [com.example.tgpmsystem.controller.admin.AdminApi] : pageSize == > 3
[2021/04/18-15:27:55] [restartedMain] [INFO ] [com.example.tgpmsystem.TgpmsystemApplication] : Starting TgpmsystemApplication using Java 1.8.0_191 on DESKTOP-UD6V6D5 with PID 16808 (E:\Project_IDEA\tgpmsystem\target\classes started by 陈香伶 in E:\Project_IDEA\tgpmsystem)
[2021/04/18-15:27:55] [restartedMain] [INFO ] [com.example.tgpmsystem.TgpmsystemApplication] : No active profile set, falling back to default profiles: default
[2021/04/18-15:32:19] [restartedMain] [INFO ] [com.example.tgpmsystem.TgpmsystemApplication] : Starting TgpmsystemApplication using Java 1.8.0_191 on DESKTOP-UD6V6D5 with PID 13172 (E:\Project_IDEA\tgpmsystem\target\classes started by 陈香伶 in E:\Project_IDEA\tgpmsystem)
[2021/04/18-15:32:19] [restartedMain] [INFO ] [com.example.tgpmsystem.TgpmsystemApplication] : No active profile set, falling back to default profiles: default
[2021/04/18-15:32:25] [restartedMain] [INFO ] [com.example.tgpmsystem.TgpmsystemApplication] : Started TgpmsystemApplication in 6.67 seconds (JVM running for 8.96)
[2021/04/18-15:32:44] [http-nio-8080-exec-1] [INFO ] [com.example.tgpmsystem.controller.admin.AdminApi] : pageNum == > 2
[2021/04/18-15:32:44] [http-nio-8080-exec-1] [INFO ] [com.example.tgpmsystem.controller.admin.AdminApi] : pageSize == > 3
[2021/04/18-15:35:02] [restartedMain] [INFO ] [com.example.tgpmsystem.TgpmsystemApplication] : Starting TgpmsystemApplication using Java 1.8.0_191 on DESKTOP-UD6V6D5 with PID 8868 (E:\Project_IDEA\tgpmsystem\target\classes started by 陈香伶 in E:\Project_IDEA\tgpmsystem)
[2021/04/18-15:35:02] [restartedMain] [INFO ] [com.example.tgpmsystem.TgpmsystemApplication] : No active profile set, falling back to default profiles: default
[2021/04/18-15:35:08] [restartedMain] [INFO ] [com.example.tgpmsystem.TgpmsystemApplication] : Started TgpmsystemApplication in 6.551 seconds (JVM running for 8.826)
[2021/04/18-15:43:11] [restartedMain] [INFO ] [com.example.tgpmsystem.TgpmsystemApplication] : Starting TgpmsystemApplication using Java 1.8.0_191 on DESKTOP-UD6V6D5 with PID 14884 (E:\Project_IDEA\tgpmsystem\target\classes started by 陈香伶 in E:\Project_IDEA\tgpmsystem)
[2021/04/18-15:43:11] [restartedMain] [INFO ] [com.example.tgpmsystem.TgpmsystemApplication] : No active profile set, falling back to default profiles: default
[2021/04/18-15:43:16] [restartedMain] [INFO ] [com.example.tgpmsystem.TgpmsystemApplication] : Started TgpmsystemApplication in 5.545 seconds (JVM running for 7.217)
[2021/04/18-15:50:18] [restartedMain] [INFO ] [com.example.tgpmsystem.TgpmsystemApplication] : Starting TgpmsystemApplication using Java 1.8.0_191 on DESKTOP-UD6V6D5 with PID 20524 (E:\Project_IDEA\tgpmsystem\target\classes started by 陈香伶 in E:\Project_IDEA\tgpmsystem)
[2021/04/18-15:50:18] [restartedMain] [INFO ] [com.example.tgpmsystem.TgpmsystemApplication] : No active profile set, falling back to default profiles: default
[2021/04/18-15:50:23] [restartedMain] [INFO ] [com.example.tgpmsystem.TgpmsystemApplication] : Started TgpmsystemApplication in 5.841 seconds (JVM running for 7.563)
[2021/04/18-16:04:01] [restartedMain] [INFO ] [com.example.tgpmsystem.TgpmsystemApplication] : Starting TgpmsystemApplication using Java 1.8.0_191 on DESKTOP-UD6V6D5 with PID 14364 (E:\Project_IDEA\tgpmsystem\target\classes started by 陈香伶 in E:\Project_IDEA\tgpmsystem)
[2021/04/18-16:04:01] [restartedMain] [INFO ] [com.example.tgpmsystem.TgpmsystemApplication] : No active profile set, falling back to default profiles: default
[2021/04/18-16:04:06] [restartedMain] [INFO ] [com.example.tgpmsystem.TgpmsystemApplication] : Started TgpmsystemApplication in 6.002 seconds (JVM running for 7.667)
[2021/04/18-17:17:39] [restartedMain] [INFO ] [com.example.tgpmsystem.TgpmsystemApplication] : Starting TgpmsystemApplication using Java 1.8.0_191 on DESKTOP-UD6V6D5 with PID 21328 (E:\Project_IDEA\tgpmsystem\target\classes started by 陈香伶 in E:\Project_IDEA\tgpmsystem)
[2021/04/18-17:17:39] [restartedMain] [INFO ] [com.example.tgpmsystem.TgpmsystemApplication] : No active profile set, falling back to default profiles: default
[2021/04/18-17:17:44] [restartedMain] [INFO ] [com.example.tgpmsystem.TgpmsystemApplication] : Started TgpmsystemApplication in 6.162 seconds (JVM running for 7.831)
[2021/04/18-20:18:07] [restartedMain] [INFO ] [com.example.tgpmsystem.TgpmsystemApplication] : Starting TgpmsystemApplication using Java 1.8.0_191 on DESKTOP-UD6V6D5 with PID 15736 (E:\Project_IDEA\tgpmsystem\target\classes started by 陈香伶 in E:\Project_IDEA\tgpmsystem)
[2021/04/18-20:18:07] [restartedMain] [INFO ] [com.example.tgpmsystem.TgpmsystemApplication] : No active profile set, falling back to default profiles: default
[2021/04/18-20:18:13] [restartedMain] [INFO ] [com.example.tgpmsystem.TgpmsystemApplication] : Started TgpmsystemApplication in 5.966 seconds (JVM running for 7.726)
[2021/04/18-21:05:22] [restartedMain] [INFO ] [com.example.tgpmsystem.TgpmsystemApplication] : Starting TgpmsystemApplication using Java 1.8.0_191 on DESKTOP-UD6V6D5 with PID 19936 (E:\Project_IDEA\tgpmsystem\target\classes started by 陈香伶 in E:\Project_IDEA\tgpmsystem)
[2021/04/18-21:05:22] [restartedMain] [INFO ] [com.example.tgpmsystem.TgpmsystemApplication] : No active profile set, falling back to default profiles: default
[2021/04/18-21:05:27] [restartedMain] [INFO ] [com.example.tgpmsystem.TgpmsystemApplication] : Started TgpmsystemApplication in 5.91 seconds (JVM running for 7.712)
[2021/04/18-21:08:36] [restartedMain] [INFO ] [com.example.tgpmsystem.TgpmsystemApplication] : Starting TgpmsystemApplication using Java 1.8.0_191 on DESKTOP-UD6V6D5 with PID 4908 (E:\Project_IDEA\tgpmsystem\target\classes started by 陈香伶 in E:\Project_IDEA\tgpmsystem)
[2021/04/18-21:08:36] [restartedMain] [INFO ] [com.example.tgpmsystem.TgpmsystemApplication] : No active profile set, falling back to default profiles: default
[2021/04/18-21:08:41] [restartedMain] [INFO ] [com.example.tgpmsystem.TgpmsystemApplication] : Started TgpmsystemApplication in 5.794 seconds (JVM running for 7.455)
[2021/04/18-21:10:20] [restartedMain] [INFO ] [com.example.tgpmsystem.TgpmsystemApplication] : Starting TgpmsystemApplication using Java 1.8.0_191 on DESKTOP-UD6V6D5 with PID 12672 (E:\Project_IDEA\tgpmsystem\target\classes started by 陈香伶 in E:\Project_IDEA\tgpmsystem)
[2021/04/18-21:10:20] [restartedMain] [INFO ] [com.example.tgpmsystem.TgpmsystemApplication] : No active profile set, falling back to default profiles: default
[2021/04/18-21:13:02] [restartedMain] [INFO ] [com.example.tgpmsystem.TgpmsystemApplication] : Starting TgpmsystemApplication using Java 1.8.0_191 on DESKTOP-UD6V6D5 with PID 14068 (E:\Project_IDEA\tgpmsystem\target\classes started by 陈香伶 in E:\Project_IDEA\tgpmsystem)
[2021/04/18-21:13:02] [restartedMain] [INFO ] [com.example.tgpmsystem.TgpmsystemApplication] : No active profile set, falling back to default profiles: default
[2021/04/18-21:13:07] [restartedMain] [INFO ] [com.example.tgpmsystem.TgpmsystemApplication] : Started TgpmsystemApplication in 5.776 seconds (JVM running for 7.445)
[2021/04/18-21:13:23] [http-nio-8080-exec-1] [INFO ] [com.example.tgpmsystem.service.impl.LoginServiceImpl] : checkTeaLogin tokenKey ==> 3ebabda5eadf38bb023b5441d365b1a9
[2021/04/18-21:13:24] [http-nio-8080-exec-1] [INFO ] [com.example.tgpmsystem.service.impl.LoginServiceImpl] : parseByTokenKey token ==> eyJhbGciOiJIUzI1NiJ9.eyJjb2xsZWdlIjoi6K6h566X5py656eR5a2m5a2m6ZmiIiwidG5vIjoiMTk5OTExMDIwMSIsInNleCI6IuWlsyIsIm5hbWUiOiLpmYjogIHluIgiLCJyYW5rIjoi5Ymv5pWZ5o6IIiwiaWQiOiI4MzMwODY3OTAyMzAzNDM2ODAiLCJleHAiOjE2MTg3NTgzNDEsImVtYWlsIjoiMTk5OTExMDIwMUBxcS5jb20iLCJkaXJlY3Rpb24iOiLmlbDmja7mjJbmjpgiLCJzdGF0dXMiOiLlnKjogYwifQ.d53NreHRrTTVxglXRQt9LyWuPXY_5oSwFIdjhf3UcDI
[2021/04/18-21:13:24] [http-nio-8080-exec-1] [INFO ] [com.example.tgpmsystem.service.impl.LoginServiceImpl] : ----------token is not null-----------
[2021/04/18-21:13:25] [http-nio-8080-exec-1] [INFO ] [com.example.tgpmsystem.service.impl.LoginServiceImpl] : null
[2021/04/18-21:13:25] [http-nio-8080-exec-1] [INFO ] [com.example.tgpmsystem.service.impl.LoginServiceImpl] : ----------解析token-----------
[2021/04/18-21:20:25] [restartedMain] [INFO ] [com.example.tgpmsystem.TgpmsystemApplication] : Starting TgpmsystemApplication using Java 1.8.0_191 on DESKTOP-UD6V6D5 with PID 15472 (E:\Project_IDEA\tgpmsystem\target\classes started by 陈香伶 in E:\Project_IDEA\tgpmsystem)
[2021/04/18-21:20:25] [restartedMain] [INFO ] [com.example.tgpmsystem.TgpmsystemApplication] : No active profile set, falling back to default profiles: default
[2021/04/18-21:20:30] [restartedMain] [INFO ] [com.example.tgpmsystem.TgpmsystemApplication] : Started TgpmsystemApplication in 6.424 seconds (JVM running for 8.117)
[2021/04/18-21:20:41] [http-nio-8080-exec-3] [INFO ] [com.example.tgpmsystem.service.impl.LoginServiceImpl] : checkTeaLogin tokenKey ==> 3ebabda5eadf38bb023b5441d365b1a9
[2021/04/18-21:20:43] [http-nio-8080-exec-3] [INFO ] [com.example.tgpmsystem.service.impl.LoginServiceImpl] : parseByTokenKey token ==> eyJhbGciOiJIUzI1NiJ9.eyJjb2xsZWdlIjoi6K6h566X5py656eR5a2m5a2m6ZmiIiwidG5vIjoiMTk5OTExMDIwMSIsInNleCI6IuWlsyIsIm5hbWUiOiLpmYjogIHluIgiLCJyYW5rIjoi5Ymv5pWZ5o6IIiwiaWQiOiI4MzMwODY3OTAyMzAzNDM2ODAiLCJleHAiOjE2MTg3NTgzNDEsImVtYWlsIjoiMTk5OTExMDIwMUBxcS5jb20iLCJkaXJlY3Rpb24iOiLmlbDmja7mjJbmjpgiLCJzdGF0dXMiOiLlnKjogYwifQ.d53NreHRrTTVxglXRQt9LyWuPXY_5oSwFIdjhf3UcDI
[2021/04/18-21:20:43] [http-nio-8080-exec-3] [INFO ] [com.example.tgpmsystem.service.impl.LoginServiceImpl] : ----------token is not null-----------
[2021/04/18-21:20:43] [http-nio-8080-exec-3] [INFO ] [com.example.tgpmsystem.service.impl.LoginServiceImpl] : null
[2021/04/18-21:20:43] [http-nio-8080-exec-3] [INFO ] [com.example.tgpmsystem.service.impl.LoginServiceImpl] : ----------解析token-----------
