[2021/04/28-16:17:47] [restartedMain] [INFO ] [com.example.tgpmsystem.TgpmsystemApplication] : Starting TgpmsystemApplication using Java 1.8.0_191 on DESKTOP-UD6V6D5 with PID 23324 (E:\Project_IDEA\tgpmsystem\target\classes started by 陈香伶 in E:\Project_IDEA\tgpmsystem)
[2021/04/28-16:17:47] [restartedMain] [INFO ] [com.example.tgpmsystem.TgpmsystemApplication] : No active profile set, falling back to default profiles: default
[2021/04/28-16:18:08] [restartedMain] [INFO ] [com.example.tgpmsystem.TgpmsystemApplication] : Started TgpmsystemApplication in 23.341 seconds (JVM running for 27.356)
[2021/04/28-16:18:25] [http-nio-8080-exec-1] [INFO ] [com.example.tgpmsystem.service.impl.LoginServiceImpl] : tokenKey ==> is null
[2021/04/28-16:18:25] [http-nio-8080-exec-1] [INFO ] [com.example.tgpmsystem.service.impl.LoginServiceImpl] : judgeAdmin tokenKey ==> c96a46aa75d1222459bfc60c74825fbe
[2021/04/28-16:18:25] [http-nio-8080-exec-1] [INFO ] [com.example.tgpmsystem.service.impl.LoginServiceImpl] : checkAdminLogin tokenKey ==> c96a46aa75d1222459bfc60c74825fbe
[2021/04/28-16:18:28] [http-nio-8080-exec-1] [INFO ] [com.example.tgpmsystem.service.impl.LoginServiceImpl] : parseByTokenKey token ==> null
[2021/04/28-16:18:29] [http-nio-8080-exec-1] [INFO ] [com.example.tgpmsystem.service.impl.LoginServiceImpl] : ---------refreshToken 过期----------
[2021/04/28-16:18:29] [http-nio-8080-exec-1] [INFO ] [com.example.tgpmsystem.service.impl.LoginServiceImpl] : teacher ==> is null
[2021/04/28-16:18:44] [http-nio-8080-exec-6] [INFO ] [com.example.tgpmsystem.service.impl.LoginServiceImpl] : tokenKey ==> is null
[2021/04/28-16:18:44] [http-nio-8080-exec-6] [INFO ] [com.example.tgpmsystem.service.impl.LoginServiceImpl] : judgeAdmin tokenKey ==> 02cc46b400119993b1886867ad846fca
[2021/04/28-16:18:44] [http-nio-8080-exec-6] [INFO ] [com.example.tgpmsystem.service.impl.LoginServiceImpl] : checkAdminLogin tokenKey ==> 02cc46b400119993b1886867ad846fca
[2021/04/28-16:18:44] [http-nio-8080-exec-6] [INFO ] [com.example.tgpmsystem.service.impl.LoginServiceImpl] : parseByTokenKey token ==> eyJhbGciOiJIUzI1NiJ9.eyJjb2xsZWdlIjoi6K6h566X5py656eR5a2m5a2m6ZmiIiwiYW5vIjoiMTIzNDU2Nzg5MSIsImlkIjoiODM1OTA2NDk1Mzc0Njg4MjU2IiwiZXhwIjoxNjE5NjA1MTI0fQ.DVbNSnpmFyzxBwbGKy_CWwAiUqsedVKFsUGjNzoBvJE
[2021/04/28-16:18:44] [http-nio-8080-exec-6] [INFO ] [com.example.tgpmsystem.service.impl.LoginServiceImpl] : ----------token is not null-----------
[2021/04/28-16:18:44] [http-nio-8080-exec-6] [INFO ] [com.example.tgpmsystem.service.impl.LoginServiceImpl] : ----------解析token-----------
[2021/04/28-16:18:55] [http-nio-8080-exec-5] [INFO ] [com.example.tgpmsystem.service.impl.LoginServiceImpl] : judgeAdmin tokenKey ==> 02cc46b400119993b1886867ad846fca
[2021/04/28-16:18:55] [http-nio-8080-exec-5] [INFO ] [com.example.tgpmsystem.service.impl.LoginServiceImpl] : checkAdminLogin tokenKey ==> 02cc46b400119993b1886867ad846fca
[2021/04/28-16:18:55] [http-nio-8080-exec-5] [INFO ] [com.example.tgpmsystem.service.impl.LoginServiceImpl] : parseByTokenKey token ==> eyJhbGciOiJIUzI1NiJ9.eyJjb2xsZWdlIjoi6K6h566X5py656eR5a2m5a2m6ZmiIiwiYW5vIjoiMTIzNDU2Nzg5MSIsImlkIjoiODM1OTA2NDk1Mzc0Njg4MjU2IiwiZXhwIjoxNjE5NjA1MTI0fQ.DVbNSnpmFyzxBwbGKy_CWwAiUqsedVKFsUGjNzoBvJE
[2021/04/28-16:18:55] [http-nio-8080-exec-5] [INFO ] [com.example.tgpmsystem.service.impl.LoginServiceImpl] : ----------token is not null-----------
[2021/04/28-16:18:55] [http-nio-8080-exec-5] [INFO ] [com.example.tgpmsystem.service.impl.LoginServiceImpl] : ----------解析token-----------
[2021/04/28-16:34:23] [restartedMain] [INFO ] [com.example.tgpmsystem.TgpmsystemApplication] : Starting TgpmsystemApplication using Java 1.8.0_191 on DESKTOP-UD6V6D5 with PID 4504 (E:\Project_IDEA\tgpmsystem\target\classes started by 陈香伶 in E:\Project_IDEA\tgpmsystem)
[2021/04/28-16:34:23] [restartedMain] [INFO ] [com.example.tgpmsystem.TgpmsystemApplication] : No active profile set, falling back to default profiles: default
[2021/04/28-16:34:29] [restartedMain] [INFO ] [com.example.tgpmsystem.TgpmsystemApplication] : Started TgpmsystemApplication in 6.074 seconds (JVM running for 7.783)
[2021/04/28-16:36:15] [http-nio-8080-exec-1] [INFO ] [com.example.tgpmsystem.service.impl.LoginServiceImpl] : judgeAdmin tokenKey ==> 02cc46b400119993b1886867ad846fca
[2021/04/28-16:36:15] [http-nio-8080-exec-1] [INFO ] [com.example.tgpmsystem.service.impl.LoginServiceImpl] : checkAdminLogin tokenKey ==> 02cc46b400119993b1886867ad846fca
[2021/04/28-16:36:17] [http-nio-8080-exec-1] [INFO ] [com.example.tgpmsystem.service.impl.LoginServiceImpl] : parseByTokenKey token ==> eyJhbGciOiJIUzI1NiJ9.eyJjb2xsZWdlIjoi6K6h566X5py656eR5a2m5a2m6ZmiIiwiYW5vIjoiMTIzNDU2Nzg5MSIsImlkIjoiODM1OTA2NDk1Mzc0Njg4MjU2IiwiZXhwIjoxNjE5NjA1MTI0fQ.DVbNSnpmFyzxBwbGKy_CWwAiUqsedVKFsUGjNzoBvJE
[2021/04/28-16:36:17] [http-nio-8080-exec-1] [INFO ] [com.example.tgpmsystem.service.impl.LoginServiceImpl] : ----------token is not null-----------
[2021/04/28-16:36:18] [http-nio-8080-exec-1] [INFO ] [com.example.tgpmsystem.service.impl.LoginServiceImpl] : ----------解析token-----------
[2021/04/28-16:36:26] [http-nio-8080-exec-2] [INFO ] [com.example.tgpmsystem.service.impl.LoginServiceImpl] : judgeAdmin tokenKey ==> 02cc46b400119993b1886867ad846fca
[2021/04/28-16:36:26] [http-nio-8080-exec-2] [INFO ] [com.example.tgpmsystem.service.impl.LoginServiceImpl] : checkAdminLogin tokenKey ==> 02cc46b400119993b1886867ad846fca
[2021/04/28-16:36:26] [http-nio-8080-exec-2] [INFO ] [com.example.tgpmsystem.service.impl.LoginServiceImpl] : parseByTokenKey token ==> eyJhbGciOiJIUzI1NiJ9.eyJjb2xsZWdlIjoi6K6h566X5py656eR5a2m5a2m6ZmiIiwiYW5vIjoiMTIzNDU2Nzg5MSIsImlkIjoiODM1OTA2NDk1Mzc0Njg4MjU2IiwiZXhwIjoxNjE5NjA1MTI0fQ.DVbNSnpmFyzxBwbGKy_CWwAiUqsedVKFsUGjNzoBvJE
[2021/04/28-16:36:26] [http-nio-8080-exec-2] [INFO ] [com.example.tgpmsystem.service.impl.LoginServiceImpl] : ----------token is not null-----------
[2021/04/28-16:36:26] [http-nio-8080-exec-2] [INFO ] [com.example.tgpmsystem.service.impl.LoginServiceImpl] : ----------解析token-----------
[2021/04/28-16:36:52] [http-nio-8080-exec-3] [INFO ] [com.example.tgpmsystem.service.impl.LoginServiceImpl] : judgeAdmin tokenKey ==> 02cc46b400119993b1886867ad846fca
[2021/04/28-16:36:52] [http-nio-8080-exec-3] [INFO ] [com.example.tgpmsystem.service.impl.LoginServiceImpl] : checkAdminLogin tokenKey ==> 02cc46b400119993b1886867ad846fca
[2021/04/28-16:36:52] [http-nio-8080-exec-3] [INFO ] [com.example.tgpmsystem.service.impl.LoginServiceImpl] : parseByTokenKey token ==> eyJhbGciOiJIUzI1NiJ9.eyJjb2xsZWdlIjoi6K6h566X5py656eR5a2m5a2m6ZmiIiwiYW5vIjoiMTIzNDU2Nzg5MSIsImlkIjoiODM1OTA2NDk1Mzc0Njg4MjU2IiwiZXhwIjoxNjE5NjA1MTI0fQ.DVbNSnpmFyzxBwbGKy_CWwAiUqsedVKFsUGjNzoBvJE
[2021/04/28-16:36:52] [http-nio-8080-exec-3] [INFO ] [com.example.tgpmsystem.service.impl.LoginServiceImpl] : ----------token is not null-----------
[2021/04/28-16:36:52] [http-nio-8080-exec-3] [INFO ] [com.example.tgpmsystem.service.impl.LoginServiceImpl] : ----------解析token-----------
[2021/04/28-16:38:06] [http-nio-8080-exec-5] [INFO ] [com.example.tgpmsystem.service.impl.LoginServiceImpl] : judgeAdmin tokenKey ==> 02cc46b400119993b1886867ad846fca
[2021/04/28-16:38:06] [http-nio-8080-exec-5] [INFO ] [com.example.tgpmsystem.service.impl.LoginServiceImpl] : checkAdminLogin tokenKey ==> 02cc46b400119993b1886867ad846fca
[2021/04/28-16:38:06] [http-nio-8080-exec-5] [INFO ] [com.example.tgpmsystem.service.impl.LoginServiceImpl] : parseByTokenKey token ==> eyJhbGciOiJIUzI1NiJ9.eyJjb2xsZWdlIjoi6K6h566X5py656eR5a2m5a2m6ZmiIiwiYW5vIjoiMTIzNDU2Nzg5MSIsImlkIjoiODM1OTA2NDk1Mzc0Njg4MjU2IiwiZXhwIjoxNjE5NjA1MTI0fQ.DVbNSnpmFyzxBwbGKy_CWwAiUqsedVKFsUGjNzoBvJE
[2021/04/28-16:38:06] [http-nio-8080-exec-5] [INFO ] [com.example.tgpmsystem.service.impl.LoginServiceImpl] : ----------token is not null-----------
[2021/04/28-16:38:06] [http-nio-8080-exec-5] [INFO ] [com.example.tgpmsystem.service.impl.LoginServiceImpl] : ----------解析token-----------
[2021/04/28-16:40:10] [http-nio-8080-exec-7] [INFO ] [com.example.tgpmsystem.service.impl.LoginServiceImpl] : judgeAdmin tokenKey ==> 02cc46b400119993b1886867ad846fca
[2021/04/28-16:40:10] [http-nio-8080-exec-7] [INFO ] [com.example.tgpmsystem.service.impl.LoginServiceImpl] : checkAdminLogin tokenKey ==> 02cc46b400119993b1886867ad846fca
[2021/04/28-16:40:10] [http-nio-8080-exec-7] [INFO ] [com.example.tgpmsystem.service.impl.LoginServiceImpl] : parseByTokenKey token ==> eyJhbGciOiJIUzI1NiJ9.eyJjb2xsZWdlIjoi6K6h566X5py656eR5a2m5a2m6ZmiIiwiYW5vIjoiMTIzNDU2Nzg5MSIsImlkIjoiODM1OTA2NDk1Mzc0Njg4MjU2IiwiZXhwIjoxNjE5NjA1MTI0fQ.DVbNSnpmFyzxBwbGKy_CWwAiUqsedVKFsUGjNzoBvJE
[2021/04/28-16:40:10] [http-nio-8080-exec-7] [INFO ] [com.example.tgpmsystem.service.impl.LoginServiceImpl] : ----------token is not null-----------
[2021/04/28-16:40:10] [http-nio-8080-exec-7] [INFO ] [com.example.tgpmsystem.service.impl.LoginServiceImpl] : ----------解析token-----------
[2021/04/28-16:41:03] [http-nio-8080-exec-8] [INFO ] [com.example.tgpmsystem.service.impl.LoginServiceImpl] : judgeAdmin tokenKey ==> 02cc46b400119993b1886867ad846fca
[2021/04/28-16:41:03] [http-nio-8080-exec-8] [INFO ] [com.example.tgpmsystem.service.impl.LoginServiceImpl] : checkAdminLogin tokenKey ==> 02cc46b400119993b1886867ad846fca
[2021/04/28-16:41:03] [http-nio-8080-exec-8] [INFO ] [com.example.tgpmsystem.service.impl.LoginServiceImpl] : parseByTokenKey token ==> eyJhbGciOiJIUzI1NiJ9.eyJjb2xsZWdlIjoi6K6h566X5py656eR5a2m5a2m6ZmiIiwiYW5vIjoiMTIzNDU2Nzg5MSIsImlkIjoiODM1OTA2NDk1Mzc0Njg4MjU2IiwiZXhwIjoxNjE5NjA1MTI0fQ.DVbNSnpmFyzxBwbGKy_CWwAiUqsedVKFsUGjNzoBvJE
[2021/04/28-16:41:03] [http-nio-8080-exec-8] [INFO ] [com.example.tgpmsystem.service.impl.LoginServiceImpl] : ----------token is not null-----------
[2021/04/28-16:41:03] [http-nio-8080-exec-8] [INFO ] [com.example.tgpmsystem.service.impl.LoginServiceImpl] : ----------解析token-----------
[2021/04/28-16:41:06] [http-nio-8080-exec-9] [INFO ] [com.example.tgpmsystem.service.impl.LoginServiceImpl] : judgeAdmin tokenKey ==> 02cc46b400119993b1886867ad846fca
[2021/04/28-16:41:06] [http-nio-8080-exec-9] [INFO ] [com.example.tgpmsystem.service.impl.LoginServiceImpl] : checkAdminLogin tokenKey ==> 02cc46b400119993b1886867ad846fca
[2021/04/28-16:41:06] [http-nio-8080-exec-9] [INFO ] [com.example.tgpmsystem.service.impl.LoginServiceImpl] : parseByTokenKey token ==> eyJhbGciOiJIUzI1NiJ9.eyJjb2xsZWdlIjoi6K6h566X5py656eR5a2m5a2m6ZmiIiwiYW5vIjoiMTIzNDU2Nzg5MSIsImlkIjoiODM1OTA2NDk1Mzc0Njg4MjU2IiwiZXhwIjoxNjE5NjA1MTI0fQ.DVbNSnpmFyzxBwbGKy_CWwAiUqsedVKFsUGjNzoBvJE
[2021/04/28-16:41:06] [http-nio-8080-exec-9] [INFO ] [com.example.tgpmsystem.service.impl.LoginServiceImpl] : ----------token is not null-----------
[2021/04/28-16:41:06] [http-nio-8080-exec-9] [INFO ] [com.example.tgpmsystem.service.impl.LoginServiceImpl] : ----------解析token-----------
[2021/04/28-16:41:08] [http-nio-8080-exec-10] [INFO ] [com.example.tgpmsystem.service.impl.LoginServiceImpl] : judgeAdmin tokenKey ==> 02cc46b400119993b1886867ad846fca
[2021/04/28-16:41:08] [http-nio-8080-exec-10] [INFO ] [com.example.tgpmsystem.service.impl.LoginServiceImpl] : checkAdminLogin tokenKey ==> 02cc46b400119993b1886867ad846fca
[2021/04/28-16:41:08] [http-nio-8080-exec-10] [INFO ] [com.example.tgpmsystem.service.impl.LoginServiceImpl] : parseByTokenKey token ==> eyJhbGciOiJIUzI1NiJ9.eyJjb2xsZWdlIjoi6K6h566X5py656eR5a2m5a2m6ZmiIiwiYW5vIjoiMTIzNDU2Nzg5MSIsImlkIjoiODM1OTA2NDk1Mzc0Njg4MjU2IiwiZXhwIjoxNjE5NjA1MTI0fQ.DVbNSnpmFyzxBwbGKy_CWwAiUqsedVKFsUGjNzoBvJE
[2021/04/28-16:41:08] [http-nio-8080-exec-10] [INFO ] [com.example.tgpmsystem.service.impl.LoginServiceImpl] : ----------token is not null-----------
[2021/04/28-16:41:08] [http-nio-8080-exec-10] [INFO ] [com.example.tgpmsystem.service.impl.LoginServiceImpl] : ----------解析token-----------
[2021/04/28-16:41:11] [http-nio-8080-exec-1] [INFO ] [com.example.tgpmsystem.service.impl.LoginServiceImpl] : judgeAdmin tokenKey ==> 02cc46b400119993b1886867ad846fca
[2021/04/28-16:41:11] [http-nio-8080-exec-1] [INFO ] [com.example.tgpmsystem.service.impl.LoginServiceImpl] : checkAdminLogin tokenKey ==> 02cc46b400119993b1886867ad846fca
[2021/04/28-16:41:11] [http-nio-8080-exec-1] [INFO ] [com.example.tgpmsystem.service.impl.LoginServiceImpl] : parseByTokenKey token ==> eyJhbGciOiJIUzI1NiJ9.eyJjb2xsZWdlIjoi6K6h566X5py656eR5a2m5a2m6ZmiIiwiYW5vIjoiMTIzNDU2Nzg5MSIsImlkIjoiODM1OTA2NDk1Mzc0Njg4MjU2IiwiZXhwIjoxNjE5NjA1MTI0fQ.DVbNSnpmFyzxBwbGKy_CWwAiUqsedVKFsUGjNzoBvJE
[2021/04/28-16:41:11] [http-nio-8080-exec-1] [INFO ] [com.example.tgpmsystem.service.impl.LoginServiceImpl] : ----------token is not null-----------
[2021/04/28-16:41:11] [http-nio-8080-exec-1] [INFO ] [com.example.tgpmsystem.service.impl.LoginServiceImpl] : ----------解析token-----------
[2021/04/28-16:47:46] [restartedMain] [INFO ] [com.example.tgpmsystem.TgpmsystemApplication] : Starting TgpmsystemApplication using Java 1.8.0_191 on DESKTOP-UD6V6D5 with PID 17200 (E:\Project_IDEA\tgpmsystem\target\classes started by 陈香伶 in E:\Project_IDEA\tgpmsystem)
[2021/04/28-16:47:46] [restartedMain] [INFO ] [com.example.tgpmsystem.TgpmsystemApplication] : No active profile set, falling back to default profiles: default
[2021/04/28-16:47:51] [restartedMain] [INFO ] [com.example.tgpmsystem.TgpmsystemApplication] : Started TgpmsystemApplication in 6.28 seconds (JVM running for 8.051)
[2021/04/28-16:48:51] [http-nio-8080-exec-1] [INFO ] [com.example.tgpmsystem.service.impl.LoginServiceImpl] : judgeAdmin tokenKey ==> 02cc46b400119993b1886867ad846fca
[2021/04/28-16:48:51] [http-nio-8080-exec-1] [INFO ] [com.example.tgpmsystem.service.impl.LoginServiceImpl] : checkAdminLogin tokenKey ==> 02cc46b400119993b1886867ad846fca
[2021/04/28-16:48:53] [http-nio-8080-exec-1] [INFO ] [com.example.tgpmsystem.service.impl.LoginServiceImpl] : parseByTokenKey token ==> eyJhbGciOiJIUzI1NiJ9.eyJjb2xsZWdlIjoi6K6h566X5py656eR5a2m5a2m6ZmiIiwiYW5vIjoiMTIzNDU2Nzg5MSIsImlkIjoiODM1OTA2NDk1Mzc0Njg4MjU2IiwiZXhwIjoxNjE5NjA1MTI0fQ.DVbNSnpmFyzxBwbGKy_CWwAiUqsedVKFsUGjNzoBvJE
[2021/04/28-16:48:53] [http-nio-8080-exec-1] [INFO ] [com.example.tgpmsystem.service.impl.LoginServiceImpl] : ----------token is not null-----------
[2021/04/28-16:48:54] [http-nio-8080-exec-1] [INFO ] [com.example.tgpmsystem.service.impl.LoginServiceImpl] : ----------解析token-----------
[2021/04/28-16:51:13] [http-nio-8080-exec-3] [INFO ] [com.example.tgpmsystem.service.impl.LoginServiceImpl] : judgeAdmin tokenKey ==> 02cc46b400119993b1886867ad846fca
[2021/04/28-16:51:13] [http-nio-8080-exec-3] [INFO ] [com.example.tgpmsystem.service.impl.LoginServiceImpl] : checkAdminLogin tokenKey ==> 02cc46b400119993b1886867ad846fca
[2021/04/28-16:51:13] [http-nio-8080-exec-3] [INFO ] [com.example.tgpmsystem.service.impl.LoginServiceImpl] : parseByTokenKey token ==> eyJhbGciOiJIUzI1NiJ9.eyJjb2xsZWdlIjoi6K6h566X5py656eR5a2m5a2m6ZmiIiwiYW5vIjoiMTIzNDU2Nzg5MSIsImlkIjoiODM1OTA2NDk1Mzc0Njg4MjU2IiwiZXhwIjoxNjE5NjA1MTI0fQ.DVbNSnpmFyzxBwbGKy_CWwAiUqsedVKFsUGjNzoBvJE
[2021/04/28-16:51:13] [http-nio-8080-exec-3] [INFO ] [com.example.tgpmsystem.service.impl.LoginServiceImpl] : ----------token is not null-----------
[2021/04/28-16:51:13] [http-nio-8080-exec-3] [INFO ] [com.example.tgpmsystem.service.impl.LoginServiceImpl] : ----------解析token-----------
[2021/04/28-16:51:19] [http-nio-8080-exec-4] [INFO ] [com.example.tgpmsystem.service.impl.LoginServiceImpl] : judgeAdmin tokenKey ==> 02cc46b400119993b1886867ad846fca
[2021/04/28-16:51:19] [http-nio-8080-exec-4] [INFO ] [com.example.tgpmsystem.service.impl.LoginServiceImpl] : checkAdminLogin tokenKey ==> 02cc46b400119993b1886867ad846fca
[2021/04/28-16:51:19] [http-nio-8080-exec-4] [INFO ] [com.example.tgpmsystem.service.impl.LoginServiceImpl] : parseByTokenKey token ==> eyJhbGciOiJIUzI1NiJ9.eyJjb2xsZWdlIjoi6K6h566X5py656eR5a2m5a2m6ZmiIiwiYW5vIjoiMTIzNDU2Nzg5MSIsImlkIjoiODM1OTA2NDk1Mzc0Njg4MjU2IiwiZXhwIjoxNjE5NjA1MTI0fQ.DVbNSnpmFyzxBwbGKy_CWwAiUqsedVKFsUGjNzoBvJE
[2021/04/28-16:51:19] [http-nio-8080-exec-4] [INFO ] [com.example.tgpmsystem.service.impl.LoginServiceImpl] : ----------token is not null-----------
[2021/04/28-16:51:19] [http-nio-8080-exec-4] [INFO ] [com.example.tgpmsystem.service.impl.LoginServiceImpl] : ----------解析token-----------
[2021/04/28-16:51:19] [http-nio-8080-exec-5] [INFO ] [com.example.tgpmsystem.service.impl.LoginServiceImpl] : judgeAdmin tokenKey ==> 02cc46b400119993b1886867ad846fca
[2021/04/28-16:51:19] [http-nio-8080-exec-5] [INFO ] [com.example.tgpmsystem.service.impl.LoginServiceImpl] : checkAdminLogin tokenKey ==> 02cc46b400119993b1886867ad846fca
[2021/04/28-16:51:19] [http-nio-8080-exec-5] [INFO ] [com.example.tgpmsystem.service.impl.LoginServiceImpl] : parseByTokenKey token ==> eyJhbGciOiJIUzI1NiJ9.eyJjb2xsZWdlIjoi6K6h566X5py656eR5a2m5a2m6ZmiIiwiYW5vIjoiMTIzNDU2Nzg5MSIsImlkIjoiODM1OTA2NDk1Mzc0Njg4MjU2IiwiZXhwIjoxNjE5NjA1MTI0fQ.DVbNSnpmFyzxBwbGKy_CWwAiUqsedVKFsUGjNzoBvJE
[2021/04/28-16:51:19] [http-nio-8080-exec-5] [INFO ] [com.example.tgpmsystem.service.impl.LoginServiceImpl] : ----------token is not null-----------
[2021/04/28-16:51:19] [http-nio-8080-exec-5] [INFO ] [com.example.tgpmsystem.service.impl.LoginServiceImpl] : ----------解析token-----------
[2021/04/28-16:51:36] [http-nio-8080-exec-6] [INFO ] [com.example.tgpmsystem.service.impl.LoginServiceImpl] : judgeAdmin tokenKey ==> 02cc46b400119993b1886867ad846fca
[2021/04/28-16:51:36] [http-nio-8080-exec-6] [INFO ] [com.example.tgpmsystem.service.impl.LoginServiceImpl] : checkAdminLogin tokenKey ==> 02cc46b400119993b1886867ad846fca
[2021/04/28-16:51:36] [http-nio-8080-exec-6] [INFO ] [com.example.tgpmsystem.service.impl.LoginServiceImpl] : parseByTokenKey token ==> eyJhbGciOiJIUzI1NiJ9.eyJjb2xsZWdlIjoi6K6h566X5py656eR5a2m5a2m6ZmiIiwiYW5vIjoiMTIzNDU2Nzg5MSIsImlkIjoiODM1OTA2NDk1Mzc0Njg4MjU2IiwiZXhwIjoxNjE5NjA1MTI0fQ.DVbNSnpmFyzxBwbGKy_CWwAiUqsedVKFsUGjNzoBvJE
[2021/04/28-16:51:36] [http-nio-8080-exec-6] [INFO ] [com.example.tgpmsystem.service.impl.LoginServiceImpl] : ----------token is not null-----------
[2021/04/28-16:51:36] [http-nio-8080-exec-6] [INFO ] [com.example.tgpmsystem.service.impl.LoginServiceImpl] : ----------解析token-----------
[2021/04/28-16:51:39] [http-nio-8080-exec-7] [INFO ] [com.example.tgpmsystem.service.impl.LoginServiceImpl] : judgeAdmin tokenKey ==> 02cc46b400119993b1886867ad846fca
[2021/04/28-16:51:39] [http-nio-8080-exec-7] [INFO ] [com.example.tgpmsystem.service.impl.LoginServiceImpl] : checkAdminLogin tokenKey ==> 02cc46b400119993b1886867ad846fca
[2021/04/28-16:51:39] [http-nio-8080-exec-7] [INFO ] [com.example.tgpmsystem.service.impl.LoginServiceImpl] : parseByTokenKey token ==> eyJhbGciOiJIUzI1NiJ9.eyJjb2xsZWdlIjoi6K6h566X5py656eR5a2m5a2m6ZmiIiwiYW5vIjoiMTIzNDU2Nzg5MSIsImlkIjoiODM1OTA2NDk1Mzc0Njg4MjU2IiwiZXhwIjoxNjE5NjA1MTI0fQ.DVbNSnpmFyzxBwbGKy_CWwAiUqsedVKFsUGjNzoBvJE
[2021/04/28-16:51:39] [http-nio-8080-exec-7] [INFO ] [com.example.tgpmsystem.service.impl.LoginServiceImpl] : ----------token is not null-----------
[2021/04/28-16:51:39] [http-nio-8080-exec-7] [INFO ] [com.example.tgpmsystem.service.impl.LoginServiceImpl] : ----------解析token-----------
[2021/04/28-16:51:40] [http-nio-8080-exec-8] [INFO ] [com.example.tgpmsystem.service.impl.LoginServiceImpl] : judgeAdmin tokenKey ==> 02cc46b400119993b1886867ad846fca
[2021/04/28-16:51:40] [http-nio-8080-exec-8] [INFO ] [com.example.tgpmsystem.service.impl.LoginServiceImpl] : checkAdminLogin tokenKey ==> 02cc46b400119993b1886867ad846fca
[2021/04/28-16:51:40] [http-nio-8080-exec-8] [INFO ] [com.example.tgpmsystem.service.impl.LoginServiceImpl] : parseByTokenKey token ==> eyJhbGciOiJIUzI1NiJ9.eyJjb2xsZWdlIjoi6K6h566X5py656eR5a2m5a2m6ZmiIiwiYW5vIjoiMTIzNDU2Nzg5MSIsImlkIjoiODM1OTA2NDk1Mzc0Njg4MjU2IiwiZXhwIjoxNjE5NjA1MTI0fQ.DVbNSnpmFyzxBwbGKy_CWwAiUqsedVKFsUGjNzoBvJE
[2021/04/28-16:51:40] [http-nio-8080-exec-8] [INFO ] [com.example.tgpmsystem.service.impl.LoginServiceImpl] : ----------token is not null-----------
[2021/04/28-16:51:40] [http-nio-8080-exec-8] [INFO ] [com.example.tgpmsystem.service.impl.LoginServiceImpl] : ----------解析token-----------
[2021/04/28-16:53:38] [http-nio-8080-exec-10] [INFO ] [com.example.tgpmsystem.service.impl.LoginServiceImpl] : judgeAdmin tokenKey ==> 02cc46b400119993b1886867ad846fca
[2021/04/28-16:53:38] [http-nio-8080-exec-10] [INFO ] [com.example.tgpmsystem.service.impl.LoginServiceImpl] : checkAdminLogin tokenKey ==> 02cc46b400119993b1886867ad846fca
[2021/04/28-16:53:38] [http-nio-8080-exec-10] [INFO ] [com.example.tgpmsystem.service.impl.LoginServiceImpl] : parseByTokenKey token ==> eyJhbGciOiJIUzI1NiJ9.eyJjb2xsZWdlIjoi6K6h566X5py656eR5a2m5a2m6ZmiIiwiYW5vIjoiMTIzNDU2Nzg5MSIsImlkIjoiODM1OTA2NDk1Mzc0Njg4MjU2IiwiZXhwIjoxNjE5NjA1MTI0fQ.DVbNSnpmFyzxBwbGKy_CWwAiUqsedVKFsUGjNzoBvJE
[2021/04/28-16:53:38] [http-nio-8080-exec-10] [INFO ] [com.example.tgpmsystem.service.impl.LoginServiceImpl] : ----------token is not null-----------
[2021/04/28-16:53:38] [http-nio-8080-exec-10] [INFO ] [com.example.tgpmsystem.service.impl.LoginServiceImpl] : ----------解析token-----------
[2021/04/28-17:06:57] [restartedMain] [INFO ] [com.example.tgpmsystem.TgpmsystemApplication] : Starting TgpmsystemApplication using Java 1.8.0_191 on DESKTOP-UD6V6D5 with PID 11868 (E:\Project_IDEA\tgpmsystem\target\classes started by 陈香伶 in E:\Project_IDEA\tgpmsystem)
[2021/04/28-17:06:57] [restartedMain] [INFO ] [com.example.tgpmsystem.TgpmsystemApplication] : No active profile set, falling back to default profiles: default
[2021/04/28-17:07:03] [restartedMain] [INFO ] [com.example.tgpmsystem.TgpmsystemApplication] : Started TgpmsystemApplication in 6.286 seconds (JVM running for 7.97)
[2021/04/28-17:07:15] [http-nio-8080-exec-1] [INFO ] [com.example.tgpmsystem.service.impl.LoginServiceImpl] : judgeAdmin tokenKey ==> 02cc46b400119993b1886867ad846fca
[2021/04/28-17:07:15] [http-nio-8080-exec-1] [INFO ] [com.example.tgpmsystem.service.impl.LoginServiceImpl] : checkAdminLogin tokenKey ==> 02cc46b400119993b1886867ad846fca
[2021/04/28-17:07:17] [http-nio-8080-exec-1] [INFO ] [com.example.tgpmsystem.service.impl.LoginServiceImpl] : parseByTokenKey token ==> eyJhbGciOiJIUzI1NiJ9.eyJjb2xsZWdlIjoi6K6h566X5py656eR5a2m5a2m6ZmiIiwiYW5vIjoiMTIzNDU2Nzg5MSIsImlkIjoiODM1OTA2NDk1Mzc0Njg4MjU2IiwiZXhwIjoxNjE5NjA1MTI0fQ.DVbNSnpmFyzxBwbGKy_CWwAiUqsedVKFsUGjNzoBvJE
[2021/04/28-17:07:17] [http-nio-8080-exec-1] [INFO ] [com.example.tgpmsystem.service.impl.LoginServiceImpl] : ----------token is not null-----------
[2021/04/28-17:07:18] [http-nio-8080-exec-1] [INFO ] [com.example.tgpmsystem.service.impl.LoginServiceImpl] : ----------解析token-----------
[2021/04/28-17:09:23] [http-nio-8080-exec-3] [INFO ] [com.example.tgpmsystem.service.impl.LoginServiceImpl] : judgeAdmin tokenKey ==> 02cc46b400119993b1886867ad846fca
[2021/04/28-17:09:23] [http-nio-8080-exec-3] [INFO ] [com.example.tgpmsystem.service.impl.LoginServiceImpl] : checkAdminLogin tokenKey ==> 02cc46b400119993b1886867ad846fca
[2021/04/28-17:09:23] [http-nio-8080-exec-3] [INFO ] [com.example.tgpmsystem.service.impl.LoginServiceImpl] : parseByTokenKey token ==> eyJhbGciOiJIUzI1NiJ9.eyJjb2xsZWdlIjoi6K6h566X5py656eR5a2m5a2m6ZmiIiwiYW5vIjoiMTIzNDU2Nzg5MSIsImlkIjoiODM1OTA2NDk1Mzc0Njg4MjU2IiwiZXhwIjoxNjE5NjA1MTI0fQ.DVbNSnpmFyzxBwbGKy_CWwAiUqsedVKFsUGjNzoBvJE
[2021/04/28-17:09:23] [http-nio-8080-exec-3] [INFO ] [com.example.tgpmsystem.service.impl.LoginServiceImpl] : ----------token is not null-----------
[2021/04/28-17:09:23] [http-nio-8080-exec-3] [INFO ] [com.example.tgpmsystem.service.impl.LoginServiceImpl] : ----------解析token-----------
[2021/04/28-17:09:24] [http-nio-8080-exec-2] [INFO ] [com.example.tgpmsystem.service.impl.LoginServiceImpl] : judgeAdmin tokenKey ==> 02cc46b400119993b1886867ad846fca
[2021/04/28-17:09:24] [http-nio-8080-exec-2] [INFO ] [com.example.tgpmsystem.service.impl.LoginServiceImpl] : checkAdminLogin tokenKey ==> 02cc46b400119993b1886867ad846fca
[2021/04/28-17:09:24] [http-nio-8080-exec-2] [INFO ] [com.example.tgpmsystem.service.impl.LoginServiceImpl] : parseByTokenKey token ==> eyJhbGciOiJIUzI1NiJ9.eyJjb2xsZWdlIjoi6K6h566X5py656eR5a2m5a2m6ZmiIiwiYW5vIjoiMTIzNDU2Nzg5MSIsImlkIjoiODM1OTA2NDk1Mzc0Njg4MjU2IiwiZXhwIjoxNjE5NjA1MTI0fQ.DVbNSnpmFyzxBwbGKy_CWwAiUqsedVKFsUGjNzoBvJE
[2021/04/28-17:09:24] [http-nio-8080-exec-2] [INFO ] [com.example.tgpmsystem.service.impl.LoginServiceImpl] : ----------token is not null-----------
[2021/04/28-17:09:24] [http-nio-8080-exec-2] [INFO ] [com.example.tgpmsystem.service.impl.LoginServiceImpl] : ----------解析token-----------
[2021/04/28-17:09:29] [http-nio-8080-exec-5] [INFO ] [com.example.tgpmsystem.service.impl.LoginServiceImpl] : judgeAdmin tokenKey ==> 02cc46b400119993b1886867ad846fca
[2021/04/28-17:09:29] [http-nio-8080-exec-5] [INFO ] [com.example.tgpmsystem.service.impl.LoginServiceImpl] : checkAdminLogin tokenKey ==> 02cc46b400119993b1886867ad846fca
[2021/04/28-17:09:29] [http-nio-8080-exec-5] [INFO ] [com.example.tgpmsystem.service.impl.LoginServiceImpl] : parseByTokenKey token ==> eyJhbGciOiJIUzI1NiJ9.eyJjb2xsZWdlIjoi6K6h566X5py656eR5a2m5a2m6ZmiIiwiYW5vIjoiMTIzNDU2Nzg5MSIsImlkIjoiODM1OTA2NDk1Mzc0Njg4MjU2IiwiZXhwIjoxNjE5NjA1MTI0fQ.DVbNSnpmFyzxBwbGKy_CWwAiUqsedVKFsUGjNzoBvJE
[2021/04/28-17:09:29] [http-nio-8080-exec-5] [INFO ] [com.example.tgpmsystem.service.impl.LoginServiceImpl] : ----------token is not null-----------
[2021/04/28-17:09:29] [http-nio-8080-exec-5] [INFO ] [com.example.tgpmsystem.service.impl.LoginServiceImpl] : ----------解析token-----------
[2021/04/28-17:10:59] [restartedMain] [INFO ] [com.example.tgpmsystem.TgpmsystemApplication] : Starting TgpmsystemApplication using Java 1.8.0_191 on DESKTOP-UD6V6D5 with PID 4628 (E:\Project_IDEA\tgpmsystem\target\classes started by 陈香伶 in E:\Project_IDEA\tgpmsystem)
[2021/04/28-17:10:59] [restartedMain] [INFO ] [com.example.tgpmsystem.TgpmsystemApplication] : No active profile set, falling back to default profiles: default
[2021/04/28-17:11:05] [restartedMain] [INFO ] [com.example.tgpmsystem.TgpmsystemApplication] : Started TgpmsystemApplication in 6.056 seconds (JVM running for 7.796)
[2021/04/28-17:11:19] [http-nio-8080-exec-1] [INFO ] [com.example.tgpmsystem.service.impl.LoginServiceImpl] : judgeAdmin tokenKey ==> 02cc46b400119993b1886867ad846fca
[2021/04/28-17:11:19] [http-nio-8080-exec-1] [INFO ] [com.example.tgpmsystem.service.impl.LoginServiceImpl] : checkAdminLogin tokenKey ==> 02cc46b400119993b1886867ad846fca
[2021/04/28-17:11:21] [http-nio-8080-exec-1] [INFO ] [com.example.tgpmsystem.service.impl.LoginServiceImpl] : parseByTokenKey token ==> eyJhbGciOiJIUzI1NiJ9.eyJjb2xsZWdlIjoi6K6h566X5py656eR5a2m5a2m6ZmiIiwiYW5vIjoiMTIzNDU2Nzg5MSIsImlkIjoiODM1OTA2NDk1Mzc0Njg4MjU2IiwiZXhwIjoxNjE5NjA1MTI0fQ.DVbNSnpmFyzxBwbGKy_CWwAiUqsedVKFsUGjNzoBvJE
[2021/04/28-17:11:21] [http-nio-8080-exec-1] [INFO ] [com.example.tgpmsystem.service.impl.LoginServiceImpl] : ----------token is not null-----------
[2021/04/28-17:11:21] [http-nio-8080-exec-1] [INFO ] [com.example.tgpmsystem.service.impl.LoginServiceImpl] : ----------解析token-----------
[2021/04/28-17:11:22] [http-nio-8080-exec-2] [INFO ] [com.example.tgpmsystem.service.impl.LoginServiceImpl] : judgeAdmin tokenKey ==> 02cc46b400119993b1886867ad846fca
[2021/04/28-17:11:22] [http-nio-8080-exec-2] [INFO ] [com.example.tgpmsystem.service.impl.LoginServiceImpl] : checkAdminLogin tokenKey ==> 02cc46b400119993b1886867ad846fca
[2021/04/28-17:11:22] [http-nio-8080-exec-2] [INFO ] [com.example.tgpmsystem.service.impl.LoginServiceImpl] : parseByTokenKey token ==> eyJhbGciOiJIUzI1NiJ9.eyJjb2xsZWdlIjoi6K6h566X5py656eR5a2m5a2m6ZmiIiwiYW5vIjoiMTIzNDU2Nzg5MSIsImlkIjoiODM1OTA2NDk1Mzc0Njg4MjU2IiwiZXhwIjoxNjE5NjA1MTI0fQ.DVbNSnpmFyzxBwbGKy_CWwAiUqsedVKFsUGjNzoBvJE
[2021/04/28-17:11:22] [http-nio-8080-exec-2] [INFO ] [com.example.tgpmsystem.service.impl.LoginServiceImpl] : ----------token is not null-----------
[2021/04/28-17:11:22] [http-nio-8080-exec-2] [INFO ] [com.example.tgpmsystem.service.impl.LoginServiceImpl] : ----------解析token-----------
[2021/04/28-17:11:42] [http-nio-8080-exec-3] [INFO ] [com.example.tgpmsystem.service.impl.LoginServiceImpl] : tokenKey ==> is null
[2021/04/28-17:11:42] [http-nio-8080-exec-3] [INFO ] [com.example.tgpmsystem.service.impl.LoginServiceImpl] : judgeAdmin tokenKey ==> 02cc46b400119993b1886867ad846fca
[2021/04/28-17:11:42] [http-nio-8080-exec-3] [INFO ] [com.example.tgpmsystem.service.impl.LoginServiceImpl] : checkAdminLogin tokenKey ==> 02cc46b400119993b1886867ad846fca
[2021/04/28-17:11:42] [http-nio-8080-exec-3] [INFO ] [com.example.tgpmsystem.service.impl.LoginServiceImpl] : parseByTokenKey token ==> eyJhbGciOiJIUzI1NiJ9.eyJjb2xsZWdlIjoi6K6h566X5py656eR5a2m5a2m6ZmiIiwiYW5vIjoiMTIzNDU2Nzg5MSIsImlkIjoiODM1OTA2NDk1Mzc0Njg4MjU2IiwiZXhwIjoxNjE5NjA1MTI0fQ.DVbNSnpmFyzxBwbGKy_CWwAiUqsedVKFsUGjNzoBvJE
[2021/04/28-17:11:42] [http-nio-8080-exec-3] [INFO ] [com.example.tgpmsystem.service.impl.LoginServiceImpl] : ----------token is not null-----------
[2021/04/28-17:11:42] [http-nio-8080-exec-3] [INFO ] [com.example.tgpmsystem.service.impl.LoginServiceImpl] : ----------解析token-----------
[2021/04/28-17:11:48] [http-nio-8080-exec-4] [INFO ] [com.example.tgpmsystem.service.impl.LoginServiceImpl] : tokenKey ==> is null
[2021/04/28-17:11:48] [http-nio-8080-exec-4] [INFO ] [com.example.tgpmsystem.service.impl.LoginServiceImpl] : judgeAdmin tokenKey ==> 02cc46b400119993b1886867ad846fca
[2021/04/28-17:11:48] [http-nio-8080-exec-4] [INFO ] [com.example.tgpmsystem.service.impl.LoginServiceImpl] : checkAdminLogin tokenKey ==> 02cc46b400119993b1886867ad846fca
[2021/04/28-17:11:48] [http-nio-8080-exec-4] [INFO ] [com.example.tgpmsystem.service.impl.LoginServiceImpl] : parseByTokenKey token ==> eyJhbGciOiJIUzI1NiJ9.eyJjb2xsZWdlIjoi6K6h566X5py656eR5a2m5a2m6ZmiIiwiYW5vIjoiMTIzNDU2Nzg5MSIsImlkIjoiODM1OTA2NDk1Mzc0Njg4MjU2IiwiZXhwIjoxNjE5NjA1MTI0fQ.DVbNSnpmFyzxBwbGKy_CWwAiUqsedVKFsUGjNzoBvJE
[2021/04/28-17:11:48] [http-nio-8080-exec-4] [INFO ] [com.example.tgpmsystem.service.impl.LoginServiceImpl] : ----------token is not null-----------
[2021/04/28-17:11:48] [http-nio-8080-exec-4] [INFO ] [com.example.tgpmsystem.service.impl.LoginServiceImpl] : ----------解析token-----------
[2021/04/28-17:11:48] [http-nio-8080-exec-5] [INFO ] [com.example.tgpmsystem.service.impl.LoginServiceImpl] : tokenKey ==> is null
[2021/04/28-17:11:48] [http-nio-8080-exec-5] [INFO ] [com.example.tgpmsystem.service.impl.LoginServiceImpl] : judgeAdmin tokenKey ==> null
[2021/04/28-17:11:48] [http-nio-8080-exec-5] [INFO ] [com.example.tgpmsystem.service.impl.LoginServiceImpl] : tokenKey ==> is null
