[2021/04/25-14:02:31] [restartedMain] [INFO ] [com.example.tgpmsystem.TgpmsystemApplication] : Starting TgpmsystemApplication using Java 1.8.0_191 on DESKTOP-UD6V6D5 with PID 15524 (E:\Project_IDEA\tgpmsystem\target\classes started by 陈香伶 in E:\Project_IDEA\tgpmsystem)
[2021/04/25-14:02:31] [restartedMain] [INFO ] [com.example.tgpmsystem.TgpmsystemApplication] : No active profile set, falling back to default profiles: default
[2021/04/25-14:02:40] [restartedMain] [INFO ] [com.example.tgpmsystem.TgpmsystemApplication] : Started TgpmsystemApplication in 9.784 seconds (JVM running for 12.104)
[2021/04/25-14:05:27] [http-nio-8080-exec-2] [INFO ] [com.example.tgpmsystem.controller.TestController] : ---------hello world----------
[2021/04/25-14:16:29] [restartedMain] [INFO ] [com.example.tgpmsystem.TgpmsystemApplication] : Starting TgpmsystemApplication using Java 1.8.0_191 on DESKTOP-UD6V6D5 with PID 15048 (E:\Project_IDEA\tgpmsystem\target\classes started by 陈香伶 in E:\Project_IDEA\tgpmsystem)
[2021/04/25-14:16:29] [restartedMain] [INFO ] [com.example.tgpmsystem.TgpmsystemApplication] : No active profile set, falling back to default profiles: default
[2021/04/25-14:16:35] [restartedMain] [INFO ] [com.example.tgpmsystem.TgpmsystemApplication] : Started TgpmsystemApplication in 6.652 seconds (JVM running for 8.406)
[2021/04/25-14:16:48] [http-nio-8080-exec-1] [INFO ] [com.example.tgpmsystem.controller.TestController] : ---------hello world----------
[2021/04/25-15:22:09] [restartedMain] [INFO ] [com.example.tgpmsystem.TgpmsystemApplication] : Starting TgpmsystemApplication using Java 1.8.0_191 on DESKTOP-UD6V6D5 with PID 9024 (E:\Project_IDEA\tgpmsystem\target\classes started by 陈香伶 in E:\Project_IDEA\tgpmsystem)
[2021/04/25-15:22:09] [restartedMain] [INFO ] [com.example.tgpmsystem.TgpmsystemApplication] : No active profile set, falling back to default profiles: default
[2021/04/25-15:22:15] [restartedMain] [INFO ] [com.example.tgpmsystem.TgpmsystemApplication] : Started TgpmsystemApplication in 6.495 seconds (JVM running for 8.214)
[2021/04/25-15:28:51] [restartedMain] [INFO ] [com.example.tgpmsystem.TgpmsystemApplication] : Starting TgpmsystemApplication using Java 1.8.0_191 on DESKTOP-UD6V6D5 with PID 12396 (E:\Project_IDEA\tgpmsystem\target\classes started by 陈香伶 in E:\Project_IDEA\tgpmsystem)
[2021/04/25-15:28:51] [restartedMain] [INFO ] [com.example.tgpmsystem.TgpmsystemApplication] : No active profile set, falling back to default profiles: default
[2021/04/25-15:28:57] [restartedMain] [INFO ] [com.example.tgpmsystem.TgpmsystemApplication] : Started TgpmsystemApplication in 6.444 seconds (JVM running for 8.375)
[2021/04/25-15:37:20] [restartedMain] [INFO ] [com.example.tgpmsystem.TgpmsystemApplication] : Starting TgpmsystemApplication using Java 1.8.0_191 on DESKTOP-UD6V6D5 with PID 16600 (E:\Project_IDEA\tgpmsystem\target\classes started by 陈香伶 in E:\Project_IDEA\tgpmsystem)
[2021/04/25-15:37:20] [restartedMain] [INFO ] [com.example.tgpmsystem.TgpmsystemApplication] : No active profile set, falling back to default profiles: default
[2021/04/25-15:37:26] [restartedMain] [INFO ] [com.example.tgpmsystem.TgpmsystemApplication] : Started TgpmsystemApplication in 6.96 seconds (JVM running for 8.915)
[2021/04/25-15:52:21] [restartedMain] [INFO ] [com.example.tgpmsystem.TgpmsystemApplication] : Starting TgpmsystemApplication using Java 1.8.0_191 on DESKTOP-UD6V6D5 with PID 9088 (E:\Project_IDEA\tgpmsystem\target\classes started by 陈香伶 in E:\Project_IDEA\tgpmsystem)
[2021/04/25-15:52:21] [restartedMain] [INFO ] [com.example.tgpmsystem.TgpmsystemApplication] : No active profile set, falling back to default profiles: default
[2021/04/25-15:52:26] [restartedMain] [INFO ] [com.example.tgpmsystem.TgpmsystemApplication] : Started TgpmsystemApplication in 6.153 seconds (JVM running for 7.901)
[2021/04/25-15:57:23] [http-nio-8080-exec-7] [INFO ] [com.example.tgpmsystem.service.impl.LoginServiceImpl] : judgeAdmin tokenKey ==> 19fedc9607be41dbfab70491c27f29ad
[2021/04/25-15:57:23] [http-nio-8080-exec-7] [INFO ] [com.example.tgpmsystem.service.impl.LoginServiceImpl] : checkAdminLogin tokenKey ==> 19fedc9607be41dbfab70491c27f29ad
[2021/04/25-15:57:23] [http-nio-8080-exec-7] [INFO ] [com.example.tgpmsystem.service.impl.LoginServiceImpl] : parseByTokenKey token ==> eyJhbGciOiJIUzI1NiJ9.eyJjb2xsZWdlIjoi6K6h566X5py656eR5a2m5LiO5oqA5pyvIiwiYW5vIjoiMTIzNDU2Nzg5MSIsImlkIjoiODM1OTA2NDk1Mzc0Njg4MjU2IiwiZXhwIjoxNjE5MzQ0NTE2fQ.NPytDrOD3iXmtj7jyCsMBExJQjU-xY7TbG9Yoj8kL08
[2021/04/25-15:57:23] [http-nio-8080-exec-7] [INFO ] [com.example.tgpmsystem.service.impl.LoginServiceImpl] : ----------token is not null-----------
[2021/04/25-15:57:23] [http-nio-8080-exec-7] [INFO ] [com.example.tgpmsystem.service.impl.LoginServiceImpl] : ----------解析token-----------
[2021/04/25-16:02:04] [http-nio-8080-exec-10] [INFO ] [com.example.tgpmsystem.service.impl.LoginServiceImpl] : judgeAdmin tokenKey ==> 19fedc9607be41dbfab70491c27f29ad
[2021/04/25-16:02:04] [http-nio-8080-exec-10] [INFO ] [com.example.tgpmsystem.service.impl.LoginServiceImpl] : checkAdminLogin tokenKey ==> 19fedc9607be41dbfab70491c27f29ad
[2021/04/25-16:02:04] [http-nio-8080-exec-10] [INFO ] [com.example.tgpmsystem.service.impl.LoginServiceImpl] : parseByTokenKey token ==> eyJhbGciOiJIUzI1NiJ9.eyJjb2xsZWdlIjoi6K6h566X5py656eR5a2m5LiO5oqA5pyvIiwiYW5vIjoiMTIzNDU2Nzg5MSIsImlkIjoiODM1OTA2NDk1Mzc0Njg4MjU2IiwiZXhwIjoxNjE5MzQ0NTE2fQ.NPytDrOD3iXmtj7jyCsMBExJQjU-xY7TbG9Yoj8kL08
[2021/04/25-16:02:04] [http-nio-8080-exec-10] [INFO ] [com.example.tgpmsystem.service.impl.LoginServiceImpl] : ----------token is not null-----------
[2021/04/25-16:02:04] [http-nio-8080-exec-10] [INFO ] [com.example.tgpmsystem.service.impl.LoginServiceImpl] : ----------解析token-----------
[2021/04/25-16:03:07] [restartedMain] [INFO ] [com.example.tgpmsystem.TgpmsystemApplication] : Starting TgpmsystemApplication using Java 1.8.0_191 on DESKTOP-UD6V6D5 with PID 23336 (E:\Project_IDEA\tgpmsystem\target\classes started by 陈香伶 in E:\Project_IDEA\tgpmsystem)
[2021/04/25-16:03:07] [restartedMain] [INFO ] [com.example.tgpmsystem.TgpmsystemApplication] : No active profile set, falling back to default profiles: default
[2021/04/25-16:03:13] [restartedMain] [INFO ] [com.example.tgpmsystem.TgpmsystemApplication] : Started TgpmsystemApplication in 6.339 seconds (JVM running for 8.124)
[2021/04/25-16:03:39] [http-nio-8080-exec-2] [INFO ] [com.example.tgpmsystem.service.impl.LoginServiceImpl] : judgeAdmin tokenKey ==> 19fedc9607be41dbfab70491c27f29ad
[2021/04/25-16:03:39] [http-nio-8080-exec-2] [INFO ] [com.example.tgpmsystem.service.impl.LoginServiceImpl] : checkAdminLogin tokenKey ==> 19fedc9607be41dbfab70491c27f29ad
[2021/04/25-16:03:41] [http-nio-8080-exec-2] [INFO ] [com.example.tgpmsystem.service.impl.LoginServiceImpl] : parseByTokenKey token ==> eyJhbGciOiJIUzI1NiJ9.eyJjb2xsZWdlIjoi6K6h566X5py656eR5a2m5LiO5oqA5pyvIiwiYW5vIjoiMTIzNDU2Nzg5MSIsImlkIjoiODM1OTA2NDk1Mzc0Njg4MjU2IiwiZXhwIjoxNjE5MzQ0NTE2fQ.NPytDrOD3iXmtj7jyCsMBExJQjU-xY7TbG9Yoj8kL08
[2021/04/25-16:03:41] [http-nio-8080-exec-2] [INFO ] [com.example.tgpmsystem.service.impl.LoginServiceImpl] : ----------token is not null-----------
[2021/04/25-16:03:42] [http-nio-8080-exec-2] [INFO ] [com.example.tgpmsystem.service.impl.LoginServiceImpl] : ----------解析token-----------
[2021/04/25-16:05:29] [http-nio-8080-exec-8] [INFO ] [com.example.tgpmsystem.service.impl.LoginServiceImpl] : tokenKey ==> is null
[2021/04/25-16:05:29] [http-nio-8080-exec-8] [INFO ] [com.example.tgpmsystem.service.impl.LoginServiceImpl] : judgeAdmin tokenKey ==> 19fedc9607be41dbfab70491c27f29ad
[2021/04/25-16:05:29] [http-nio-8080-exec-8] [INFO ] [com.example.tgpmsystem.service.impl.LoginServiceImpl] : checkAdminLogin tokenKey ==> 19fedc9607be41dbfab70491c27f29ad
[2021/04/25-16:05:29] [http-nio-8080-exec-8] [INFO ] [com.example.tgpmsystem.service.impl.LoginServiceImpl] : parseByTokenKey token ==> eyJhbGciOiJIUzI1NiJ9.eyJjb2xsZWdlIjoi6K6h566X5py656eR5a2m5LiO5oqA5pyvIiwiYW5vIjoiMTIzNDU2Nzg5MSIsImlkIjoiODM1OTA2NDk1Mzc0Njg4MjU2IiwiZXhwIjoxNjE5MzQ0NTE2fQ.NPytDrOD3iXmtj7jyCsMBExJQjU-xY7TbG9Yoj8kL08
[2021/04/25-16:05:29] [http-nio-8080-exec-8] [INFO ] [com.example.tgpmsystem.service.impl.LoginServiceImpl] : ----------token is not null-----------
[2021/04/25-16:05:29] [http-nio-8080-exec-8] [INFO ] [com.example.tgpmsystem.service.impl.LoginServiceImpl] : ----------解析token-----------
[2021/04/25-16:05:29] [http-nio-8080-exec-7] [INFO ] [com.example.tgpmsystem.service.impl.LoginServiceImpl] : tokenKey ==> is null
[2021/04/25-16:05:29] [http-nio-8080-exec-7] [INFO ] [com.example.tgpmsystem.service.impl.LoginServiceImpl] : judgeAdmin tokenKey ==> null
[2021/04/25-16:05:29] [http-nio-8080-exec-7] [INFO ] [com.example.tgpmsystem.service.impl.LoginServiceImpl] : tokenKey ==> is null
[2021/04/25-16:07:18] [http-nio-8080-exec-9] [INFO ] [com.example.tgpmsystem.service.impl.LoginServiceImpl] : tokenKey ==> is null
[2021/04/25-16:07:18] [http-nio-8080-exec-9] [INFO ] [com.example.tgpmsystem.service.impl.LoginServiceImpl] : judgeAdmin tokenKey ==> null
[2021/04/25-16:07:18] [http-nio-8080-exec-9] [INFO ] [com.example.tgpmsystem.service.impl.LoginServiceImpl] : tokenKey ==> is null
[2021/04/25-16:08:01] [http-nio-8080-exec-2] [INFO ] [com.example.tgpmsystem.service.impl.LoginServiceImpl] : checkStuLogin tokenKey ==> 5201b675e36a7cdd692a6393258331f2
[2021/04/25-16:08:01] [http-nio-8080-exec-2] [INFO ] [com.example.tgpmsystem.service.impl.LoginServiceImpl] : parseByTokenKey token ==> eyJhbGciOiJIUzI1NiJ9.eyJjb2xsZWdlIjoi6K6h566X5py656eR5a2m5LiO5oqA5pyvIiwicHJvZmVzcyI6Iuiuoeeul-acuuenkeWtpuS4juaKgOacryIsInNubyI6IjIwMTcxMTAyMDEiLCJhZG1pc3MiOiIyMDE3Iiwic2V4Ijoi5aWzIiwibmFtZSI6IuS5g-aPkCIsImlkIjoiODM1OTA4OTQzOTMzODY1OTg0IiwidHlwZSI6IuWtpuacr-aAp-ehleWjqyIsImV4cCI6MTYxOTM0NTI3NCwiZW1haWwiOiIyMDE3MTEwMjAxQHFxLmNvbSIsImRpcmVjdGlvbiI6IuS6uuW3peaZuuiDvSIsInN0YXR1cyI6IjEifQ.e4chm-h7Qruf1oIqvBHFk9hhFJHesy1TpKAoTIGNr4E
[2021/04/25-16:08:01] [http-nio-8080-exec-2] [INFO ] [com.example.tgpmsystem.service.impl.LoginServiceImpl] : ----------token is not null-----------
[2021/04/25-16:08:01] [http-nio-8080-exec-2] [INFO ] [com.example.tgpmsystem.service.impl.LoginServiceImpl] : 2017110201
[2021/04/25-16:08:01] [http-nio-8080-exec-2] [INFO ] [com.example.tgpmsystem.service.impl.LoginServiceImpl] : ----------解析token-----------
[2021/04/25-16:08:01] [http-nio-8080-exec-2] [INFO ] [com.example.tgpmsystem.service.impl.LoginServiceImpl] : tokenKey ==> is null
[2021/04/25-16:08:01] [http-nio-8080-exec-2] [INFO ] [com.example.tgpmsystem.service.impl.LoginServiceImpl] : judgeAdmin tokenKey ==> null
[2021/04/25-16:08:01] [http-nio-8080-exec-2] [INFO ] [com.example.tgpmsystem.service.impl.LoginServiceImpl] : tokenKey ==> is null
[2021/04/25-16:08:01] [http-nio-8080-exec-4] [INFO ] [com.example.tgpmsystem.service.impl.LoginServiceImpl] : tokenKey ==> is null
[2021/04/25-16:08:01] [http-nio-8080-exec-4] [INFO ] [com.example.tgpmsystem.service.impl.LoginServiceImpl] : judgeAdmin tokenKey ==> null
[2021/04/25-16:08:01] [http-nio-8080-exec-4] [INFO ] [com.example.tgpmsystem.service.impl.LoginServiceImpl] : tokenKey ==> is null
[2021/04/25-16:10:37] [http-nio-8080-exec-7] [INFO ] [com.example.tgpmsystem.service.impl.LoginServiceImpl] : checkStuLogin tokenKey ==> 3c7ce17ffb8b37153c9d14144cc8d3cb
[2021/04/25-16:10:37] [http-nio-8080-exec-7] [INFO ] [com.example.tgpmsystem.service.impl.LoginServiceImpl] : parseByTokenKey token ==> eyJhbGciOiJIUzI1NiJ9.eyJjb2xsZWdlIjoi6K6h566X5py656eR5a2m5LiO5oqA5pyvIiwicHJvZmVzcyI6Iuiuoeeul-acuuenkeWtpuS4juaKgOacryIsInNubyI6IjIwMTcxMTAyMDEiLCJhZG1pc3MiOiIyMDE3Iiwic2V4Ijoi5aWzIiwibmFtZSI6IuS5g-aPkCIsImlkIjoiODM1OTA4OTQzOTMzODY1OTg0IiwidHlwZSI6IuWtpuacr-aAp-ehleWjqyIsImV4cCI6MTYxOTM0NTQyOSwiZW1haWwiOiIyMDE3MTEwMjAxQHFxLmNvbSIsImRpcmVjdGlvbiI6IuS6uuW3peaZuuiDvSIsInN0YXR1cyI6IjEifQ.ZJ2TD02b3wtIzbh4RZUAsV4lL6D64fRmASzgJ0Lu438
[2021/04/25-16:10:37] [http-nio-8080-exec-7] [INFO ] [com.example.tgpmsystem.service.impl.LoginServiceImpl] : ----------token is not null-----------
[2021/04/25-16:10:37] [http-nio-8080-exec-7] [INFO ] [com.example.tgpmsystem.service.impl.LoginServiceImpl] : 2017110201
[2021/04/25-16:10:37] [http-nio-8080-exec-7] [INFO ] [com.example.tgpmsystem.service.impl.LoginServiceImpl] : ----------解析token-----------
[2021/04/25-16:10:37] [http-nio-8080-exec-7] [INFO ] [com.example.tgpmsystem.service.impl.LoginServiceImpl] : tokenKey ==> is null
[2021/04/25-16:10:37] [http-nio-8080-exec-7] [INFO ] [com.example.tgpmsystem.service.impl.LoginServiceImpl] : judgeAdmin tokenKey ==> null
[2021/04/25-16:10:37] [http-nio-8080-exec-7] [INFO ] [com.example.tgpmsystem.service.impl.LoginServiceImpl] : tokenKey ==> is null
[2021/04/25-16:10:37] [http-nio-8080-exec-6] [INFO ] [com.example.tgpmsystem.service.impl.LoginServiceImpl] : tokenKey ==> is null
[2021/04/25-16:10:37] [http-nio-8080-exec-6] [INFO ] [com.example.tgpmsystem.service.impl.LoginServiceImpl] : judgeAdmin tokenKey ==> null
[2021/04/25-16:10:37] [http-nio-8080-exec-6] [INFO ] [com.example.tgpmsystem.service.impl.LoginServiceImpl] : tokenKey ==> is null
[2021/04/25-16:11:00] [http-nio-8080-exec-1] [INFO ] [com.example.tgpmsystem.service.impl.LoginServiceImpl] : checkTeaLogin tokenKey ==> e9c6e2a4e5ffae9243fbe835e62533c8
[2021/04/25-16:11:00] [http-nio-8080-exec-1] [INFO ] [com.example.tgpmsystem.service.impl.LoginServiceImpl] : parseByTokenKey token ==> eyJhbGciOiJIUzI1NiJ9.eyJjb2xsZWdlIjoi6K6h566X5py656eR5a2m5LiO5oqA5pyvIiwidG5vIjoiMTk5OTExMDIwMSIsInNleCI6IuWlsyIsIm5hbWUiOiLpmYjogIHluIgiLCJyYW5rIjoi5Ymv5pWZ5o6IIiwiaWQiOiI4MzU5MDczNTc4ODI5NzQyMDgiLCJleHAiOjE2MTkzNDU0NTMsImVtYWlsIjoiMTk5OTExMDIwMUBxcS5jb20iLCJkaXJlY3Rpb24iOiLmlbDmja7mjJbmjpgiLCJzdGF0dXMiOiIxIn0.POJTLhTmknibWz1NwwwKYiMZj1qIf1MzYJsiQhvkWds
[2021/04/25-16:11:00] [http-nio-8080-exec-1] [INFO ] [com.example.tgpmsystem.service.impl.LoginServiceImpl] : ----------token is not null-----------
[2021/04/25-16:11:00] [http-nio-8080-exec-1] [INFO ] [com.example.tgpmsystem.service.impl.LoginServiceImpl] : null
[2021/04/25-16:11:00] [http-nio-8080-exec-1] [INFO ] [com.example.tgpmsystem.service.impl.LoginServiceImpl] : ----------解析token-----------
[2021/04/25-16:11:00] [http-nio-8080-exec-1] [INFO ] [com.example.tgpmsystem.service.impl.LoginServiceImpl] : judgeAdmin tokenKey ==> null
[2021/04/25-16:11:00] [http-nio-8080-exec-1] [INFO ] [com.example.tgpmsystem.service.impl.LoginServiceImpl] : tokenKey ==> is null
[2021/04/25-16:11:01] [http-nio-8080-exec-2] [INFO ] [com.example.tgpmsystem.service.impl.LoginServiceImpl] : tokenKey ==> is null
[2021/04/25-16:11:01] [http-nio-8080-exec-2] [INFO ] [com.example.tgpmsystem.service.impl.LoginServiceImpl] : judgeAdmin tokenKey ==> null
[2021/04/25-16:11:01] [http-nio-8080-exec-2] [INFO ] [com.example.tgpmsystem.service.impl.LoginServiceImpl] : tokenKey ==> is null
[2021/04/25-16:11:45] [http-nio-8080-exec-3] [INFO ] [com.example.tgpmsystem.service.impl.LoginServiceImpl] : tokenKey ==> is null
[2021/04/25-16:11:45] [http-nio-8080-exec-3] [INFO ] [com.example.tgpmsystem.service.impl.LoginServiceImpl] : judgeAdmin tokenKey ==> 9fe18bdaacf0ad422defbb3f6a0bef8a
[2021/04/25-16:11:45] [http-nio-8080-exec-3] [INFO ] [com.example.tgpmsystem.service.impl.LoginServiceImpl] : checkAdminLogin tokenKey ==> 9fe18bdaacf0ad422defbb3f6a0bef8a
[2021/04/25-16:11:45] [http-nio-8080-exec-3] [INFO ] [com.example.tgpmsystem.service.impl.LoginServiceImpl] : parseByTokenKey token ==> eyJhbGciOiJIUzI1NiJ9.eyJjb2xsZWdlIjoi6K6h566X5py656eR5a2m5LiO5oqA5pyvIiwiYW5vIjoiMTIzNDU2Nzg5MSIsImlkIjoiODM1OTA2NDk1Mzc0Njg4MjU2IiwiZXhwIjoxNjE5MzQ1NDY4fQ.GMfA9ZPnlgAk3sHiMK8vayalehoq8K_Kxw5aUjKH7L0
[2021/04/25-16:11:45] [http-nio-8080-exec-3] [INFO ] [com.example.tgpmsystem.service.impl.LoginServiceImpl] : ----------token is not null-----------
[2021/04/25-16:11:45] [http-nio-8080-exec-3] [INFO ] [com.example.tgpmsystem.service.impl.LoginServiceImpl] : ----------解析token-----------
[2021/04/25-16:11:45] [http-nio-8080-exec-5] [INFO ] [com.example.tgpmsystem.service.impl.LoginServiceImpl] : tokenKey ==> is null
[2021/04/25-16:11:45] [http-nio-8080-exec-5] [INFO ] [com.example.tgpmsystem.service.impl.LoginServiceImpl] : judgeAdmin tokenKey ==> null
[2021/04/25-16:11:45] [http-nio-8080-exec-5] [INFO ] [com.example.tgpmsystem.service.impl.LoginServiceImpl] : tokenKey ==> is null
