[2021/04/21-17:03:44] [restartedMain] [INFO ] [com.example.tgpmsystem.TgpmsystemApplication] : Starting TgpmsystemApplication using Java 1.8.0_191 on DESKTOP-UD6V6D5 with PID 344 (E:\Project_IDEA\tgpmsystem\target\classes started by 陈香伶 in E:\Project_IDEA\tgpmsystem)
[2021/04/21-17:03:44] [restartedMain] [INFO ] [com.example.tgpmsystem.TgpmsystemApplication] : No active profile set, falling back to default profiles: default
[2021/04/21-17:03:52] [restartedMain] [INFO ] [com.example.tgpmsystem.TgpmsystemApplication] : Started TgpmsystemApplication in 9.532 seconds (JVM running for 11.864)
[2021/04/21-17:06:13] [restartedMain] [INFO ] [com.example.tgpmsystem.TgpmsystemApplication] : Starting TgpmsystemApplication using Java 1.8.0_191 on DESKTOP-UD6V6D5 with PID 20032 (E:\Project_IDEA\tgpmsystem\target\classes started by 陈香伶 in E:\Project_IDEA\tgpmsystem)
[2021/04/21-17:06:13] [restartedMain] [INFO ] [com.example.tgpmsystem.TgpmsystemApplication] : No active profile set, falling back to default profiles: default
[2021/04/21-17:06:19] [restartedMain] [INFO ] [com.example.tgpmsystem.TgpmsystemApplication] : Started TgpmsystemApplication in 5.761 seconds (JVM running for 7.449)
[2021/04/21-17:06:24] [http-nio-8080-exec-1] [INFO ] [com.example.tgpmsystem.service.impl.LoginServiceImpl] : judgeTeacher tokenKey ==> b094ff6a29998ae60b7393a9b86aa7b4
[2021/04/21-17:06:24] [http-nio-8080-exec-1] [INFO ] [com.example.tgpmsystem.service.impl.LoginServiceImpl] : checkTeaLogin tokenKey ==> b094ff6a29998ae60b7393a9b86aa7b4
[2021/04/21-17:06:26] [http-nio-8080-exec-1] [INFO ] [com.example.tgpmsystem.service.impl.LoginServiceImpl] : parseByTokenKey token ==> eyJhbGciOiJIUzI1NiJ9.eyJjb2xsZWdlIjoi6K6h566X5py656eR5a2m5a2m6ZmiIiwidG5vIjoiMTk5OTExMDIwOCIsInNleCI6IueUtyIsIm5hbWUiOiLliJjogIHluIgiLCJyYW5rIjoi6auY57qn6K6y5biIIiwiaWQiOiI4MzMwODY3OTEyNDExNzA5NDQiLCJleHAiOjE2MTkwMDMwNzYsImVtYWlsIjoiMTk5OTExMDIwOEBxcS5jb20iLCJkaXJlY3Rpb24iOiLnianogZTnvZEiLCJzdGF0dXMiOiLlnKjogYwifQ.Cyx39uqplWglH_covdmUtQDAKN-CkZf9NMcXbu7lBtA
[2021/04/21-17:06:26] [http-nio-8080-exec-1] [INFO ] [com.example.tgpmsystem.service.impl.LoginServiceImpl] : ----------token is not null-----------
[2021/04/21-17:06:27] [http-nio-8080-exec-1] [INFO ] [com.example.tgpmsystem.service.impl.LoginServiceImpl] : null
[2021/04/21-17:06:27] [http-nio-8080-exec-1] [INFO ] [com.example.tgpmsystem.service.impl.LoginServiceImpl] : ----------解析token-----------
[2021/04/21-19:33:08] [http-nio-8080-exec-5] [INFO ] [com.example.tgpmsystem.service.impl.LoginServiceImpl] : judgeTeacher tokenKey ==> b094ff6a29998ae60b7393a9b86aa7b4
[2021/04/21-19:33:08] [http-nio-8080-exec-5] [INFO ] [com.example.tgpmsystem.service.impl.LoginServiceImpl] : checkTeaLogin tokenKey ==> b094ff6a29998ae60b7393a9b86aa7b4
[2021/04/21-19:33:08] [http-nio-8080-exec-5] [INFO ] [com.example.tgpmsystem.service.impl.LoginServiceImpl] : parseByTokenKey token ==> null
[2021/04/21-19:33:08] [http-nio-8080-exec-5] [INFO ] [com.example.tgpmsystem.service.impl.LoginServiceImpl] : ---------refreshToken 过期----------
[2021/04/21-19:33:08] [http-nio-8080-exec-5] [INFO ] [com.example.tgpmsystem.service.impl.LoginServiceImpl] : teacher ==> is null
[2021/04/21-19:39:08] [http-nio-8080-exec-7] [INFO ] [com.example.tgpmsystem.service.impl.LoginServiceImpl] : judgeTeacher tokenKey ==> 6855c6c8ed9d23f95629e95900dfda93
[2021/04/21-19:39:08] [http-nio-8080-exec-7] [INFO ] [com.example.tgpmsystem.service.impl.LoginServiceImpl] : checkTeaLogin tokenKey ==> 6855c6c8ed9d23f95629e95900dfda93
[2021/04/21-19:39:08] [http-nio-8080-exec-7] [INFO ] [com.example.tgpmsystem.service.impl.LoginServiceImpl] : parseByTokenKey token ==> eyJhbGciOiJIUzI1NiJ9.eyJjb2xsZWdlIjoi6K6h566X5py656eR5a2m5a2m6ZmiIiwidG5vIjoiMTk5OTExMDIwOCIsInNleCI6IueUtyIsIm5hbWUiOiLliJjogIHluIgiLCJyYW5rIjoi6auY57qn6K6y5biIIiwiaWQiOiI4MzMwODY3OTEyNDExNzA5NDQiLCJleHAiOjE2MTkwMTIzMzIsImVtYWlsIjoiMTk5OTExMDIwOEBxcS5jb20iLCJkaXJlY3Rpb24iOiLnianogZTnvZEiLCJzdGF0dXMiOiLlnKjogYwifQ.ZIvra7YyKZOcm0IIYk4ZlWtK3_E4fFNEchBNU8DYyHw
[2021/04/21-19:39:08] [http-nio-8080-exec-7] [INFO ] [com.example.tgpmsystem.service.impl.LoginServiceImpl] : ----------token is not null-----------
[2021/04/21-19:39:08] [http-nio-8080-exec-7] [INFO ] [com.example.tgpmsystem.service.impl.LoginServiceImpl] : null
[2021/04/21-19:39:08] [http-nio-8080-exec-7] [INFO ] [com.example.tgpmsystem.service.impl.LoginServiceImpl] : ----------解析token-----------
[2021/04/21-19:39:44] [http-nio-8080-exec-8] [INFO ] [com.example.tgpmsystem.service.impl.LoginServiceImpl] : judgeTeacher tokenKey ==> 6855c6c8ed9d23f95629e95900dfda93
[2021/04/21-19:39:44] [http-nio-8080-exec-8] [INFO ] [com.example.tgpmsystem.service.impl.LoginServiceImpl] : checkTeaLogin tokenKey ==> 6855c6c8ed9d23f95629e95900dfda93
[2021/04/21-19:39:44] [http-nio-8080-exec-8] [INFO ] [com.example.tgpmsystem.service.impl.LoginServiceImpl] : parseByTokenKey token ==> eyJhbGciOiJIUzI1NiJ9.eyJjb2xsZWdlIjoi6K6h566X5py656eR5a2m5a2m6ZmiIiwidG5vIjoiMTk5OTExMDIwOCIsInNleCI6IueUtyIsIm5hbWUiOiLliJjogIHluIgiLCJyYW5rIjoi6auY57qn6K6y5biIIiwiaWQiOiI4MzMwODY3OTEyNDExNzA5NDQiLCJleHAiOjE2MTkwMTIzMzIsImVtYWlsIjoiMTk5OTExMDIwOEBxcS5jb20iLCJkaXJlY3Rpb24iOiLnianogZTnvZEiLCJzdGF0dXMiOiLlnKjogYwifQ.ZIvra7YyKZOcm0IIYk4ZlWtK3_E4fFNEchBNU8DYyHw
[2021/04/21-19:39:44] [http-nio-8080-exec-8] [INFO ] [com.example.tgpmsystem.service.impl.LoginServiceImpl] : ----------token is not null-----------
[2021/04/21-19:39:44] [http-nio-8080-exec-8] [INFO ] [com.example.tgpmsystem.service.impl.LoginServiceImpl] : null
[2021/04/21-19:39:44] [http-nio-8080-exec-8] [INFO ] [com.example.tgpmsystem.service.impl.LoginServiceImpl] : ----------解析token-----------
[2021/04/21-19:40:05] [http-nio-8080-exec-10] [INFO ] [com.example.tgpmsystem.service.impl.LoginServiceImpl] : judgeTeacher tokenKey ==> 6855c6c8ed9d23f95629e95900dfda93
[2021/04/21-19:40:05] [http-nio-8080-exec-10] [INFO ] [com.example.tgpmsystem.service.impl.LoginServiceImpl] : checkTeaLogin tokenKey ==> 6855c6c8ed9d23f95629e95900dfda93
[2021/04/21-19:40:05] [http-nio-8080-exec-10] [INFO ] [com.example.tgpmsystem.service.impl.LoginServiceImpl] : parseByTokenKey token ==> eyJhbGciOiJIUzI1NiJ9.eyJjb2xsZWdlIjoi6K6h566X5py656eR5a2m5a2m6ZmiIiwidG5vIjoiMTk5OTExMDIwOCIsInNleCI6IueUtyIsIm5hbWUiOiLliJjogIHluIgiLCJyYW5rIjoi6auY57qn6K6y5biIIiwiaWQiOiI4MzMwODY3OTEyNDExNzA5NDQiLCJleHAiOjE2MTkwMTIzMzIsImVtYWlsIjoiMTk5OTExMDIwOEBxcS5jb20iLCJkaXJlY3Rpb24iOiLnianogZTnvZEiLCJzdGF0dXMiOiLlnKjogYwifQ.ZIvra7YyKZOcm0IIYk4ZlWtK3_E4fFNEchBNU8DYyHw
[2021/04/21-19:40:05] [http-nio-8080-exec-10] [INFO ] [com.example.tgpmsystem.service.impl.LoginServiceImpl] : ----------token is not null-----------
[2021/04/21-19:40:05] [http-nio-8080-exec-10] [INFO ] [com.example.tgpmsystem.service.impl.LoginServiceImpl] : null
[2021/04/21-19:40:05] [http-nio-8080-exec-10] [INFO ] [com.example.tgpmsystem.service.impl.LoginServiceImpl] : ----------解析token-----------
[2021/04/21-19:45:21] [http-nio-8080-exec-4] [INFO ] [com.example.tgpmsystem.service.impl.LoginServiceImpl] : judgeTeacher tokenKey ==> 6855c6c8ed9d23f95629e95900dfda93
[2021/04/21-19:45:21] [http-nio-8080-exec-4] [INFO ] [com.example.tgpmsystem.service.impl.LoginServiceImpl] : checkTeaLogin tokenKey ==> 6855c6c8ed9d23f95629e95900dfda93
[2021/04/21-19:45:21] [http-nio-8080-exec-4] [INFO ] [com.example.tgpmsystem.service.impl.LoginServiceImpl] : parseByTokenKey token ==> eyJhbGciOiJIUzI1NiJ9.eyJjb2xsZWdlIjoi6K6h566X5py656eR5a2m5a2m6ZmiIiwidG5vIjoiMTk5OTExMDIwOCIsInNleCI6IueUtyIsIm5hbWUiOiLliJjogIHluIgiLCJyYW5rIjoi6auY57qn6K6y5biIIiwiaWQiOiI4MzMwODY3OTEyNDExNzA5NDQiLCJleHAiOjE2MTkwMTIzMzIsImVtYWlsIjoiMTk5OTExMDIwOEBxcS5jb20iLCJkaXJlY3Rpb24iOiLnianogZTnvZEiLCJzdGF0dXMiOiLlnKjogYwifQ.ZIvra7YyKZOcm0IIYk4ZlWtK3_E4fFNEchBNU8DYyHw
[2021/04/21-19:45:21] [http-nio-8080-exec-4] [INFO ] [com.example.tgpmsystem.service.impl.LoginServiceImpl] : ----------token is not null-----------
[2021/04/21-19:45:21] [http-nio-8080-exec-4] [INFO ] [com.example.tgpmsystem.service.impl.LoginServiceImpl] : null
[2021/04/21-19:45:21] [http-nio-8080-exec-4] [INFO ] [com.example.tgpmsystem.service.impl.LoginServiceImpl] : ----------解析token-----------
[2021/04/21-19:45:59] [http-nio-8080-exec-5] [INFO ] [com.example.tgpmsystem.service.impl.LoginServiceImpl] : judgeTeacher tokenKey ==> 6855c6c8ed9d23f95629e95900dfda93
[2021/04/21-19:45:59] [http-nio-8080-exec-5] [INFO ] [com.example.tgpmsystem.service.impl.LoginServiceImpl] : checkTeaLogin tokenKey ==> 6855c6c8ed9d23f95629e95900dfda93
[2021/04/21-19:45:59] [http-nio-8080-exec-5] [INFO ] [com.example.tgpmsystem.service.impl.LoginServiceImpl] : parseByTokenKey token ==> eyJhbGciOiJIUzI1NiJ9.eyJjb2xsZWdlIjoi6K6h566X5py656eR5a2m5a2m6ZmiIiwidG5vIjoiMTk5OTExMDIwOCIsInNleCI6IueUtyIsIm5hbWUiOiLliJjogIHluIgiLCJyYW5rIjoi6auY57qn6K6y5biIIiwiaWQiOiI4MzMwODY3OTEyNDExNzA5NDQiLCJleHAiOjE2MTkwMTIzMzIsImVtYWlsIjoiMTk5OTExMDIwOEBxcS5jb20iLCJkaXJlY3Rpb24iOiLnianogZTnvZEiLCJzdGF0dXMiOiLlnKjogYwifQ.ZIvra7YyKZOcm0IIYk4ZlWtK3_E4fFNEchBNU8DYyHw
[2021/04/21-19:45:59] [http-nio-8080-exec-5] [INFO ] [com.example.tgpmsystem.service.impl.LoginServiceImpl] : ----------token is not null-----------
[2021/04/21-19:45:59] [http-nio-8080-exec-5] [INFO ] [com.example.tgpmsystem.service.impl.LoginServiceImpl] : null
[2021/04/21-19:45:59] [http-nio-8080-exec-5] [INFO ] [com.example.tgpmsystem.service.impl.LoginServiceImpl] : ----------解析token-----------
[2021/04/21-19:46:36] [http-nio-8080-exec-2] [INFO ] [com.example.tgpmsystem.service.impl.LoginServiceImpl] : judgeTeacher tokenKey ==> 6855c6c8ed9d23f95629e95900dfda93
[2021/04/21-19:46:36] [http-nio-8080-exec-2] [INFO ] [com.example.tgpmsystem.service.impl.LoginServiceImpl] : checkTeaLogin tokenKey ==> 6855c6c8ed9d23f95629e95900dfda93
[2021/04/21-19:46:36] [http-nio-8080-exec-2] [INFO ] [com.example.tgpmsystem.service.impl.LoginServiceImpl] : parseByTokenKey token ==> eyJhbGciOiJIUzI1NiJ9.eyJjb2xsZWdlIjoi6K6h566X5py656eR5a2m5a2m6ZmiIiwidG5vIjoiMTk5OTExMDIwOCIsInNleCI6IueUtyIsIm5hbWUiOiLliJjogIHluIgiLCJyYW5rIjoi6auY57qn6K6y5biIIiwiaWQiOiI4MzMwODY3OTEyNDExNzA5NDQiLCJleHAiOjE2MTkwMTIzMzIsImVtYWlsIjoiMTk5OTExMDIwOEBxcS5jb20iLCJkaXJlY3Rpb24iOiLnianogZTnvZEiLCJzdGF0dXMiOiLlnKjogYwifQ.ZIvra7YyKZOcm0IIYk4ZlWtK3_E4fFNEchBNU8DYyHw
[2021/04/21-19:46:36] [http-nio-8080-exec-2] [INFO ] [com.example.tgpmsystem.service.impl.LoginServiceImpl] : ----------token is not null-----------
[2021/04/21-19:46:36] [http-nio-8080-exec-2] [INFO ] [com.example.tgpmsystem.service.impl.LoginServiceImpl] : null
[2021/04/21-19:46:36] [http-nio-8080-exec-2] [INFO ] [com.example.tgpmsystem.service.impl.LoginServiceImpl] : ----------解析token-----------
[2021/04/21-19:46:47] [http-nio-8080-exec-3] [INFO ] [com.example.tgpmsystem.service.impl.LoginServiceImpl] : judgeTeacher tokenKey ==> 6855c6c8ed9d23f95629e95900dfda93
[2021/04/21-19:46:47] [http-nio-8080-exec-3] [INFO ] [com.example.tgpmsystem.service.impl.LoginServiceImpl] : checkTeaLogin tokenKey ==> 6855c6c8ed9d23f95629e95900dfda93
[2021/04/21-19:46:47] [http-nio-8080-exec-3] [INFO ] [com.example.tgpmsystem.service.impl.LoginServiceImpl] : parseByTokenKey token ==> eyJhbGciOiJIUzI1NiJ9.eyJjb2xsZWdlIjoi6K6h566X5py656eR5a2m5a2m6ZmiIiwidG5vIjoiMTk5OTExMDIwOCIsInNleCI6IueUtyIsIm5hbWUiOiLliJjogIHluIgiLCJyYW5rIjoi6auY57qn6K6y5biIIiwiaWQiOiI4MzMwODY3OTEyNDExNzA5NDQiLCJleHAiOjE2MTkwMTIzMzIsImVtYWlsIjoiMTk5OTExMDIwOEBxcS5jb20iLCJkaXJlY3Rpb24iOiLnianogZTnvZEiLCJzdGF0dXMiOiLlnKjogYwifQ.ZIvra7YyKZOcm0IIYk4ZlWtK3_E4fFNEchBNU8DYyHw
[2021/04/21-19:46:47] [http-nio-8080-exec-3] [INFO ] [com.example.tgpmsystem.service.impl.LoginServiceImpl] : ----------token is not null-----------
[2021/04/21-19:46:47] [http-nio-8080-exec-3] [INFO ] [com.example.tgpmsystem.service.impl.LoginServiceImpl] : null
[2021/04/21-19:46:47] [http-nio-8080-exec-3] [INFO ] [com.example.tgpmsystem.service.impl.LoginServiceImpl] : ----------解析token-----------
[2021/04/21-19:48:16] [http-nio-8080-exec-7] [INFO ] [com.example.tgpmsystem.service.impl.LoginServiceImpl] : judgeTeacher tokenKey ==> 6855c6c8ed9d23f95629e95900dfda93
[2021/04/21-19:48:16] [http-nio-8080-exec-7] [INFO ] [com.example.tgpmsystem.service.impl.LoginServiceImpl] : checkTeaLogin tokenKey ==> 6855c6c8ed9d23f95629e95900dfda93
[2021/04/21-19:48:16] [http-nio-8080-exec-7] [INFO ] [com.example.tgpmsystem.service.impl.LoginServiceImpl] : parseByTokenKey token ==> eyJhbGciOiJIUzI1NiJ9.eyJjb2xsZWdlIjoi6K6h566X5py656eR5a2m5a2m6ZmiIiwidG5vIjoiMTk5OTExMDIwOCIsInNleCI6IueUtyIsIm5hbWUiOiLliJjogIHluIgiLCJyYW5rIjoi6auY57qn6K6y5biIIiwiaWQiOiI4MzMwODY3OTEyNDExNzA5NDQiLCJleHAiOjE2MTkwMTIzMzIsImVtYWlsIjoiMTk5OTExMDIwOEBxcS5jb20iLCJkaXJlY3Rpb24iOiLnianogZTnvZEiLCJzdGF0dXMiOiLlnKjogYwifQ.ZIvra7YyKZOcm0IIYk4ZlWtK3_E4fFNEchBNU8DYyHw
[2021/04/21-19:48:16] [http-nio-8080-exec-7] [INFO ] [com.example.tgpmsystem.service.impl.LoginServiceImpl] : ----------token is not null-----------
[2021/04/21-19:48:16] [http-nio-8080-exec-7] [INFO ] [com.example.tgpmsystem.service.impl.LoginServiceImpl] : null
[2021/04/21-19:48:16] [http-nio-8080-exec-7] [INFO ] [com.example.tgpmsystem.service.impl.LoginServiceImpl] : ----------解析token-----------
[2021/04/21-19:49:21] [http-nio-8080-exec-9] [INFO ] [com.example.tgpmsystem.service.impl.LoginServiceImpl] : judgeTeacher tokenKey ==> 6855c6c8ed9d23f95629e95900dfda93
[2021/04/21-19:49:21] [http-nio-8080-exec-9] [INFO ] [com.example.tgpmsystem.service.impl.LoginServiceImpl] : checkTeaLogin tokenKey ==> 6855c6c8ed9d23f95629e95900dfda93
[2021/04/21-19:49:21] [http-nio-8080-exec-9] [INFO ] [com.example.tgpmsystem.service.impl.LoginServiceImpl] : parseByTokenKey token ==> eyJhbGciOiJIUzI1NiJ9.eyJjb2xsZWdlIjoi6K6h566X5py656eR5a2m5a2m6ZmiIiwidG5vIjoiMTk5OTExMDIwOCIsInNleCI6IueUtyIsIm5hbWUiOiLliJjogIHluIgiLCJyYW5rIjoi6auY57qn6K6y5biIIiwiaWQiOiI4MzMwODY3OTEyNDExNzA5NDQiLCJleHAiOjE2MTkwMTIzMzIsImVtYWlsIjoiMTk5OTExMDIwOEBxcS5jb20iLCJkaXJlY3Rpb24iOiLnianogZTnvZEiLCJzdGF0dXMiOiLlnKjogYwifQ.ZIvra7YyKZOcm0IIYk4ZlWtK3_E4fFNEchBNU8DYyHw
[2021/04/21-19:49:21] [http-nio-8080-exec-9] [INFO ] [com.example.tgpmsystem.service.impl.LoginServiceImpl] : ----------token is not null-----------
[2021/04/21-19:49:21] [http-nio-8080-exec-9] [INFO ] [com.example.tgpmsystem.service.impl.LoginServiceImpl] : null
[2021/04/21-19:49:21] [http-nio-8080-exec-9] [INFO ] [com.example.tgpmsystem.service.impl.LoginServiceImpl] : ----------解析token-----------
[2021/04/21-19:49:37] [http-nio-8080-exec-10] [INFO ] [com.example.tgpmsystem.service.impl.LoginServiceImpl] : judgeTeacher tokenKey ==> 6855c6c8ed9d23f95629e95900dfda93
[2021/04/21-19:49:37] [http-nio-8080-exec-10] [INFO ] [com.example.tgpmsystem.service.impl.LoginServiceImpl] : checkTeaLogin tokenKey ==> 6855c6c8ed9d23f95629e95900dfda93
[2021/04/21-19:49:37] [http-nio-8080-exec-10] [INFO ] [com.example.tgpmsystem.service.impl.LoginServiceImpl] : parseByTokenKey token ==> eyJhbGciOiJIUzI1NiJ9.eyJjb2xsZWdlIjoi6K6h566X5py656eR5a2m5a2m6ZmiIiwidG5vIjoiMTk5OTExMDIwOCIsInNleCI6IueUtyIsIm5hbWUiOiLliJjogIHluIgiLCJyYW5rIjoi6auY57qn6K6y5biIIiwiaWQiOiI4MzMwODY3OTEyNDExNzA5NDQiLCJleHAiOjE2MTkwMTIzMzIsImVtYWlsIjoiMTk5OTExMDIwOEBxcS5jb20iLCJkaXJlY3Rpb24iOiLnianogZTnvZEiLCJzdGF0dXMiOiLlnKjogYwifQ.ZIvra7YyKZOcm0IIYk4ZlWtK3_E4fFNEchBNU8DYyHw
[2021/04/21-19:49:37] [http-nio-8080-exec-10] [INFO ] [com.example.tgpmsystem.service.impl.LoginServiceImpl] : ----------token is not null-----------
[2021/04/21-19:49:37] [http-nio-8080-exec-10] [INFO ] [com.example.tgpmsystem.service.impl.LoginServiceImpl] : null
[2021/04/21-19:49:37] [http-nio-8080-exec-10] [INFO ] [com.example.tgpmsystem.service.impl.LoginServiceImpl] : ----------解析token-----------
[2021/04/21-19:54:16] [http-nio-8080-exec-4] [INFO ] [com.example.tgpmsystem.service.impl.LoginServiceImpl] : judgeTeacher tokenKey ==> 6855c6c8ed9d23f95629e95900dfda93
[2021/04/21-19:54:16] [http-nio-8080-exec-4] [INFO ] [com.example.tgpmsystem.service.impl.LoginServiceImpl] : checkTeaLogin tokenKey ==> 6855c6c8ed9d23f95629e95900dfda93
[2021/04/21-19:54:16] [http-nio-8080-exec-4] [INFO ] [com.example.tgpmsystem.service.impl.LoginServiceImpl] : parseByTokenKey token ==> eyJhbGciOiJIUzI1NiJ9.eyJjb2xsZWdlIjoi6K6h566X5py656eR5a2m5a2m6ZmiIiwidG5vIjoiMTk5OTExMDIwOCIsInNleCI6IueUtyIsIm5hbWUiOiLliJjogIHluIgiLCJyYW5rIjoi6auY57qn6K6y5biIIiwiaWQiOiI4MzMwODY3OTEyNDExNzA5NDQiLCJleHAiOjE2MTkwMTIzMzIsImVtYWlsIjoiMTk5OTExMDIwOEBxcS5jb20iLCJkaXJlY3Rpb24iOiLnianogZTnvZEiLCJzdGF0dXMiOiLlnKjogYwifQ.ZIvra7YyKZOcm0IIYk4ZlWtK3_E4fFNEchBNU8DYyHw
[2021/04/21-19:54:16] [http-nio-8080-exec-4] [INFO ] [com.example.tgpmsystem.service.impl.LoginServiceImpl] : ----------token is not null-----------
[2021/04/21-19:54:16] [http-nio-8080-exec-4] [INFO ] [com.example.tgpmsystem.service.impl.LoginServiceImpl] : null
[2021/04/21-19:54:16] [http-nio-8080-exec-4] [INFO ] [com.example.tgpmsystem.service.impl.LoginServiceImpl] : ----------解析token-----------
[2021/04/21-19:56:39] [http-nio-8080-exec-2] [INFO ] [com.example.tgpmsystem.service.impl.LoginServiceImpl] : judgeTeacher tokenKey ==> 6855c6c8ed9d23f95629e95900dfda93
[2021/04/21-19:56:39] [http-nio-8080-exec-2] [INFO ] [com.example.tgpmsystem.service.impl.LoginServiceImpl] : checkTeaLogin tokenKey ==> 6855c6c8ed9d23f95629e95900dfda93
[2021/04/21-19:56:39] [http-nio-8080-exec-2] [INFO ] [com.example.tgpmsystem.service.impl.LoginServiceImpl] : parseByTokenKey token ==> eyJhbGciOiJIUzI1NiJ9.eyJjb2xsZWdlIjoi6K6h566X5py656eR5a2m5a2m6ZmiIiwidG5vIjoiMTk5OTExMDIwOCIsInNleCI6IueUtyIsIm5hbWUiOiLliJjogIHluIgiLCJyYW5rIjoi6auY57qn6K6y5biIIiwiaWQiOiI4MzMwODY3OTEyNDExNzA5NDQiLCJleHAiOjE2MTkwMTIzMzIsImVtYWlsIjoiMTk5OTExMDIwOEBxcS5jb20iLCJkaXJlY3Rpb24iOiLnianogZTnvZEiLCJzdGF0dXMiOiLlnKjogYwifQ.ZIvra7YyKZOcm0IIYk4ZlWtK3_E4fFNEchBNU8DYyHw
[2021/04/21-19:56:39] [http-nio-8080-exec-2] [INFO ] [com.example.tgpmsystem.service.impl.LoginServiceImpl] : ----------token is not null-----------
[2021/04/21-19:56:39] [http-nio-8080-exec-2] [INFO ] [com.example.tgpmsystem.service.impl.LoginServiceImpl] : null
[2021/04/21-19:56:39] [http-nio-8080-exec-2] [INFO ] [com.example.tgpmsystem.service.impl.LoginServiceImpl] : ----------解析token-----------
[2021/04/21-19:57:42] [restartedMain] [INFO ] [com.example.tgpmsystem.TgpmsystemApplication] : Starting TgpmsystemApplication using Java 1.8.0_191 on DESKTOP-UD6V6D5 with PID 9984 (E:\Project_IDEA\tgpmsystem\target\classes started by 陈香伶 in E:\Project_IDEA\tgpmsystem)
[2021/04/21-19:57:42] [restartedMain] [INFO ] [com.example.tgpmsystem.TgpmsystemApplication] : No active profile set, falling back to default profiles: default
[2021/04/21-19:57:48] [restartedMain] [INFO ] [com.example.tgpmsystem.TgpmsystemApplication] : Started TgpmsystemApplication in 6.551 seconds (JVM running for 8.377)
[2021/04/21-19:59:41] [http-nio-8080-exec-2] [INFO ] [com.example.tgpmsystem.service.impl.LoginServiceImpl] : judgeTeacher tokenKey ==> 6855c6c8ed9d23f95629e95900dfda93
[2021/04/21-19:59:41] [http-nio-8080-exec-2] [INFO ] [com.example.tgpmsystem.service.impl.LoginServiceImpl] : checkTeaLogin tokenKey ==> 6855c6c8ed9d23f95629e95900dfda93
[2021/04/21-19:59:43] [http-nio-8080-exec-2] [INFO ] [com.example.tgpmsystem.service.impl.LoginServiceImpl] : parseByTokenKey token ==> eyJhbGciOiJIUzI1NiJ9.eyJjb2xsZWdlIjoi6K6h566X5py656eR5a2m5a2m6ZmiIiwidG5vIjoiMTk5OTExMDIwOCIsInNleCI6IueUtyIsIm5hbWUiOiLliJjogIHluIgiLCJyYW5rIjoi6auY57qn6K6y5biIIiwiaWQiOiI4MzMwODY3OTEyNDExNzA5NDQiLCJleHAiOjE2MTkwMTIzMzIsImVtYWlsIjoiMTk5OTExMDIwOEBxcS5jb20iLCJkaXJlY3Rpb24iOiLnianogZTnvZEiLCJzdGF0dXMiOiLlnKjogYwifQ.ZIvra7YyKZOcm0IIYk4ZlWtK3_E4fFNEchBNU8DYyHw
[2021/04/21-19:59:43] [http-nio-8080-exec-2] [INFO ] [com.example.tgpmsystem.service.impl.LoginServiceImpl] : ----------token is not null-----------
[2021/04/21-19:59:44] [http-nio-8080-exec-2] [INFO ] [com.example.tgpmsystem.service.impl.LoginServiceImpl] : null
[2021/04/21-19:59:44] [http-nio-8080-exec-2] [INFO ] [com.example.tgpmsystem.service.impl.LoginServiceImpl] : ----------解析token-----------
[2021/04/21-20:07:10] [http-nio-8080-exec-5] [INFO ] [com.example.tgpmsystem.service.impl.LoginServiceImpl] : judgeTeacher tokenKey ==> 6855c6c8ed9d23f95629e95900dfda93
[2021/04/21-20:07:10] [http-nio-8080-exec-5] [INFO ] [com.example.tgpmsystem.service.impl.LoginServiceImpl] : checkTeaLogin tokenKey ==> 6855c6c8ed9d23f95629e95900dfda93
[2021/04/21-20:07:10] [http-nio-8080-exec-5] [INFO ] [com.example.tgpmsystem.service.impl.LoginServiceImpl] : parseByTokenKey token ==> eyJhbGciOiJIUzI1NiJ9.eyJjb2xsZWdlIjoi6K6h566X5py656eR5a2m5a2m6ZmiIiwidG5vIjoiMTk5OTExMDIwOCIsInNleCI6IueUtyIsIm5hbWUiOiLliJjogIHluIgiLCJyYW5rIjoi6auY57qn6K6y5biIIiwiaWQiOiI4MzMwODY3OTEyNDExNzA5NDQiLCJleHAiOjE2MTkwMTIzMzIsImVtYWlsIjoiMTk5OTExMDIwOEBxcS5jb20iLCJkaXJlY3Rpb24iOiLnianogZTnvZEiLCJzdGF0dXMiOiLlnKjogYwifQ.ZIvra7YyKZOcm0IIYk4ZlWtK3_E4fFNEchBNU8DYyHw
[2021/04/21-20:07:10] [http-nio-8080-exec-5] [INFO ] [com.example.tgpmsystem.service.impl.LoginServiceImpl] : ----------token is not null-----------
[2021/04/21-20:07:10] [http-nio-8080-exec-5] [INFO ] [com.example.tgpmsystem.service.impl.LoginServiceImpl] : null
[2021/04/21-20:07:10] [http-nio-8080-exec-5] [INFO ] [com.example.tgpmsystem.service.impl.LoginServiceImpl] : ----------解析token-----------
[2021/04/21-20:07:40] [http-nio-8080-exec-6] [INFO ] [com.example.tgpmsystem.service.impl.LoginServiceImpl] : judgeTeacher tokenKey ==> 6855c6c8ed9d23f95629e95900dfda93
[2021/04/21-20:07:40] [http-nio-8080-exec-6] [INFO ] [com.example.tgpmsystem.service.impl.LoginServiceImpl] : checkTeaLogin tokenKey ==> 6855c6c8ed9d23f95629e95900dfda93
[2021/04/21-20:07:40] [http-nio-8080-exec-6] [INFO ] [com.example.tgpmsystem.service.impl.LoginServiceImpl] : parseByTokenKey token ==> eyJhbGciOiJIUzI1NiJ9.eyJjb2xsZWdlIjoi6K6h566X5py656eR5a2m5a2m6ZmiIiwidG5vIjoiMTk5OTExMDIwOCIsInNleCI6IueUtyIsIm5hbWUiOiLliJjogIHluIgiLCJyYW5rIjoi6auY57qn6K6y5biIIiwiaWQiOiI4MzMwODY3OTEyNDExNzA5NDQiLCJleHAiOjE2MTkwMTIzMzIsImVtYWlsIjoiMTk5OTExMDIwOEBxcS5jb20iLCJkaXJlY3Rpb24iOiLnianogZTnvZEiLCJzdGF0dXMiOiLlnKjogYwifQ.ZIvra7YyKZOcm0IIYk4ZlWtK3_E4fFNEchBNU8DYyHw
[2021/04/21-20:07:40] [http-nio-8080-exec-6] [INFO ] [com.example.tgpmsystem.service.impl.LoginServiceImpl] : ----------token is not null-----------
[2021/04/21-20:07:40] [http-nio-8080-exec-6] [INFO ] [com.example.tgpmsystem.service.impl.LoginServiceImpl] : null
[2021/04/21-20:07:40] [http-nio-8080-exec-6] [INFO ] [com.example.tgpmsystem.service.impl.LoginServiceImpl] : ----------解析token-----------
[2021/04/21-20:07:50] [http-nio-8080-exec-7] [INFO ] [com.example.tgpmsystem.service.impl.LoginServiceImpl] : judgeTeacher tokenKey ==> 6855c6c8ed9d23f95629e95900dfda93
[2021/04/21-20:07:50] [http-nio-8080-exec-7] [INFO ] [com.example.tgpmsystem.service.impl.LoginServiceImpl] : checkTeaLogin tokenKey ==> 6855c6c8ed9d23f95629e95900dfda93
[2021/04/21-20:07:50] [http-nio-8080-exec-7] [INFO ] [com.example.tgpmsystem.service.impl.LoginServiceImpl] : parseByTokenKey token ==> eyJhbGciOiJIUzI1NiJ9.eyJjb2xsZWdlIjoi6K6h566X5py656eR5a2m5a2m6ZmiIiwidG5vIjoiMTk5OTExMDIwOCIsInNleCI6IueUtyIsIm5hbWUiOiLliJjogIHluIgiLCJyYW5rIjoi6auY57qn6K6y5biIIiwiaWQiOiI4MzMwODY3OTEyNDExNzA5NDQiLCJleHAiOjE2MTkwMTIzMzIsImVtYWlsIjoiMTk5OTExMDIwOEBxcS5jb20iLCJkaXJlY3Rpb24iOiLnianogZTnvZEiLCJzdGF0dXMiOiLlnKjogYwifQ.ZIvra7YyKZOcm0IIYk4ZlWtK3_E4fFNEchBNU8DYyHw
[2021/04/21-20:07:50] [http-nio-8080-exec-7] [INFO ] [com.example.tgpmsystem.service.impl.LoginServiceImpl] : ----------token is not null-----------
[2021/04/21-20:07:50] [http-nio-8080-exec-7] [INFO ] [com.example.tgpmsystem.service.impl.LoginServiceImpl] : null
[2021/04/21-20:07:50] [http-nio-8080-exec-7] [INFO ] [com.example.tgpmsystem.service.impl.LoginServiceImpl] : ----------解析token-----------
[2021/04/21-20:46:58] [restartedMain] [INFO ] [com.example.tgpmsystem.TgpmsystemApplication] : Starting TgpmsystemApplication using Java 1.8.0_191 on DESKTOP-UD6V6D5 with PID 22116 (E:\Project_IDEA\tgpmsystem\target\classes started by 陈香伶 in E:\Project_IDEA\tgpmsystem)
[2021/04/21-20:46:58] [restartedMain] [INFO ] [com.example.tgpmsystem.TgpmsystemApplication] : No active profile set, falling back to default profiles: default
[2021/04/21-20:47:04] [restartedMain] [INFO ] [com.example.tgpmsystem.TgpmsystemApplication] : Started TgpmsystemApplication in 5.993 seconds (JVM running for 7.804)
[2021/04/21-20:47:19] [http-nio-8080-exec-1] [INFO ] [com.example.tgpmsystem.service.impl.LoginServiceImpl] : judgeTeacher tokenKey ==> 6855c6c8ed9d23f95629e95900dfda93
[2021/04/21-20:47:19] [http-nio-8080-exec-1] [INFO ] [com.example.tgpmsystem.service.impl.LoginServiceImpl] : checkTeaLogin tokenKey ==> 6855c6c8ed9d23f95629e95900dfda93
[2021/04/21-20:47:21] [http-nio-8080-exec-1] [INFO ] [com.example.tgpmsystem.service.impl.LoginServiceImpl] : parseByTokenKey token ==> eyJhbGciOiJIUzI1NiJ9.eyJjb2xsZWdlIjoi6K6h566X5py656eR5a2m5a2m6ZmiIiwidG5vIjoiMTk5OTExMDIwOCIsInNleCI6IueUtyIsIm5hbWUiOiLliJjogIHluIgiLCJyYW5rIjoi6auY57qn6K6y5biIIiwiaWQiOiI4MzMwODY3OTEyNDExNzA5NDQiLCJleHAiOjE2MTkwMTIzMzIsImVtYWlsIjoiMTk5OTExMDIwOEBxcS5jb20iLCJkaXJlY3Rpb24iOiLnianogZTnvZEiLCJzdGF0dXMiOiLlnKjogYwifQ.ZIvra7YyKZOcm0IIYk4ZlWtK3_E4fFNEchBNU8DYyHw
[2021/04/21-20:47:21] [http-nio-8080-exec-1] [INFO ] [com.example.tgpmsystem.service.impl.LoginServiceImpl] : ----------token is not null-----------
[2021/04/21-20:47:22] [http-nio-8080-exec-1] [INFO ] [com.example.tgpmsystem.service.impl.LoginServiceImpl] : null
[2021/04/21-20:47:22] [http-nio-8080-exec-1] [INFO ] [com.example.tgpmsystem.service.impl.LoginServiceImpl] : ----------解析token-----------
[2021/04/21-20:48:12] [http-nio-8080-exec-2] [INFO ] [com.example.tgpmsystem.service.impl.LoginServiceImpl] : judgeTeacher tokenKey ==> 6855c6c8ed9d23f95629e95900dfda93
[2021/04/21-20:48:12] [http-nio-8080-exec-2] [INFO ] [com.example.tgpmsystem.service.impl.LoginServiceImpl] : checkTeaLogin tokenKey ==> 6855c6c8ed9d23f95629e95900dfda93
[2021/04/21-20:48:12] [http-nio-8080-exec-2] [INFO ] [com.example.tgpmsystem.service.impl.LoginServiceImpl] : parseByTokenKey token ==> eyJhbGciOiJIUzI1NiJ9.eyJjb2xsZWdlIjoi6K6h566X5py656eR5a2m5a2m6ZmiIiwidG5vIjoiMTk5OTExMDIwOCIsInNleCI6IueUtyIsIm5hbWUiOiLliJjogIHluIgiLCJyYW5rIjoi6auY57qn6K6y5biIIiwiaWQiOiI4MzMwODY3OTEyNDExNzA5NDQiLCJleHAiOjE2MTkwMTIzMzIsImVtYWlsIjoiMTk5OTExMDIwOEBxcS5jb20iLCJkaXJlY3Rpb24iOiLnianogZTnvZEiLCJzdGF0dXMiOiLlnKjogYwifQ.ZIvra7YyKZOcm0IIYk4ZlWtK3_E4fFNEchBNU8DYyHw
[2021/04/21-20:48:12] [http-nio-8080-exec-2] [INFO ] [com.example.tgpmsystem.service.impl.LoginServiceImpl] : ----------token is not null-----------
[2021/04/21-20:48:12] [http-nio-8080-exec-2] [INFO ] [com.example.tgpmsystem.service.impl.LoginServiceImpl] : null
[2021/04/21-20:48:12] [http-nio-8080-exec-2] [INFO ] [com.example.tgpmsystem.service.impl.LoginServiceImpl] : ----------解析token-----------
[2021/04/21-20:49:56] [restartedMain] [INFO ] [com.example.tgpmsystem.TgpmsystemApplication] : Starting TgpmsystemApplication using Java 1.8.0_191 on DESKTOP-UD6V6D5 with PID 8832 (E:\Project_IDEA\tgpmsystem\target\classes started by 陈香伶 in E:\Project_IDEA\tgpmsystem)
[2021/04/21-20:49:56] [restartedMain] [INFO ] [com.example.tgpmsystem.TgpmsystemApplication] : No active profile set, falling back to default profiles: default
[2021/04/21-20:50:01] [restartedMain] [INFO ] [com.example.tgpmsystem.TgpmsystemApplication] : Started TgpmsystemApplication in 5.984 seconds (JVM running for 7.708)
[2021/04/21-20:50:11] [http-nio-8080-exec-1] [INFO ] [com.example.tgpmsystem.service.impl.LoginServiceImpl] : judgeTeacher tokenKey ==> 6855c6c8ed9d23f95629e95900dfda93
[2021/04/21-20:50:11] [http-nio-8080-exec-1] [INFO ] [com.example.tgpmsystem.service.impl.LoginServiceImpl] : checkTeaLogin tokenKey ==> 6855c6c8ed9d23f95629e95900dfda93
[2021/04/21-20:50:13] [http-nio-8080-exec-1] [INFO ] [com.example.tgpmsystem.service.impl.LoginServiceImpl] : parseByTokenKey token ==> eyJhbGciOiJIUzI1NiJ9.eyJjb2xsZWdlIjoi6K6h566X5py656eR5a2m5a2m6ZmiIiwidG5vIjoiMTk5OTExMDIwOCIsInNleCI6IueUtyIsIm5hbWUiOiLliJjogIHluIgiLCJyYW5rIjoi6auY57qn6K6y5biIIiwiaWQiOiI4MzMwODY3OTEyNDExNzA5NDQiLCJleHAiOjE2MTkwMTIzMzIsImVtYWlsIjoiMTk5OTExMDIwOEBxcS5jb20iLCJkaXJlY3Rpb24iOiLnianogZTnvZEiLCJzdGF0dXMiOiLlnKjogYwifQ.ZIvra7YyKZOcm0IIYk4ZlWtK3_E4fFNEchBNU8DYyHw
[2021/04/21-20:50:13] [http-nio-8080-exec-1] [INFO ] [com.example.tgpmsystem.service.impl.LoginServiceImpl] : ----------token is not null-----------
[2021/04/21-20:50:14] [http-nio-8080-exec-1] [INFO ] [com.example.tgpmsystem.service.impl.LoginServiceImpl] : null
[2021/04/21-20:50:14] [http-nio-8080-exec-1] [INFO ] [com.example.tgpmsystem.service.impl.LoginServiceImpl] : ----------解析token-----------
[2021/04/21-20:58:20] [restartedMain] [INFO ] [com.example.tgpmsystem.TgpmsystemApplication] : Starting TgpmsystemApplication using Java 1.8.0_191 on DESKTOP-UD6V6D5 with PID 8184 (E:\Project_IDEA\tgpmsystem\target\classes started by 陈香伶 in E:\Project_IDEA\tgpmsystem)
[2021/04/21-20:58:20] [restartedMain] [INFO ] [com.example.tgpmsystem.TgpmsystemApplication] : No active profile set, falling back to default profiles: default
[2021/04/21-20:58:25] [restartedMain] [INFO ] [com.example.tgpmsystem.TgpmsystemApplication] : Started TgpmsystemApplication in 5.829 seconds (JVM running for 7.547)
[2021/04/21-20:59:00] [http-nio-8080-exec-1] [INFO ] [com.example.tgpmsystem.service.impl.LoginServiceImpl] : judgeTeacher tokenKey ==> 6855c6c8ed9d23f95629e95900dfda93
[2021/04/21-20:59:00] [http-nio-8080-exec-1] [INFO ] [com.example.tgpmsystem.service.impl.LoginServiceImpl] : checkTeaLogin tokenKey ==> 6855c6c8ed9d23f95629e95900dfda93
[2021/04/21-20:59:02] [http-nio-8080-exec-1] [INFO ] [com.example.tgpmsystem.service.impl.LoginServiceImpl] : parseByTokenKey token ==> eyJhbGciOiJIUzI1NiJ9.eyJjb2xsZWdlIjoi6K6h566X5py656eR5a2m5a2m6ZmiIiwidG5vIjoiMTk5OTExMDIwOCIsInNleCI6IueUtyIsIm5hbWUiOiLliJjogIHluIgiLCJyYW5rIjoi6auY57qn6K6y5biIIiwiaWQiOiI4MzMwODY3OTEyNDExNzA5NDQiLCJleHAiOjE2MTkwMTIzMzIsImVtYWlsIjoiMTk5OTExMDIwOEBxcS5jb20iLCJkaXJlY3Rpb24iOiLnianogZTnvZEiLCJzdGF0dXMiOiLlnKjogYwifQ.ZIvra7YyKZOcm0IIYk4ZlWtK3_E4fFNEchBNU8DYyHw
[2021/04/21-20:59:02] [http-nio-8080-exec-1] [INFO ] [com.example.tgpmsystem.service.impl.LoginServiceImpl] : ----------token is not null-----------
[2021/04/21-20:59:03] [http-nio-8080-exec-1] [INFO ] [com.example.tgpmsystem.service.impl.LoginServiceImpl] : null
[2021/04/21-20:59:03] [http-nio-8080-exec-1] [INFO ] [com.example.tgpmsystem.service.impl.LoginServiceImpl] : ----------解析token-----------
[2021/04/21-21:07:22] [restartedMain] [INFO ] [com.example.tgpmsystem.TgpmsystemApplication] : Starting TgpmsystemApplication using Java 1.8.0_191 on DESKTOP-UD6V6D5 with PID 15748 (E:\Project_IDEA\tgpmsystem\target\classes started by 陈香伶 in E:\Project_IDEA\tgpmsystem)
[2021/04/21-21:07:22] [restartedMain] [INFO ] [com.example.tgpmsystem.TgpmsystemApplication] : No active profile set, falling back to default profiles: default
[2021/04/21-21:07:28] [restartedMain] [INFO ] [com.example.tgpmsystem.TgpmsystemApplication] : Started TgpmsystemApplication in 5.817 seconds (JVM running for 7.649)
[2021/04/21-21:07:33] [http-nio-8080-exec-1] [INFO ] [com.example.tgpmsystem.service.impl.LoginServiceImpl] : judgeTeacher tokenKey ==> 6855c6c8ed9d23f95629e95900dfda93
[2021/04/21-21:07:33] [http-nio-8080-exec-1] [INFO ] [com.example.tgpmsystem.service.impl.LoginServiceImpl] : checkTeaLogin tokenKey ==> 6855c6c8ed9d23f95629e95900dfda93
[2021/04/21-21:07:35] [http-nio-8080-exec-1] [INFO ] [com.example.tgpmsystem.service.impl.LoginServiceImpl] : parseByTokenKey token ==> eyJhbGciOiJIUzI1NiJ9.eyJjb2xsZWdlIjoi6K6h566X5py656eR5a2m5a2m6ZmiIiwidG5vIjoiMTk5OTExMDIwOCIsInNleCI6IueUtyIsIm5hbWUiOiLliJjogIHluIgiLCJyYW5rIjoi6auY57qn6K6y5biIIiwiaWQiOiI4MzMwODY3OTEyNDExNzA5NDQiLCJleHAiOjE2MTkwMTIzMzIsImVtYWlsIjoiMTk5OTExMDIwOEBxcS5jb20iLCJkaXJlY3Rpb24iOiLnianogZTnvZEiLCJzdGF0dXMiOiLlnKjogYwifQ.ZIvra7YyKZOcm0IIYk4ZlWtK3_E4fFNEchBNU8DYyHw
[2021/04/21-21:07:35] [http-nio-8080-exec-1] [INFO ] [com.example.tgpmsystem.service.impl.LoginServiceImpl] : ----------token is not null-----------
[2021/04/21-21:07:36] [http-nio-8080-exec-1] [INFO ] [com.example.tgpmsystem.service.impl.LoginServiceImpl] : null
[2021/04/21-21:07:36] [http-nio-8080-exec-1] [INFO ] [com.example.tgpmsystem.service.impl.LoginServiceImpl] : ----------解析token-----------
[2021/04/21-21:07:57] [http-nio-8080-exec-3] [INFO ] [com.example.tgpmsystem.service.impl.LoginServiceImpl] : judgeTeacher tokenKey ==> 6855c6c8ed9d23f95629e95900dfda93
[2021/04/21-21:07:57] [http-nio-8080-exec-3] [INFO ] [com.example.tgpmsystem.service.impl.LoginServiceImpl] : checkTeaLogin tokenKey ==> 6855c6c8ed9d23f95629e95900dfda93
[2021/04/21-21:07:57] [http-nio-8080-exec-3] [INFO ] [com.example.tgpmsystem.service.impl.LoginServiceImpl] : parseByTokenKey token ==> eyJhbGciOiJIUzI1NiJ9.eyJjb2xsZWdlIjoi6K6h566X5py656eR5a2m5a2m6ZmiIiwidG5vIjoiMTk5OTExMDIwOCIsInNleCI6IueUtyIsIm5hbWUiOiLliJjogIHluIgiLCJyYW5rIjoi6auY57qn6K6y5biIIiwiaWQiOiI4MzMwODY3OTEyNDExNzA5NDQiLCJleHAiOjE2MTkwMTIzMzIsImVtYWlsIjoiMTk5OTExMDIwOEBxcS5jb20iLCJkaXJlY3Rpb24iOiLnianogZTnvZEiLCJzdGF0dXMiOiLlnKjogYwifQ.ZIvra7YyKZOcm0IIYk4ZlWtK3_E4fFNEchBNU8DYyHw
[2021/04/21-21:07:57] [http-nio-8080-exec-3] [INFO ] [com.example.tgpmsystem.service.impl.LoginServiceImpl] : ----------token is not null-----------
[2021/04/21-21:07:57] [http-nio-8080-exec-3] [INFO ] [com.example.tgpmsystem.service.impl.LoginServiceImpl] : null
[2021/04/21-21:07:57] [http-nio-8080-exec-3] [INFO ] [com.example.tgpmsystem.service.impl.LoginServiceImpl] : ----------解析token-----------
[2021/04/21-21:09:52] [http-nio-8080-exec-6] [INFO ] [com.example.tgpmsystem.service.impl.LoginServiceImpl] : judgeTeacher tokenKey ==> 6855c6c8ed9d23f95629e95900dfda93
[2021/04/21-21:09:52] [http-nio-8080-exec-6] [INFO ] [com.example.tgpmsystem.service.impl.LoginServiceImpl] : checkTeaLogin tokenKey ==> 6855c6c8ed9d23f95629e95900dfda93
[2021/04/21-21:09:52] [http-nio-8080-exec-6] [INFO ] [com.example.tgpmsystem.service.impl.LoginServiceImpl] : parseByTokenKey token ==> eyJhbGciOiJIUzI1NiJ9.eyJjb2xsZWdlIjoi6K6h566X5py656eR5a2m5a2m6ZmiIiwidG5vIjoiMTk5OTExMDIwOCIsInNleCI6IueUtyIsIm5hbWUiOiLliJjogIHluIgiLCJyYW5rIjoi6auY57qn6K6y5biIIiwiaWQiOiI4MzMwODY3OTEyNDExNzA5NDQiLCJleHAiOjE2MTkwMTIzMzIsImVtYWlsIjoiMTk5OTExMDIwOEBxcS5jb20iLCJkaXJlY3Rpb24iOiLnianogZTnvZEiLCJzdGF0dXMiOiLlnKjogYwifQ.ZIvra7YyKZOcm0IIYk4ZlWtK3_E4fFNEchBNU8DYyHw
[2021/04/21-21:09:52] [http-nio-8080-exec-6] [INFO ] [com.example.tgpmsystem.service.impl.LoginServiceImpl] : ----------token is not null-----------
[2021/04/21-21:09:52] [http-nio-8080-exec-6] [INFO ] [com.example.tgpmsystem.service.impl.LoginServiceImpl] : null
[2021/04/21-21:09:52] [http-nio-8080-exec-6] [INFO ] [com.example.tgpmsystem.service.impl.LoginServiceImpl] : ----------解析token-----------
[2021/04/21-21:10:15] [http-nio-8080-exec-7] [INFO ] [com.example.tgpmsystem.service.impl.LoginServiceImpl] : judgeTeacher tokenKey ==> 6855c6c8ed9d23f95629e95900dfda93
[2021/04/21-21:10:15] [http-nio-8080-exec-7] [INFO ] [com.example.tgpmsystem.service.impl.LoginServiceImpl] : checkTeaLogin tokenKey ==> 6855c6c8ed9d23f95629e95900dfda93
[2021/04/21-21:10:15] [http-nio-8080-exec-7] [INFO ] [com.example.tgpmsystem.service.impl.LoginServiceImpl] : parseByTokenKey token ==> eyJhbGciOiJIUzI1NiJ9.eyJjb2xsZWdlIjoi6K6h566X5py656eR5a2m5a2m6ZmiIiwidG5vIjoiMTk5OTExMDIwOCIsInNleCI6IueUtyIsIm5hbWUiOiLliJjogIHluIgiLCJyYW5rIjoi6auY57qn6K6y5biIIiwiaWQiOiI4MzMwODY3OTEyNDExNzA5NDQiLCJleHAiOjE2MTkwMTIzMzIsImVtYWlsIjoiMTk5OTExMDIwOEBxcS5jb20iLCJkaXJlY3Rpb24iOiLnianogZTnvZEiLCJzdGF0dXMiOiLlnKjogYwifQ.ZIvra7YyKZOcm0IIYk4ZlWtK3_E4fFNEchBNU8DYyHw
[2021/04/21-21:10:15] [http-nio-8080-exec-7] [INFO ] [com.example.tgpmsystem.service.impl.LoginServiceImpl] : ----------token is not null-----------
[2021/04/21-21:10:15] [http-nio-8080-exec-7] [INFO ] [com.example.tgpmsystem.service.impl.LoginServiceImpl] : null
[2021/04/21-21:10:15] [http-nio-8080-exec-7] [INFO ] [com.example.tgpmsystem.service.impl.LoginServiceImpl] : ----------解析token-----------
[2021/04/21-21:10:36] [http-nio-8080-exec-8] [INFO ] [com.example.tgpmsystem.service.impl.LoginServiceImpl] : judgeTeacher tokenKey ==> 6855c6c8ed9d23f95629e95900dfda93
[2021/04/21-21:10:36] [http-nio-8080-exec-8] [INFO ] [com.example.tgpmsystem.service.impl.LoginServiceImpl] : checkTeaLogin tokenKey ==> 6855c6c8ed9d23f95629e95900dfda93
[2021/04/21-21:10:36] [http-nio-8080-exec-8] [INFO ] [com.example.tgpmsystem.service.impl.LoginServiceImpl] : parseByTokenKey token ==> eyJhbGciOiJIUzI1NiJ9.eyJjb2xsZWdlIjoi6K6h566X5py656eR5a2m5a2m6ZmiIiwidG5vIjoiMTk5OTExMDIwOCIsInNleCI6IueUtyIsIm5hbWUiOiLliJjogIHluIgiLCJyYW5rIjoi6auY57qn6K6y5biIIiwiaWQiOiI4MzMwODY3OTEyNDExNzA5NDQiLCJleHAiOjE2MTkwMTIzMzIsImVtYWlsIjoiMTk5OTExMDIwOEBxcS5jb20iLCJkaXJlY3Rpb24iOiLnianogZTnvZEiLCJzdGF0dXMiOiLlnKjogYwifQ.ZIvra7YyKZOcm0IIYk4ZlWtK3_E4fFNEchBNU8DYyHw
[2021/04/21-21:10:36] [http-nio-8080-exec-8] [INFO ] [com.example.tgpmsystem.service.impl.LoginServiceImpl] : ----------token is not null-----------
[2021/04/21-21:10:36] [http-nio-8080-exec-8] [INFO ] [com.example.tgpmsystem.service.impl.LoginServiceImpl] : null
[2021/04/21-21:10:36] [http-nio-8080-exec-8] [INFO ] [com.example.tgpmsystem.service.impl.LoginServiceImpl] : ----------解析token-----------
[2021/04/21-21:31:10] [http-nio-8080-exec-4] [INFO ] [com.example.tgpmsystem.service.impl.LoginServiceImpl] : judgeTeacher tokenKey ==> 67478695ebb242a5dc4d048ac4b4dfb9
[2021/04/21-21:31:10] [http-nio-8080-exec-4] [INFO ] [com.example.tgpmsystem.service.impl.LoginServiceImpl] : checkTeaLogin tokenKey ==> 67478695ebb242a5dc4d048ac4b4dfb9
[2021/04/21-21:31:10] [http-nio-8080-exec-4] [INFO ] [com.example.tgpmsystem.service.impl.LoginServiceImpl] : parseByTokenKey token ==> eyJhbGciOiJIUzI1NiJ9.eyJjb2xsZWdlIjoi6K6h566X5py656eR5a2m5a2m6ZmiIiwidG5vIjoiMTk5OTExMDIwOCIsInNleCI6IueUtyIsIm5hbWUiOiLliJjogIHluIgiLCJyYW5rIjoi6auY57qn6K6y5biIIiwiaWQiOiI4MzMwODY3OTEyNDExNzA5NDQiLCJleHAiOjE2MTkwMTgyMDQsImVtYWlsIjoiMTk5OTExMDIwOEBxcS5jb20iLCJkaXJlY3Rpb24iOiLnianogZTnvZEiLCJzdGF0dXMiOiLlnKjogYwifQ.2frXtAZkO7pyUidvq8dzjjBthzdv32Ufz1eWiJ3x0y8
[2021/04/21-21:31:10] [http-nio-8080-exec-4] [INFO ] [com.example.tgpmsystem.service.impl.LoginServiceImpl] : ----------token is not null-----------
[2021/04/21-21:31:10] [http-nio-8080-exec-4] [INFO ] [com.example.tgpmsystem.service.impl.LoginServiceImpl] : null
[2021/04/21-21:31:10] [http-nio-8080-exec-4] [INFO ] [com.example.tgpmsystem.service.impl.LoginServiceImpl] : ----------解析token-----------
