[2021/04/13-14:38:16] [restartedMain] [INFO ] [com.example.tgpmsystem.TgpmsystemApplication] : Starting TgpmsystemApplication using Java 1.8.0_191 on DESKTOP-UD6V6D5 with PID 11004 (E:\Project_IDEA\tgpmsystem\target\classes started by 陈香伶 in E:\Project_IDEA\tgpmsystem)
[2021/04/13-14:38:16] [restartedMain] [INFO ] [com.example.tgpmsystem.TgpmsystemApplication] : No active profile set, falling back to default profiles: default
[2021/04/13-14:38:26] [restartedMain] [INFO ] [com.example.tgpmsystem.TgpmsystemApplication] : Started TgpmsystemApplication in 10.83 seconds (JVM running for 14.347)
[2021/04/13-18:12:46] [restartedMain] [INFO ] [com.example.tgpmsystem.TgpmsystemApplication] : Starting TgpmsystemApplication using Java 1.8.0_191 on DESKTOP-UD6V6D5 with PID 12972 (E:\Project_IDEA\tgpmsystem\target\classes started by 陈香伶 in E:\Project_IDEA\tgpmsystem)
[2021/04/13-18:12:46] [restartedMain] [INFO ] [com.example.tgpmsystem.TgpmsystemApplication] : No active profile set, falling back to default profiles: default
[2021/04/13-18:12:52] [restartedMain] [INFO ] [com.example.tgpmsystem.TgpmsystemApplication] : Started TgpmsystemApplication in 6.252 seconds (JVM running for 8.482)
[2021/04/13-19:11:48] [restartedMain] [INFO ] [com.example.tgpmsystem.TgpmsystemApplication] : Starting TgpmsystemApplication using Java 1.8.0_191 on DESKTOP-UD6V6D5 with PID 22380 (E:\Project_IDEA\tgpmsystem\target\classes started by 陈香伶 in E:\Project_IDEA\tgpmsystem)
[2021/04/13-19:11:48] [restartedMain] [INFO ] [com.example.tgpmsystem.TgpmsystemApplication] : No active profile set, falling back to default profiles: default
[2021/04/13-19:11:55] [restartedMain] [INFO ] [com.example.tgpmsystem.TgpmsystemApplication] : Started TgpmsystemApplication in 7.511 seconds (JVM running for 9.962)
[2021/04/13-19:25:21] [restartedMain] [INFO ] [com.example.tgpmsystem.TgpmsystemApplication] : Starting TgpmsystemApplication using Java 1.8.0_191 on DESKTOP-UD6V6D5 with PID 1032 (E:\Project_IDEA\tgpmsystem\target\classes started by 陈香伶 in E:\Project_IDEA\tgpmsystem)
[2021/04/13-19:25:21] [restartedMain] [INFO ] [com.example.tgpmsystem.TgpmsystemApplication] : No active profile set, falling back to default profiles: default
[2021/04/13-19:25:27] [restartedMain] [INFO ] [com.example.tgpmsystem.TgpmsystemApplication] : Started TgpmsystemApplication in 6.738 seconds (JVM running for 9.054)
[2021/04/13-19:33:48] [restartedMain] [INFO ] [com.example.tgpmsystem.TgpmsystemApplication] : Starting TgpmsystemApplication using Java 1.8.0_191 on DESKTOP-UD6V6D5 with PID 15488 (E:\Project_IDEA\tgpmsystem\target\classes started by 陈香伶 in E:\Project_IDEA\tgpmsystem)
[2021/04/13-19:33:48] [restartedMain] [INFO ] [com.example.tgpmsystem.TgpmsystemApplication] : No active profile set, falling back to default profiles: default
[2021/04/13-19:33:55] [restartedMain] [INFO ] [com.example.tgpmsystem.TgpmsystemApplication] : Started TgpmsystemApplication in 7.541 seconds (JVM running for 9.865)
[2021/04/13-19:41:39] [restartedMain] [INFO ] [com.example.tgpmsystem.TgpmsystemApplication] : Starting TgpmsystemApplication using Java 1.8.0_191 on DESKTOP-UD6V6D5 with PID 6944 (E:\Project_IDEA\tgpmsystem\target\classes started by 陈香伶 in E:\Project_IDEA\tgpmsystem)
[2021/04/13-19:41:39] [restartedMain] [INFO ] [com.example.tgpmsystem.TgpmsystemApplication] : No active profile set, falling back to default profiles: default
[2021/04/13-19:41:45] [restartedMain] [INFO ] [com.example.tgpmsystem.TgpmsystemApplication] : Started TgpmsystemApplication in 6.59 seconds (JVM running for 8.877)
[2021/04/13-19:57:55] [restartedMain] [INFO ] [com.example.tgpmsystem.TgpmsystemApplication] : Starting TgpmsystemApplication using Java 1.8.0_191 on DESKTOP-UD6V6D5 with PID 18044 (E:\Project_IDEA\tgpmsystem\target\classes started by 陈香伶 in E:\Project_IDEA\tgpmsystem)
[2021/04/13-19:57:55] [restartedMain] [INFO ] [com.example.tgpmsystem.TgpmsystemApplication] : No active profile set, falling back to default profiles: default
[2021/04/13-19:58:01] [restartedMain] [INFO ] [com.example.tgpmsystem.TgpmsystemApplication] : Started TgpmsystemApplication in 6.621 seconds (JVM running for 8.8)
[2021/04/13-20:47:15] [restartedMain] [INFO ] [com.example.tgpmsystem.TgpmsystemApplication] : Starting TgpmsystemApplication using Java 1.8.0_191 on DESKTOP-UD6V6D5 with PID 19084 (E:\Project_IDEA\tgpmsystem\target\classes started by 陈香伶 in E:\Project_IDEA\tgpmsystem)
[2021/04/13-20:47:15] [restartedMain] [INFO ] [com.example.tgpmsystem.TgpmsystemApplication] : No active profile set, falling back to default profiles: default
[2021/04/13-20:47:21] [restartedMain] [INFO ] [com.example.tgpmsystem.TgpmsystemApplication] : Started TgpmsystemApplication in 6.559 seconds (JVM running for 8.887)
[2021/04/13-20:50:17] [http-nio-8080-exec-8] [INFO ] [com.example.tgpmsystem.controller.TestController] : ---------hello world----------
[2021/04/13-20:57:19] [restartedMain] [INFO ] [com.example.tgpmsystem.TgpmsystemApplication] : Starting TgpmsystemApplication using Java 1.8.0_191 on DESKTOP-UD6V6D5 with PID 3044 (E:\Project_IDEA\tgpmsystem\target\classes started by 陈香伶 in E:\Project_IDEA\tgpmsystem)
[2021/04/13-20:57:19] [restartedMain] [INFO ] [com.example.tgpmsystem.TgpmsystemApplication] : No active profile set, falling back to default profiles: default
[2021/04/13-20:57:25] [restartedMain] [INFO ] [com.example.tgpmsystem.TgpmsystemApplication] : Started TgpmsystemApplication in 6.737 seconds (JVM running for 9.061)
[2021/04/13-21:01:34] [http-nio-8080-exec-8] [INFO ] [com.example.tgpmsystem.controller.TestController] : ---------test token----------
[2021/04/13-21:01:34] [http-nio-8080-exec-8] [INFO ] [com.example.tgpmsystem.controller.TestController] : test content == > token测试内容
[2021/04/13-21:03:48] [restartedMain] [INFO ] [com.example.tgpmsystem.TgpmsystemApplication] : Starting TgpmsystemApplication using Java 1.8.0_191 on DESKTOP-UD6V6D5 with PID 15716 (E:\Project_IDEA\tgpmsystem\target\classes started by 陈香伶 in E:\Project_IDEA\tgpmsystem)
[2021/04/13-21:03:48] [restartedMain] [INFO ] [com.example.tgpmsystem.TgpmsystemApplication] : No active profile set, falling back to default profiles: default
[2021/04/13-21:03:54] [restartedMain] [INFO ] [com.example.tgpmsystem.TgpmsystemApplication] : Started TgpmsystemApplication in 6.635 seconds (JVM running for 8.832)
[2021/04/13-21:04:01] [http-nio-8080-exec-1] [INFO ] [com.example.tgpmsystem.controller.TestController] : ---------test token----------
[2021/04/13-21:04:01] [http-nio-8080-exec-1] [INFO ] [com.example.tgpmsystem.controller.TestController] : test content == > token测试内容
[2021/04/13-21:04:01] [http-nio-8080-exec-1] [INFO ] [com.example.tgpmsystem.controller.TestController] : ---------tokenKey is null----------
[2021/04/13-21:06:10] [restartedMain] [INFO ] [com.example.tgpmsystem.TgpmsystemApplication] : Starting TgpmsystemApplication using Java 1.8.0_191 on DESKTOP-UD6V6D5 with PID 23904 (E:\Project_IDEA\tgpmsystem\target\classes started by 陈香伶 in E:\Project_IDEA\tgpmsystem)
[2021/04/13-21:06:10] [restartedMain] [INFO ] [com.example.tgpmsystem.TgpmsystemApplication] : No active profile set, falling back to default profiles: default
[2021/04/13-21:06:16] [restartedMain] [INFO ] [com.example.tgpmsystem.TgpmsystemApplication] : Started TgpmsystemApplication in 6.439 seconds (JVM running for 8.683)
[2021/04/13-21:06:39] [http-nio-8080-exec-2] [INFO ] [com.example.tgpmsystem.controller.TestController] : ---------test token----------
[2021/04/13-21:06:39] [http-nio-8080-exec-2] [INFO ] [com.example.tgpmsystem.controller.TestController] : test content == > token测试内容
[2021/04/13-21:06:43] [http-nio-8080-exec-2] [INFO ] [com.example.tgpmsystem.controller.TestController] : ---------token message----------
[2021/04/13-21:06:43] [http-nio-8080-exec-2] [INFO ] [com.example.tgpmsystem.controller.TestController] : Test{id='831636546397405184', content='token测试内容', stuSno='null', stuName='null', stuSex='null', stuCollege='null', stuProfess='null', stuType='null', stuDirection='null', teaId='null', stuEmail='null', stuId='1252005708@qq.com'}
[2021/04/13-21:12:34] [restartedMain] [INFO ] [com.example.tgpmsystem.TgpmsystemApplication] : Starting TgpmsystemApplication using Java 1.8.0_191 on DESKTOP-UD6V6D5 with PID 20324 (E:\Project_IDEA\tgpmsystem\target\classes started by 陈香伶 in E:\Project_IDEA\tgpmsystem)
[2021/04/13-21:12:34] [restartedMain] [INFO ] [com.example.tgpmsystem.TgpmsystemApplication] : No active profile set, falling back to default profiles: default
[2021/04/13-21:12:40] [restartedMain] [INFO ] [com.example.tgpmsystem.TgpmsystemApplication] : Started TgpmsystemApplication in 6.702 seconds (JVM running for 8.909)
[2021/04/13-21:12:57] [http-nio-8080-exec-1] [INFO ] [com.example.tgpmsystem.controller.TestController] : ---------test token----------
[2021/04/13-21:12:57] [http-nio-8080-exec-1] [INFO ] [com.example.tgpmsystem.controller.TestController] : test content == > token测试内容
[2021/04/13-21:13:02] [http-nio-8080-exec-1] [INFO ] [com.example.tgpmsystem.controller.TestController] : ---------token message----------
[2021/04/13-21:13:02] [http-nio-8080-exec-1] [INFO ] [com.example.tgpmsystem.controller.TestController] : Test{id='831638133140357120', content='token测试内容', stuSno='2017110206', stuName='陈香伶', stuSex='女', stuCollege='计算机科学学院', stuProfess='电子信息', stuType='专业型硕士', stuDirection='不区分方向', teaId='null', stuEmail='1252005708@qq.com', stuId='723132598406086656'}
[2021/04/13-22:20:29] [restartedMain] [INFO ] [com.example.tgpmsystem.TgpmsystemApplication] : Starting TgpmsystemApplication using Java 1.8.0_191 on DESKTOP-UD6V6D5 with PID 21176 (E:\Project_IDEA\tgpmsystem\target\classes started by 陈香伶 in E:\Project_IDEA\tgpmsystem)
[2021/04/13-22:20:29] [restartedMain] [INFO ] [com.example.tgpmsystem.TgpmsystemApplication] : No active profile set, falling back to default profiles: default
[2021/04/13-22:20:35] [restartedMain] [INFO ] [com.example.tgpmsystem.TgpmsystemApplication] : Started TgpmsystemApplication in 6.576 seconds (JVM running for 8.994)
[2021/04/13-22:23:49] [restartedMain] [INFO ] [com.example.tgpmsystem.TgpmsystemApplication] : Starting TgpmsystemApplication using Java 1.8.0_191 on DESKTOP-UD6V6D5 with PID 10880 (E:\Project_IDEA\tgpmsystem\target\classes started by 陈香伶 in E:\Project_IDEA\tgpmsystem)
[2021/04/13-22:23:49] [restartedMain] [INFO ] [com.example.tgpmsystem.TgpmsystemApplication] : No active profile set, falling back to default profiles: default
[2021/04/13-22:23:56] [restartedMain] [INFO ] [com.example.tgpmsystem.TgpmsystemApplication] : Started TgpmsystemApplication in 6.756 seconds (JVM running for 9.019)
[2021/04/13-22:27:20] [restartedMain] [INFO ] [com.example.tgpmsystem.TgpmsystemApplication] : Starting TgpmsystemApplication using Java 1.8.0_191 on DESKTOP-UD6V6D5 with PID 24092 (E:\Project_IDEA\tgpmsystem\target\classes started by 陈香伶 in E:\Project_IDEA\tgpmsystem)
[2021/04/13-22:27:20] [restartedMain] [INFO ] [com.example.tgpmsystem.TgpmsystemApplication] : No active profile set, falling back to default profiles: default
[2021/04/13-22:27:26] [restartedMain] [INFO ] [com.example.tgpmsystem.TgpmsystemApplication] : Started TgpmsystemApplication in 6.755 seconds (JVM running for 9.122)
